06-03-2020 17:00:28.5 [NOTICE] 
[
   {
      "code": "P5FW1CG6ZS9U"
   },
   {
      "code": "ET21M56214S55"
   },
   {
      "code": "RTH39TD1W8MM4"
   },
   {
      "code": "1FG7QHSU8DJDD"
   },
   {
      "code": "PHBTC6ZTVQ359"
   },
   {
      "code": "6HF25JGGJKZEA"
   },
   {
      "code": "12JK327YD3792"
   },
   {
      "code": "GZ99Q8462A938"
   },
   {
      "code": "JDABQ9VMVQ7KC"
   },
   {
      "code": "TPEKYC9RQP3B6"
   },
   {
      "code": "5XRMG2UE47QJ6"
   },
   {
      "code": "SFZJEBU9FKCJE"
   },
   {
      "code": "3H61Y25KUDMAA"
   },
   {
      "code": "EGKQDC3J98BB4"
   },
   {
      "code": "FA794GP2RTUJ2"
   },
   {
      "code": "ZVVCD1S9A8TG4"
   },
   {
      "code": "S5SKY9Z8S63ZA"
   },
   {
      "code": "U3F9GCPFPSDWA"
   },
   {
      "code": "S7S2RBB3RKQB7"
   },
   {
      "code": "HQKDYMTF7QUMF"
   },
   {
      "code": "13G7UMP6CSR78"
   },
   {
      "code": "GEW6C92ZZ7QUF"
   },
   {
      "code": "VN5W784KVU3R9"
   },
   {
      "code": "4F2HQ7NZ8CXBA"
   },
   {
      "code": "NC3XTWEZ1A6WD"
   },
   {
      "code": "FBTH1ZXSJGSX5"
   },
   {
      "code": "11B2FZMEMJS7D"
   },
   {
      "code": "S991RJ92DAP74"
   },
   {
      "code": "QQ3ZE79UGH7AG"
   },
   {
      "code": "B8M7AUUNTZJ4"
   },
   {
      "code": "KCEH6K5UEYWCD"
   },
   {
      "code": "VFGN91XS8P7Y3"
   },
   {
      "code": "7EME5Y83F7F76"
   },
   {
      "code": "JN9WWA3CW2G9G"
   },
   {
      "code": "2QXX3VY1GTMEE"
   },
   {
      "code": "1WFZZQE3DXZJG"
   },
   {
      "code": "UMEWPF1X9UXVC"
   },
   {
      "code": "2AK9X383KTYB8"
   },
   {
      "code": "E2BTQC3VXJEM9"
   },
   {
      "code": "8ACTUA3VC2KJ"
   },
   {
      "code": "SN4P6547KHP8F"
   },
   {
      "code": "JUDHXGPZETM53"
   },
   {
      "code": "9H64MHWTRN266"
   },
   {
      "code": "BBNK1ZPQKASC9"
   },
   {
      "code": "PPPJBUCDX1ECG"
   },
   {
      "code": "JUAX12R8UA1HB"
   },
   {
      "code": "F6QT692NKNCWF"
   },
   {
      "code": "YF4B4FXF7XUT6"
   },
   {
      "code": "Y8NBRJPA84YS5"
   },
   {
      "code": "6WP67QX97D1V9"
   },
   {
      "code": "9WTZQ8QWNYX12"
   },
   {
      "code": "GZ3YDK6NPPTN2"
   },
   {
      "code": "139T8JWNCP496"
   },
   {
      "code": "PVPFDYNF5BNK2"
   },
   {
      "code": "5Z4BHDBTT4YA4"
   },
   {
      "code": "ZF6BVH22BAFW3"
   },
   {
      "code": "2NGE7FBVKJJA2"
   },
   {
      "code": "S1HP45A9DB3FC"
   },
   {
      "code": "QDR7Z4Y6T42NE"
   },
   {
      "code": "S2PP2T25S2KXB"
   },
   {
      "code": "FZ5GFDBDGTQ5A"
   },
   {
      "code": "DMWZPT4GHT8R9"
   },
   {
      "code": "RXACR4QU768JG"
   },
   {
      "code": "MZBHV59Y3179E"
   },
   {
      "code": "C7716N4WWW5ED"
   },
   {
      "code": "K4HA3WQ2S8CS"
   },
   {
      "code": "RW224XPUJUUJ4"
   },
   {
      "code": "YRZPY5J7KUCC8"
   },
   {
      "code": "XH586UQEXAUJ9"
   },
   {
      "code": "36AJAAM1YWBUB"
   },
   {
      "code": "PT7299HTRG242"
   },
   {
      "code": "ZFQF8YV2XB379"
   },
   {
      "code": "NFR8EM7CFABV2"
   },
   {
      "code": "TSM9P54U6NNGG"
   },
   {
      "code": "44RP8G216EDHB"
   },
   {
      "code": "N5CPJASJM7QT9"
   },
   {
      "code": "2VG3CT1RHR3QC"
   },
   {
      "code": "4NVCXEB77KK73"
   },
   {
      "code": "MXGGRSZDNHNN3"
   },
   {
      "code": "C4456Q1VAHWFE"
   },
   {
      "code": "JAHRNMETNGCS5"
   },
   {
      "code": "9UGQZYSD9ZQ8"
   },
   {
      "code": "FZBAAZE8BZG4A"
   },
   {
      "code": "JU8KW1XAFN14A"
   },
   {
      "code": "4ABESTUET3CK3"
   },
   {
      "code": "X9Q6R4DVJW5T3"
   },
   {
      "code": "46R3U8PR6V9N"
   },
   {
      "code": "HN5TBJ86QWF62"
   },
   {
      "code": "6DQZS9F8PGP77"
   },
   {
      "code": "E34FFXZAVQSBA"
   },
   {
      "code": "NMWFD3HE73HG9"
   },
   {
      "code": "7WMC9BZD174DA"
   },
   {
      "code": "5SU815KU2B6PB"
   },
   {
      "code": "BHC7RUPAS8CVE"
   },
   {
      "code": "HRGSS9TGJCQC9"
   },
   {
      "code": "C26KQK16NTVY9"
   },
   {
      "code": "VFHDCVDRD8PVA"
   },
   {
      "code": "NVE9M9TZAQCZ6"
   },
   {
      "code": "XJJWCQP8Z1NY"
   },
   {
      "code": "K47AECJG6SB3B"
   },
   {
      "code": "FDDSHQ789DJS2"
   },
   {
      "code": "7VC3KXMBY6DUE"
   },
   {
      "code": "VM44KDWCRZ7Z5"
   },
   {
      "code": "VY9TTU2HZK4XC"
   },
   {
      "code": "N4SKJMX9HS532"
   },
   {
      "code": "JMTK91M7AQK1C"
   },
   {
      "code": "3CYH6FQHRRZVE"
   },
   {
      "code": "RCUZA3WECSZ74"
   },
   {
      "code": "AKAJXUWNHXQRB"
   },
   {
      "code": "4QCTTKCB2AWU4"
   },
   {
      "code": "HVA2KF8Q5TKU5"
   },
   {
      "code": "E6BTGZ1Y121Z8"
   },
   {
      "code": "T1DVR1SPUG7Y"
   },
   {
      "code": "QW6HD633B9R55"
   },
   {
      "code": "MECUKQT49TAFG"
   },
   {
      "code": "FTDXCYUAUK4RD"
   },
   {
      "code": "413N5P7P3SXFB"
   },
   {
      "code": "42FESSCK222Z9"
   },
   {
      "code": "B8VZ6C78Y1QNA"
   },
   {
      "code": "2DA6W2DV5FBXF"
   },
   {
      "code": "MUUHADU9TZUN3"
   },
   {
      "code": "74SEBSX3J8VYA"
   },
   {
      "code": "SX4EDDG2SDBDC"
   },
   {
      "code": "94XGJZ58Z7MZD"
   },
   {
      "code": "ZUSA7SP4CXXK"
   },
   {
      "code": "CS6HVX2FTHET"
   },
   {
      "code": "PTPVD5QESW97D"
   },
   {
      "code": "Q16UYVKEAPPWE"
   }
]
06-03-2020 17:00:29.3 [NOTICE] page-1.svg
06-03-2020 17:00:29.4 [DEBUG] inkscape out/svg/page-1.svg --export-dpi=300 --export-png=out/png/page-1.png
06-03-2020 17:00:29.6 [NOTICE] success
06-03-2020 17:00:29.7 [NOTICE] page-2.svg
06-03-2020 17:00:29.8 [DEBUG] inkscape out/svg/page-2.svg --export-dpi=300 --export-png=out/png/page-2.png
06-03-2020 17:00:29.9 [NOTICE] success
06-03-2020 17:00:30.2 [NOTICE] page-3.svg
06-03-2020 17:00:30.3 [DEBUG] inkscape out/svg/page-3.svg --export-dpi=300 --export-png=out/png/page-3.png
06-03-2020 17:00:30.4 [NOTICE] success
06-03-2020 17:00:30.8 [NOTICE] page-4.svg
06-03-2020 17:00:30.8 [DEBUG] inkscape out/svg/page-4.svg --export-dpi=300 --export-png=out/png/page-4.png
06-03-2020 17:00:30.9 [NOTICE] success
06-03-2020 17:00:31.3 [NOTICE] page-5.svg
06-03-2020 17:00:31.7 [DEBUG] inkscape out/svg/page-5.svg --export-dpi=300 --export-png=out/png/page-5.png
06-03-2020 17:00:32.0 [NOTICE] page-6.svg
06-03-2020 17:00:32.2 [DEBUG] inkscape out/svg/page-6.svg --export-dpi=300 --export-png=out/png/page-6.png
06-03-2020 17:00:32.6 [NOTICE] page-7.svg
06-03-2020 17:00:32.6 [DEBUG] inkscape out/svg/page-7.svg --export-dpi=300 --export-png=out/png/page-7.png
06-03-2020 17:00:32.7 [NOTICE] success
06-03-2020 17:00:32.8 [NOTICE] success
06-03-2020 17:00:32.9 [NOTICE] success
06-03-2020 17:00:33.2 [NOTICE] page-8.svg
06-03-2020 17:00:33.7 [DEBUG] inkscape out/svg/page-8.svg --export-dpi=300 --export-png=out/png/page-8.png
06-03-2020 17:00:34.7 [NOTICE] page-9.svg
06-03-2020 17:00:35.2 [DEBUG] inkscape out/svg/page-9.svg --export-dpi=300 --export-png=out/png/page-9.png
06-03-2020 17:00:36.3 [NOTICE] page-10.svg
06-03-2020 17:00:37.0 [DEBUG] inkscape out/svg/page-10.svg --export-dpi=300 --export-png=out/png/page-10.png
06-03-2020 17:00:37.9 [NOTICE] page-11.svg
06-03-2020 17:00:38.2 [DEBUG] inkscape out/svg/page-11.svg --export-dpi=300 --export-png=out/png/page-11.png
06-03-2020 17:00:38.6 [NOTICE] success
06-03-2020 17:00:39.6 [NOTICE] page-12.svg
06-03-2020 17:00:40.3 [DEBUG] inkscape out/svg/page-12.svg --export-dpi=300 --export-png=out/png/page-12.png
06-03-2020 17:00:42.0 [NOTICE] success
06-03-2020 17:00:43.6 [NOTICE] page-13.svg
06-03-2020 17:00:46.1 [DEBUG] inkscape out/svg/page-13.svg --export-dpi=300 --export-png=out/png/page-13.png
06-03-2020 17:00:47.9 [NOTICE] success
06-03-2020 17:00:49.1 [NOTICE] success
06-03-2020 17:00:50.7 [NOTICE] page-14.svg
06-03-2020 17:00:53.3 [DEBUG] inkscape out/svg/page-14.svg --export-dpi=300 --export-png=out/png/page-14.png
06-03-2020 17:00:54.5 [NOTICE] success
06-03-2020 17:00:55.4 [NOTICE] page-15.svg
06-03-2020 17:00:56.0 [DEBUG] inkscape out/svg/page-15.svg --export-dpi=300 --export-png=out/png/page-15.png
06-03-2020 17:00:57.1 [NOTICE] success
06-03-2020 17:00:58.6 [NOTICE] page-16.svg
06-03-2020 17:00:59.3 [DEBUG] inkscape out/svg/page-16.svg --export-dpi=300 --export-png=out/png/page-16.png
06-03-2020 17:01:00.3 [NOTICE] success
06-03-2020 17:01:02.4 [NOTICE] success
06-03-2020 17:01:03.0 [NOTICE] success
06-03-2020 17:01:22.8 [DEBUG] stderr: DPI: 300
Background RRGGBBAA: ffffff00
Area 0:0:1122,52:793,701 exported to 3508 x 2480 pixels (300 dpi)
Bitmap saved as: out/png/page-2.png

06-03-2020 17:01:23.1 [DEBUG] stderr: DPI: 300
Background RRGGBBAA: ffffff00
Area 0:0:1122,52:793,701 exported to 3508 x 2480 pixels (300 dpi)
Bitmap saved as: out/png/page-4.png

06-03-2020 17:01:25.0 [DEBUG] stderr: DPI: 300
Background RRGGBBAA: ffffff00
Area 0:0:1122,52:793,701 exported to 3508 x 2480 pixels (300 dpi)
Bitmap saved as: out/png/page-5.png

06-03-2020 17:01:25.1 [DEBUG] stderr: DPI: 300
Background RRGGBBAA: ffffff00
Area 0:0:1122,52:793,701 exported to 3508 x 2480 pixels (300 dpi)
Bitmap saved as: out/png/page-6.png

06-03-2020 17:01:25.5 [DEBUG] stderr: DPI: 300
Background RRGGBBAA: ffffff00
Area 0:0:1122,52:793,701 exported to 3508 x 2480 pixels (300 dpi)
Bitmap saved as: out/png/page-1.png

06-03-2020 17:01:26.0 [DEBUG] stderr: DPI: 300
Background RRGGBBAA: ffffff00
Area 0:0:1122,52:793,701 exported to 3508 x 2480 pixels (300 dpi)
Bitmap saved as: out/png/page-3.png

06-03-2020 17:01:26.8 [DEBUG] stderr: DPI: 300
Background RRGGBBAA: ffffff00
Area 0:0:1122,52:793,701 exported to 3508 x 2480 pixels (300 dpi)
Bitmap saved as: out/png/page-7.png

06-03-2020 17:01:29.2 [DEBUG] stderr: DPI: 300
Background RRGGBBAA: ffffff00
Area 0:0:1122,52:793,701 exported to 3508 x 2480 pixels (300 dpi)
Bitmap saved as: out/png/page-9.png

06-03-2020 17:01:29.6 [DEBUG] stderr: DPI: 300
Background RRGGBBAA: ffffff00
Area 0:0:1122,52:793,701 exported to 3508 x 2480 pixels (300 dpi)
Bitmap saved as: out/png/page-10.png

06-03-2020 17:01:30.3 [DEBUG] stderr: DPI: 300
Background RRGGBBAA: ffffff00
Area 0:0:1122,52:793,701 exported to 3508 x 2480 pixels (300 dpi)
Bitmap saved as: out/png/page-8.png

06-03-2020 17:01:30.4 [DEBUG] stderr: DPI: 300
Background RRGGBBAA: ffffff00
Area 0:0:1122,52:793,701 exported to 3508 x 2480 pixels (300 dpi)
Bitmap saved as: out/png/page-13.png

06-03-2020 17:01:30.6 [DEBUG] stderr: DPI: 300
Background RRGGBBAA: ffffff00
Area 0:0:1122,52:793,701 exported to 3508 x 2480 pixels (300 dpi)
Bitmap saved as: out/png/page-11.png

06-03-2020 17:01:30.9 [DEBUG] stderr: DPI: 300
Background RRGGBBAA: ffffff00
Area 0:0:1122,52:793,701 exported to 3508 x 2480 pixels (300 dpi)
Bitmap saved as: out/png/page-12.png

06-03-2020 17:01:31.9 [DEBUG] stderr: DPI: 300
Background RRGGBBAA: ffffff00
Area 0:0:1122,52:793,701 exported to 3508 x 2480 pixels (300 dpi)
Bitmap saved as: out/png/page-14.png

06-03-2020 17:01:32.3 [DEBUG] stderr: DPI: 300
Background RRGGBBAA: ffffff00
Area 0:0:1122,52:793,701 exported to 3508 x 2480 pixels (300 dpi)
Bitmap saved as: out/png/page-15.png

06-03-2020 17:01:32.4 [DEBUG] stderr: DPI: 300
Background RRGGBBAA: ffffff00
Area 0:0:1122,52:793,701 exported to 3508 x 2480 pixels (300 dpi)
Bitmap saved as: out/png/page-16.png

06-03-2020 17:02:33.9 [NOTICE] 
[
   {
      "code": "P5FW1CG6ZS9U"
   },
   {
      "code": "ET21M56214S55"
   },
   {
      "code": "RTH39TD1W8MM4"
   },
   {
      "code": "1FG7QHSU8DJDD"
   },
   {
      "code": "PHBTC6ZTVQ359"
   },
   {
      "code": "6HF25JGGJKZEA"
   },
   {
      "code": "12JK327YD3792"
   },
   {
      "code": "GZ99Q8462A938"
   },
   {
      "code": "JDABQ9VMVQ7KC"
   },
   {
      "code": "TPEKYC9RQP3B6"
   },
   {
      "code": "5XRMG2UE47QJ6"
   },
   {
      "code": "SFZJEBU9FKCJE"
   },
   {
      "code": "3H61Y25KUDMAA"
   },
   {
      "code": "EGKQDC3J98BB4"
   },
   {
      "code": "FA794GP2RTUJ2"
   },
   {
      "code": "ZVVCD1S9A8TG4"
   },
   {
      "code": "S5SKY9Z8S63ZA"
   },
   {
      "code": "U3F9GCPFPSDWA"
   },
   {
      "code": "S7S2RBB3RKQB7"
   },
   {
      "code": "HQKDYMTF7QUMF"
   },
   {
      "code": "13G7UMP6CSR78"
   },
   {
      "code": "GEW6C92ZZ7QUF"
   },
   {
      "code": "VN5W784KVU3R9"
   },
   {
      "code": "4F2HQ7NZ8CXBA"
   },
   {
      "code": "NC3XTWEZ1A6WD"
   },
   {
      "code": "FBTH1ZXSJGSX5"
   },
   {
      "code": "11B2FZMEMJS7D"
   },
   {
      "code": "S991RJ92DAP74"
   },
   {
      "code": "QQ3ZE79UGH7AG"
   },
   {
      "code": "B8M7AUUNTZJ4"
   },
   {
      "code": "KCEH6K5UEYWCD"
   },
   {
      "code": "VFGN91XS8P7Y3"
   },
   {
      "code": "7EME5Y83F7F76"
   },
   {
      "code": "JN9WWA3CW2G9G"
   },
   {
      "code": "2QXX3VY1GTMEE"
   },
   {
      "code": "1WFZZQE3DXZJG"
   },
   {
      "code": "UMEWPF1X9UXVC"
   },
   {
      "code": "2AK9X383KTYB8"
   },
   {
      "code": "E2BTQC3VXJEM9"
   },
   {
      "code": "8ACTUA3VC2KJ"
   },
   {
      "code": "SN4P6547KHP8F"
   },
   {
      "code": "JUDHXGPZETM53"
   },
   {
      "code": "9H64MHWTRN266"
   },
   {
      "code": "BBNK1ZPQKASC9"
   },
   {
      "code": "PPPJBUCDX1ECG"
   },
   {
      "code": "JUAX12R8UA1HB"
   },
   {
      "code": "F6QT692NKNCWF"
   },
   {
      "code": "YF4B4FXF7XUT6"
   },
   {
      "code": "Y8NBRJPA84YS5"
   },
   {
      "code": "6WP67QX97D1V9"
   },
   {
      "code": "9WTZQ8QWNYX12"
   },
   {
      "code": "GZ3YDK6NPPTN2"
   },
   {
      "code": "139T8JWNCP496"
   },
   {
      "code": "PVPFDYNF5BNK2"
   },
   {
      "code": "5Z4BHDBTT4YA4"
   },
   {
      "code": "ZF6BVH22BAFW3"
   },
   {
      "code": "2NGE7FBVKJJA2"
   },
   {
      "code": "S1HP45A9DB3FC"
   },
   {
      "code": "QDR7Z4Y6T42NE"
   },
   {
      "code": "S2PP2T25S2KXB"
   },
   {
      "code": "FZ5GFDBDGTQ5A"
   },
   {
      "code": "DMWZPT4GHT8R9"
   },
   {
      "code": "RXACR4QU768JG"
   },
   {
      "code": "MZBHV59Y3179E"
   },
   {
      "code": "C7716N4WWW5ED"
   },
   {
      "code": "K4HA3WQ2S8CS"
   },
   {
      "code": "RW224XPUJUUJ4"
   },
   {
      "code": "YRZPY5J7KUCC8"
   },
   {
      "code": "XH586UQEXAUJ9"
   },
   {
      "code": "36AJAAM1YWBUB"
   },
   {
      "code": "PT7299HTRG242"
   },
   {
      "code": "ZFQF8YV2XB379"
   },
   {
      "code": "NFR8EM7CFABV2"
   },
   {
      "code": "TSM9P54U6NNGG"
   },
   {
      "code": "44RP8G216EDHB"
   },
   {
      "code": "N5CPJASJM7QT9"
   },
   {
      "code": "2VG3CT1RHR3QC"
   },
   {
      "code": "4NVCXEB77KK73"
   },
   {
      "code": "MXGGRSZDNHNN3"
   },
   {
      "code": "C4456Q1VAHWFE"
   },
   {
      "code": "JAHRNMETNGCS5"
   },
   {
      "code": "9UGQZYSD9ZQ8"
   },
   {
      "code": "FZBAAZE8BZG4A"
   },
   {
      "code": "JU8KW1XAFN14A"
   },
   {
      "code": "4ABESTUET3CK3"
   },
   {
      "code": "X9Q6R4DVJW5T3"
   },
   {
      "code": "46R3U8PR6V9N"
   },
   {
      "code": "HN5TBJ86QWF62"
   },
   {
      "code": "6DQZS9F8PGP77"
   },
   {
      "code": "E34FFXZAVQSBA"
   },
   {
      "code": "NMWFD3HE73HG9"
   },
   {
      "code": "7WMC9BZD174DA"
   },
   {
      "code": "5SU815KU2B6PB"
   },
   {
      "code": "BHC7RUPAS8CVE"
   },
   {
      "code": "HRGSS9TGJCQC9"
   },
   {
      "code": "C26KQK16NTVY9"
   },
   {
      "code": "VFHDCVDRD8PVA"
   },
   {
      "code": "NVE9M9TZAQCZ6"
   },
   {
      "code": "XJJWCQP8Z1NY"
   },
   {
      "code": "K47AECJG6SB3B"
   },
   {
      "code": "FDDSHQ789DJS2"
   },
   {
      "code": "7VC3KXMBY6DUE"
   },
   {
      "code": "VM44KDWCRZ7Z5"
   },
   {
      "code": "VY9TTU2HZK4XC"
   },
   {
      "code": "N4SKJMX9HS532"
   },
   {
      "code": "JMTK91M7AQK1C"
   },
   {
      "code": "3CYH6FQHRRZVE"
   },
   {
      "code": "RCUZA3WECSZ74"
   },
   {
      "code": "AKAJXUWNHXQRB"
   },
   {
      "code": "4QCTTKCB2AWU4"
   },
   {
      "code": "HVA2KF8Q5TKU5"
   },
   {
      "code": "E6BTGZ1Y121Z8"
   },
   {
      "code": "T1DVR1SPUG7Y"
   },
   {
      "code": "QW6HD633B9R55"
   },
   {
      "code": "MECUKQT49TAFG"
   },
   {
      "code": "FTDXCYUAUK4RD"
   },
   {
      "code": "413N5P7P3SXFB"
   },
   {
      "code": "42FESSCK222Z9"
   },
   {
      "code": "B8VZ6C78Y1QNA"
   },
   {
      "code": "2DA6W2DV5FBXF"
   },
   {
      "code": "MUUHADU9TZUN3"
   },
   {
      "code": "74SEBSX3J8VYA"
   },
   {
      "code": "SX4EDDG2SDBDC"
   },
   {
      "code": "94XGJZ58Z7MZD"
   },
   {
      "code": "ZUSA7SP4CXXK"
   },
   {
      "code": "CS6HVX2FTHET"
   },
   {
      "code": "PTPVD5QESW97D"
   },
   {
      "code": "Q16UYVKEAPPWE"
   }
]
06-03-2020 17:02:34.7 [NOTICE] page-1.svg
06-03-2020 17:02:34.8 [DEBUG] inkscape out/svg/page-1.svg --export-dpi=300 --export-png=out/png/page-1.png
06-03-2020 17:02:35.1 [NOTICE] page-2.svg
06-03-2020 17:02:35.2 [DEBUG] inkscape out/svg/page-2.svg --export-dpi=300 --export-png=out/png/page-2.png
06-03-2020 17:02:35.3 [NOTICE] success
06-03-2020 17:02:35.3 [NOTICE] success
06-03-2020 17:02:35.6 [NOTICE] page-3.svg
06-03-2020 17:02:35.7 [DEBUG] inkscape out/svg/page-3.svg --export-dpi=300 --export-png=out/png/page-3.png
06-03-2020 17:02:35.9 [NOTICE] success
06-03-2020 17:02:36.2 [NOTICE] page-4.svg
06-03-2020 17:02:36.4 [DEBUG] inkscape out/svg/page-4.svg --export-dpi=300 --export-png=out/png/page-4.png
06-03-2020 17:02:36.8 [NOTICE] page-5.svg
06-03-2020 17:02:37.2 [DEBUG] inkscape out/svg/page-5.svg --export-dpi=300 --export-png=out/png/page-5.png
06-03-2020 17:02:37.7 [NOTICE] page-6.svg
06-03-2020 17:02:38.6 [DEBUG] inkscape out/svg/page-6.svg --export-dpi=300 --export-png=out/png/page-6.png
06-03-2020 17:02:39.0 [NOTICE] success
06-03-2020 17:02:39.4 [NOTICE] page-7.svg
06-03-2020 17:02:39.5 [DEBUG] inkscape out/svg/page-7.svg --export-dpi=300 --export-png=out/png/page-7.png
06-03-2020 17:02:40.2 [NOTICE] success
06-03-2020 17:02:41.0 [NOTICE] page-8.svg
06-03-2020 17:02:41.4 [DEBUG] inkscape out/svg/page-8.svg --export-dpi=300 --export-png=out/png/page-8.png
06-03-2020 17:02:42.2 [NOTICE] success
06-03-2020 17:02:42.6 [NOTICE] page-9.svg
06-03-2020 17:02:44.4 [DEBUG] inkscape out/svg/page-9.svg --export-dpi=300 --export-png=out/png/page-9.png
06-03-2020 17:02:45.0 [NOTICE] success
06-03-2020 17:02:45.3 [NOTICE] page-10.svg
06-03-2020 17:02:46.1 [DEBUG] inkscape out/svg/page-10.svg --export-dpi=300 --export-png=out/png/page-10.png
06-03-2020 17:02:46.9 [NOTICE] success
06-03-2020 17:02:47.9 [NOTICE] page-11.svg
06-03-2020 17:02:48.7 [DEBUG] inkscape out/svg/page-11.svg --export-dpi=300 --export-png=out/png/page-11.png
06-03-2020 17:02:49.7 [NOTICE] success
06-03-2020 17:02:50.5 [NOTICE] page-12.svg
06-03-2020 17:02:50.9 [DEBUG] inkscape out/svg/page-12.svg --export-dpi=300 --export-png=out/png/page-12.png
06-03-2020 17:02:53.3 [NOTICE] success
06-03-2020 17:02:54.2 [NOTICE] page-13.svg
06-03-2020 17:02:54.9 [DEBUG] inkscape out/svg/page-13.svg --export-dpi=300 --export-png=out/png/page-13.png
06-03-2020 17:02:55.9 [NOTICE] success
06-03-2020 17:02:57.0 [NOTICE] page-14.svg
06-03-2020 17:02:57.6 [DEBUG] inkscape out/svg/page-14.svg --export-dpi=300 --export-png=out/png/page-14.png
06-03-2020 17:02:59.1 [NOTICE] success
06-03-2020 17:03:00.0 [NOTICE] page-15.svg
06-03-2020 17:03:01.0 [DEBUG] inkscape out/svg/page-15.svg --export-dpi=300 --export-png=out/png/page-15.png
06-03-2020 17:03:02.1 [NOTICE] success
06-03-2020 17:03:03.9 [NOTICE] page-16.svg
06-03-2020 17:03:04.8 [DEBUG] inkscape out/svg/page-16.svg --export-dpi=300 --export-png=out/png/page-16.png
06-03-2020 17:03:06.1 [NOTICE] success
06-03-2020 17:03:07.2 [NOTICE] success
06-03-2020 17:03:08.0 [DEBUG] stderr: DPI: 300
Background RRGGBBAA: ffffff00
Area 0:0:1122,52:793,701 exported to 3508 x 2480 pixels (300 dpi)
Bitmap saved as: out/png/page-1.png

06-03-2020 17:03:15.5 [DEBUG] stderr: DPI: 300
Background RRGGBBAA: ffffff00
Area 0:0:1122,52:793,701 exported to 3508 x 2480 pixels (300 dpi)
Bitmap saved as: out/png/page-2.png

06-03-2020 17:03:16.4 [NOTICE] success
06-03-2020 17:03:17.1 [DEBUG] stderr: DPI: 300
Background RRGGBBAA: ffffff00
Area 0:0:1122,52:793,701 exported to 3508 x 2480 pixels (300 dpi)
Bitmap saved as: out/png/page-3.png

06-03-2020 17:03:17.7 [DEBUG] stderr: DPI: 300
Background RRGGBBAA: ffffff00
Area 0:0:1122,52:793,701 exported to 3508 x 2480 pixels (300 dpi)
Bitmap saved as: out/png/page-4.png

06-03-2020 17:03:18.9 [DEBUG] stderr: DPI: 300
Background RRGGBBAA: ffffff00
Area 0:0:1122,52:793,701 exported to 3508 x 2480 pixels (300 dpi)
Bitmap saved as: out/png/page-8.png

06-03-2020 17:03:19.3 [DEBUG] stderr: DPI: 300
Background RRGGBBAA: ffffff00
Area 0:0:1122,52:793,701 exported to 3508 x 2480 pixels (300 dpi)
Bitmap saved as: out/png/page-7.png

06-03-2020 17:03:19.5 [DEBUG] stderr: DPI: 300
Background RRGGBBAA: ffffff00
Area 0:0:1122,52:793,701 exported to 3508 x 2480 pixels (300 dpi)
Bitmap saved as: out/png/page-5.png

06-03-2020 17:03:20.1 [DEBUG] stderr: DPI: 300
Background RRGGBBAA: ffffff00
Area 0:0:1122,52:793,701 exported to 3508 x 2480 pixels (300 dpi)
Bitmap saved as: out/png/page-6.png

06-03-2020 17:03:20.7 [DEBUG] stderr: DPI: 300
Background RRGGBBAA: ffffff00
Area 0:0:1122,52:793,701 exported to 3508 x 2480 pixels (300 dpi)
Bitmap saved as: out/png/page-10.png

06-03-2020 17:03:21.1 [DEBUG] stderr: DPI: 300
Background RRGGBBAA: ffffff00
Area 0:0:1122,52:793,701 exported to 3508 x 2480 pixels (300 dpi)
Bitmap saved as: out/png/page-9.png

06-03-2020 17:03:21.5 [DEBUG] stderr: DPI: 300
Background RRGGBBAA: ffffff00
Area 0:0:1122,52:793,701 exported to 3508 x 2480 pixels (300 dpi)
Bitmap saved as: out/png/page-11.png

06-03-2020 17:03:24.3 [DEBUG] stderr: DPI: 300
Background RRGGBBAA: ffffff00
Area 0:0:1122,52:793,701 exported to 3508 x 2480 pixels (300 dpi)
Bitmap saved as: out/png/page-13.png

06-03-2020 17:03:24.6 [DEBUG] stderr: DPI: 300
Background RRGGBBAA: ffffff00
Area 0:0:1122,52:793,701 exported to 3508 x 2480 pixels (300 dpi)
Bitmap saved as: out/png/page-12.png

06-03-2020 17:03:26.6 [DEBUG] stderr: DPI: 300
Background RRGGBBAA: ffffff00
Area 0:0:1122,52:793,701 exported to 3508 x 2480 pixels (300 dpi)
Bitmap saved as: out/png/page-14.png

06-03-2020 17:03:31.9 [DEBUG] stderr: DPI: 300
Background RRGGBBAA: ffffff00
Area 0:0:1122,52:793,701 exported to 3508 x 2480 pixels (300 dpi)
Bitmap saved as: out/png/page-16.png

06-03-2020 17:03:32.4 [DEBUG] stderr: DPI: 300
Background RRGGBBAA: ffffff00
Area 0:0:1122,52:793,701 exported to 3508 x 2480 pixels (300 dpi)
Bitmap saved as: out/png/page-15.png

06-03-2020 17:06:02.0 [NOTICE] 
[
   {
      "code": "P5FW1CG6ZS9U"
   },
   {
      "code": "ET21M56214S55"
   },
   {
      "code": "RTH39TD1W8MM4"
   },
   {
      "code": "1FG7QHSU8DJDD"
   },
   {
      "code": "PHBTC6ZTVQ359"
   },
   {
      "code": "6HF25JGGJKZEA"
   },
   {
      "code": "12JK327YD3792"
   },
   {
      "code": "GZ99Q8462A938"
   },
   {
      "code": "JDABQ9VMVQ7KC"
   },
   {
      "code": "TPEKYC9RQP3B6"
   },
   {
      "code": "5XRMG2UE47QJ6"
   },
   {
      "code": "SFZJEBU9FKCJE"
   },
   {
      "code": "3H61Y25KUDMAA"
   },
   {
      "code": "EGKQDC3J98BB4"
   },
   {
      "code": "FA794GP2RTUJ2"
   },
   {
      "code": "ZVVCD1S9A8TG4"
   },
   {
      "code": "S5SKY9Z8S63ZA"
   },
   {
      "code": "U3F9GCPFPSDWA"
   },
   {
      "code": "S7S2RBB3RKQB7"
   },
   {
      "code": "HQKDYMTF7QUMF"
   },
   {
      "code": "13G7UMP6CSR78"
   },
   {
      "code": "GEW6C92ZZ7QUF"
   },
   {
      "code": "VN5W784KVU3R9"
   },
   {
      "code": "4F2HQ7NZ8CXBA"
   },
   {
      "code": "NC3XTWEZ1A6WD"
   },
   {
      "code": "FBTH1ZXSJGSX5"
   },
   {
      "code": "11B2FZMEMJS7D"
   },
   {
      "code": "S991RJ92DAP74"
   },
   {
      "code": "QQ3ZE79UGH7AG"
   },
   {
      "code": "B8M7AUUNTZJ4"
   },
   {
      "code": "KCEH6K5UEYWCD"
   },
   {
      "code": "VFGN91XS8P7Y3"
   },
   {
      "code": "7EME5Y83F7F76"
   },
   {
      "code": "JN9WWA3CW2G9G"
   },
   {
      "code": "2QXX3VY1GTMEE"
   },
   {
      "code": "1WFZZQE3DXZJG"
   },
   {
      "code": "UMEWPF1X9UXVC"
   },
   {
      "code": "2AK9X383KTYB8"
   },
   {
      "code": "E2BTQC3VXJEM9"
   },
   {
      "code": "8ACTUA3VC2KJ"
   },
   {
      "code": "SN4P6547KHP8F"
   },
   {
      "code": "JUDHXGPZETM53"
   },
   {
      "code": "9H64MHWTRN266"
   },
   {
      "code": "BBNK1ZPQKASC9"
   },
   {
      "code": "PPPJBUCDX1ECG"
   },
   {
      "code": "JUAX12R8UA1HB"
   },
   {
      "code": "F6QT692NKNCWF"
   },
   {
      "code": "YF4B4FXF7XUT6"
   },
   {
      "code": "Y8NBRJPA84YS5"
   },
   {
      "code": "6WP67QX97D1V9"
   },
   {
      "code": "9WTZQ8QWNYX12"
   },
   {
      "code": "GZ3YDK6NPPTN2"
   },
   {
      "code": "139T8JWNCP496"
   },
   {
      "code": "PVPFDYNF5BNK2"
   },
   {
      "code": "5Z4BHDBTT4YA4"
   },
   {
      "code": "ZF6BVH22BAFW3"
   },
   {
      "code": "2NGE7FBVKJJA2"
   },
   {
      "code": "S1HP45A9DB3FC"
   },
   {
      "code": "QDR7Z4Y6T42NE"
   },
   {
      "code": "S2PP2T25S2KXB"
   },
   {
      "code": "FZ5GFDBDGTQ5A"
   },
   {
      "code": "DMWZPT4GHT8R9"
   },
   {
      "code": "RXACR4QU768JG"
   },
   {
      "code": "MZBHV59Y3179E"
   },
   {
      "code": "C7716N4WWW5ED"
   },
   {
      "code": "K4HA3WQ2S8CS"
   },
   {
      "code": "RW224XPUJUUJ4"
   },
   {
      "code": "YRZPY5J7KUCC8"
   },
   {
      "code": "XH586UQEXAUJ9"
   },
   {
      "code": "36AJAAM1YWBUB"
   },
   {
      "code": "PT7299HTRG242"
   },
   {
      "code": "ZFQF8YV2XB379"
   },
   {
      "code": "NFR8EM7CFABV2"
   },
   {
      "code": "TSM9P54U6NNGG"
   },
   {
      "code": "44RP8G216EDHB"
   },
   {
      "code": "N5CPJASJM7QT9"
   },
   {
      "code": "2VG3CT1RHR3QC"
   },
   {
      "code": "4NVCXEB77KK73"
   },
   {
      "code": "MXGGRSZDNHNN3"
   },
   {
      "code": "C4456Q1VAHWFE"
   },
   {
      "code": "JAHRNMETNGCS5"
   },
   {
      "code": "9UGQZYSD9ZQ8"
   },
   {
      "code": "FZBAAZE8BZG4A"
   },
   {
      "code": "JU8KW1XAFN14A"
   },
   {
      "code": "4ABESTUET3CK3"
   },
   {
      "code": "X9Q6R4DVJW5T3"
   },
   {
      "code": "46R3U8PR6V9N"
   },
   {
      "code": "HN5TBJ86QWF62"
   },
   {
      "code": "6DQZS9F8PGP77"
   },
   {
      "code": "E34FFXZAVQSBA"
   },
   {
      "code": "NMWFD3HE73HG9"
   },
   {
      "code": "7WMC9BZD174DA"
   },
   {
      "code": "5SU815KU2B6PB"
   },
   {
      "code": "BHC7RUPAS8CVE"
   },
   {
      "code": "HRGSS9TGJCQC9"
   },
   {
      "code": "C26KQK16NTVY9"
   },
   {
      "code": "VFHDCVDRD8PVA"
   },
   {
      "code": "NVE9M9TZAQCZ6"
   },
   {
      "code": "XJJWCQP8Z1NY"
   },
   {
      "code": "K47AECJG6SB3B"
   },
   {
      "code": "FDDSHQ789DJS2"
   },
   {
      "code": "7VC3KXMBY6DUE"
   },
   {
      "code": "VM44KDWCRZ7Z5"
   },
   {
      "code": "VY9TTU2HZK4XC"
   },
   {
      "code": "N4SKJMX9HS532"
   },
   {
      "code": "JMTK91M7AQK1C"
   },
   {
      "code": "3CYH6FQHRRZVE"
   },
   {
      "code": "RCUZA3WECSZ74"
   },
   {
      "code": "AKAJXUWNHXQRB"
   },
   {
      "code": "4QCTTKCB2AWU4"
   },
   {
      "code": "HVA2KF8Q5TKU5"
   },
   {
      "code": "E6BTGZ1Y121Z8"
   },
   {
      "code": "T1DVR1SPUG7Y"
   },
   {
      "code": "QW6HD633B9R55"
   },
   {
      "code": "MECUKQT49TAFG"
   },
   {
      "code": "FTDXCYUAUK4RD"
   },
   {
      "code": "413N5P7P3SXFB"
   },
   {
      "code": "42FESSCK222Z9"
   },
   {
      "code": "B8VZ6C78Y1QNA"
   },
   {
      "code": "2DA6W2DV5FBXF"
   },
   {
      "code": "MUUHADU9TZUN3"
   },
   {
      "code": "74SEBSX3J8VYA"
   },
   {
      "code": "SX4EDDG2SDBDC"
   },
   {
      "code": "94XGJZ58Z7MZD"
   },
   {
      "code": "ZUSA7SP4CXXK"
   },
   {
      "code": "CS6HVX2FTHET"
   },
   {
      "code": "PTPVD5QESW97D"
   },
   {
      "code": "Q16UYVKEAPPWE"
   }
]
06-03-2020 17:06:02.7 [NOTICE] page-1.svg
06-03-2020 17:06:02.7 [DEBUG] inkscape out/svg/page-1.svg --export-dpi=300 --export-png=out/png/page-1.png
06-03-2020 17:06:02.7 [NOTICE] success
06-03-2020 17:06:03.2 [NOTICE] page-2.svg
06-03-2020 17:06:03.3 [DEBUG] inkscape out/svg/page-2.svg --export-dpi=300 --export-png=out/png/page-2.png
06-03-2020 17:06:03.4 [NOTICE] success
06-03-2020 17:06:03.7 [NOTICE] page-3.svg
06-03-2020 17:06:03.8 [DEBUG] inkscape out/svg/page-3.svg --export-dpi=300 --export-png=out/png/page-3.png
06-03-2020 17:06:04.3 [NOTICE] page-4.svg
06-03-2020 17:06:05.0 [DEBUG] inkscape out/svg/page-4.svg --export-dpi=300 --export-png=out/png/page-4.png
06-03-2020 17:06:05.3 [NOTICE] page-5.svg
06-03-2020 17:06:05.5 [DEBUG] inkscape out/svg/page-5.svg --export-dpi=300 --export-png=out/png/page-5.png
06-03-2020 17:06:05.7 [NOTICE] success
06-03-2020 17:06:06.3 [NOTICE] page-6.svg
06-03-2020 17:06:06.4 [DEBUG] inkscape out/svg/page-6.svg --export-dpi=300 --export-png=out/png/page-6.png
06-03-2020 17:06:06.7 [NOTICE] success
06-03-2020 17:06:07.2 [NOTICE] page-7.svg
06-03-2020 17:06:07.8 [DEBUG] inkscape out/svg/page-7.svg --export-dpi=300 --export-png=out/png/page-7.png
06-03-2020 17:06:08.3 [NOTICE] success
06-03-2020 17:06:08.9 [NOTICE] page-8.svg
06-03-2020 17:06:09.3 [DEBUG] inkscape out/svg/page-8.svg --export-dpi=300 --export-png=out/png/page-8.png
06-03-2020 17:06:09.8 [NOTICE] success
06-03-2020 17:06:10.2 [NOTICE] success
06-03-2020 17:06:10.5 [NOTICE] success
06-03-2020 17:06:21.5 [DEBUG] stderr: DPI: 300
Background RRGGBBAA: ffffff00
Area 0:0:1122,52:793,701 exported to 3508 x 2480 pixels (300 dpi)
Bitmap saved as: out/png/page-1.png

06-03-2020 17:06:24.0 [DEBUG] stderr: DPI: 300
Background RRGGBBAA: ffffff00
Area 0:0:1122,52:793,701 exported to 3508 x 2480 pixels (300 dpi)
Bitmap saved as: out/png/page-2.png

06-03-2020 17:06:27.3 [DEBUG] stderr: DPI: 300
Background RRGGBBAA: ffffff00
Area 0:0:1122,52:793,701 exported to 3508 x 2480 pixels (300 dpi)
Bitmap saved as: out/png/page-3.png

06-03-2020 17:06:28.4 [DEBUG] stderr: DPI: 300
Background RRGGBBAA: ffffff00
Area 0:0:1122,52:793,701 exported to 3508 x 2480 pixels (300 dpi)
Bitmap saved as: out/png/page-5.png

06-03-2020 17:06:28.6 [DEBUG] stderr: DPI: 300
Background RRGGBBAA: ffffff00
Area 0:0:1122,52:793,701 exported to 3508 x 2480 pixels (300 dpi)
Bitmap saved as: out/png/page-4.png

06-03-2020 17:06:28.8 [DEBUG] stderr: DPI: 300
Background RRGGBBAA: ffffff00
Area 0:0:1122,52:793,701 exported to 3508 x 2480 pixels (300 dpi)
Bitmap saved as: out/png/page-6.png

06-03-2020 17:06:29.4 [DEBUG] stderr: DPI: 300
Background RRGGBBAA: ffffff00
Area 0:0:1122,52:793,701 exported to 3508 x 2480 pixels (300 dpi)
Bitmap saved as: out/png/page-8.png

06-03-2020 17:06:29.5 [DEBUG] stderr: DPI: 300
Background RRGGBBAA: ffffff00
Area 0:0:1122,52:793,701 exported to 3508 x 2480 pixels (300 dpi)
Bitmap saved as: out/png/page-7.png

