12-05-2020 14:51:04.8 [NOTICE] 
[
   {
      "code": "P5FW1CG6ZS9U"
   },
   {
      "code": "ET21M56214S55"
   },
   {
      "code": "RTH39TD1W8MM4"
   },
   {
      "code": "1FG7QHSU8DJDD"
   },
   {
      "code": "PHBTC6ZTVQ359"
   },
   {
      "code": "6HF25JGGJKZEA"
   },
   {
      "code": "12JK327YD3792"
   },
   {
      "code": "GZ99Q8462A938"
   },
   {
      "code": "JDABQ9VMVQ7KC"
   },
   {
      "code": "TPEKYC9RQP3B6"
   },
   {
      "code": "5XRMG2UE47QJ6"
   },
   {
      "code": "SFZJEBU9FKCJE"
   },
   {
      "code": "3H61Y25KUDMAA"
   },
   {
      "code": "EGKQDC3J98BB4"
   },
   {
      "code": "FA794GP2RTUJ2"
   },
   {
      "code": "ZVVCD1S9A8TG4"
   },
   {
      "code": "S5SKY9Z8S63ZA"
   },
   {
      "code": "U3F9GCPFPSDWA"
   },
   {
      "code": "S7S2RBB3RKQB7"
   },
   {
      "code": "HQKDYMTF7QUMF"
   },
   {
      "code": "13G7UMP6CSR78"
   },
   {
      "code": "GEW6C92ZZ7QUF"
   },
   {
      "code": "VN5W784KVU3R9"
   },
   {
      "code": "4F2HQ7NZ8CXBA"
   },
   {
      "code": "NC3XTWEZ1A6WD"
   },
   {
      "code": "FBTH1ZXSJGSX5"
   },
   {
      "code": "11B2FZMEMJS7D"
   },
   {
      "code": "S991RJ92DAP74"
   },
   {
      "code": "QQ3ZE79UGH7AG"
   },
   {
      "code": "B8M7AUUNTZJ4"
   },
   {
      "code": "KCEH6K5UEYWCD"
   },
   {
      "code": "VFGN91XS8P7Y3"
   },
   {
      "code": "7EME5Y83F7F76"
   },
   {
      "code": "JN9WWA3CW2G9G"
   },
   {
      "code": "2QXX3VY1GTMEE"
   },
   {
      "code": "1WFZZQE3DXZJG"
   },
   {
      "code": "UMEWPF1X9UXVC"
   },
   {
      "code": "2AK9X383KTYB8"
   },
   {
      "code": "E2BTQC3VXJEM9"
   },
   {
      "code": "8ACTUA3VC2KJ"
   },
   {
      "code": "SN4P6547KHP8F"
   },
   {
      "code": "JUDHXGPZETM53"
   },
   {
      "code": "9H64MHWTRN266"
   },
   {
      "code": "BBNK1ZPQKASC9"
   },
   {
      "code": "PPPJBUCDX1ECG"
   },
   {
      "code": "JUAX12R8UA1HB"
   },
   {
      "code": "F6QT692NKNCWF"
   },
   {
      "code": "YF4B4FXF7XUT6"
   },
   {
      "code": "Y8NBRJPA84YS5"
   },
   {
      "code": "6WP67QX97D1V9"
   },
   {
      "code": "9WTZQ8QWNYX12"
   },
   {
      "code": "GZ3YDK6NPPTN2"
   },
   {
      "code": "139T8JWNCP496"
   },
   {
      "code": "PVPFDYNF5BNK2"
   },
   {
      "code": "5Z4BHDBTT4YA4"
   },
   {
      "code": "ZF6BVH22BAFW3"
   },
   {
      "code": "2NGE7FBVKJJA2"
   },
   {
      "code": "S1HP45A9DB3FC"
   },
   {
      "code": "QDR7Z4Y6T42NE"
   },
   {
      "code": "S2PP2T25S2KXB"
   },
   {
      "code": "FZ5GFDBDGTQ5A"
   },
   {
      "code": "DMWZPT4GHT8R9"
   },
   {
      "code": "RXACR4QU768JG"
   },
   {
      "code": "MZBHV59Y3179E"
   },
   {
      "code": "C7716N4WWW5ED"
   },
   {
      "code": "K4HA3WQ2S8CS"
   },
   {
      "code": "RW224XPUJUUJ4"
   },
   {
      "code": "YRZPY5J7KUCC8"
   },
   {
      "code": "XH586UQEXAUJ9"
   },
   {
      "code": "36AJAAM1YWBUB"
   },
   {
      "code": "PT7299HTRG242"
   },
   {
      "code": "ZFQF8YV2XB379"
   },
   {
      "code": "NFR8EM7CFABV2"
   },
   {
      "code": "TSM9P54U6NNGG"
   },
   {
      "code": "44RP8G216EDHB"
   },
   {
      "code": "N5CPJASJM7QT9"
   },
   {
      "code": "2VG3CT1RHR3QC"
   },
   {
      "code": "4NVCXEB77KK73"
   },
   {
      "code": "MXGGRSZDNHNN3"
   },
   {
      "code": "C4456Q1VAHWFE"
   },
   {
      "code": "JAHRNMETNGCS5"
   },
   {
      "code": "9UGQZYSD9ZQ8"
   },
   {
      "code": "FZBAAZE8BZG4A"
   },
   {
      "code": "JU8KW1XAFN14A"
   },
   {
      "code": "4ABESTUET3CK3"
   },
   {
      "code": "X9Q6R4DVJW5T3"
   },
   {
      "code": "46R3U8PR6V9N"
   },
   {
      "code": "HN5TBJ86QWF62"
   },
   {
      "code": "6DQZS9F8PGP77"
   },
   {
      "code": "E34FFXZAVQSBA"
   },
   {
      "code": "NMWFD3HE73HG9"
   },
   {
      "code": "7WMC9BZD174DA"
   },
   {
      "code": "5SU815KU2B6PB"
   },
   {
      "code": "BHC7RUPAS8CVE"
   },
   {
      "code": "HRGSS9TGJCQC9"
   },
   {
      "code": "C26KQK16NTVY9"
   },
   {
      "code": "VFHDCVDRD8PVA"
   },
   {
      "code": "NVE9M9TZAQCZ6"
   },
   {
      "code": "XJJWCQP8Z1NY"
   },
   {
      "code": "K47AECJG6SB3B"
   },
   {
      "code": "FDDSHQ789DJS2"
   },
   {
      "code": "7VC3KXMBY6DUE"
   },
   {
      "code": "VM44KDWCRZ7Z5"
   },
   {
      "code": "VY9TTU2HZK4XC"
   },
   {
      "code": "N4SKJMX9HS532"
   },
   {
      "code": "JMTK91M7AQK1C"
   },
   {
      "code": "3CYH6FQHRRZVE"
   },
   {
      "code": "RCUZA3WECSZ74"
   },
   {
      "code": "AKAJXUWNHXQRB"
   },
   {
      "code": "4QCTTKCB2AWU4"
   },
   {
      "code": "HVA2KF8Q5TKU5"
   },
   {
      "code": "E6BTGZ1Y121Z8"
   },
   {
      "code": "T1DVR1SPUG7Y"
   },
   {
      "code": "QW6HD633B9R55"
   },
   {
      "code": "MECUKQT49TAFG"
   },
   {
      "code": "FTDXCYUAUK4RD"
   },
   {
      "code": "413N5P7P3SXFB"
   },
   {
      "code": "42FESSCK222Z9"
   },
   {
      "code": "B8VZ6C78Y1QNA"
   },
   {
      "code": "2DA6W2DV5FBXF"
   },
   {
      "code": "MUUHADU9TZUN3"
   },
   {
      "code": "74SEBSX3J8VYA"
   },
   {
      "code": "SX4EDDG2SDBDC"
   },
   {
      "code": "94XGJZ58Z7MZD"
   },
   {
      "code": "ZUSA7SP4CXXK"
   },
   {
      "code": "CS6HVX2FTHET"
   },
   {
      "code": "PTPVD5QESW97D"
   },
   {
      "code": "Q16UYVKEAPPWE"
   }
]
12-05-2020 14:51:05.3 [DEBUG] 1
12-05-2020 14:51:05.4 [DEBUG] 2
12-05-2020 14:51:05.4 [DEBUG] 3
12-05-2020 14:51:05.4 [DEBUG] 4
12-05-2020 14:51:05.4 [DEBUG] 5
12-05-2020 14:51:05.4 [DEBUG] 6
12-05-2020 14:51:05.4 [DEBUG] 7
12-05-2020 14:51:05.4 [DEBUG] 8
12-05-2020 14:51:05.4 [DEBUG] 9
12-05-2020 14:51:05.4 [DEBUG] 10
12-05-2020 14:51:05.4 [DEBUG] 11
12-05-2020 14:51:05.4 [DEBUG] 12
12-05-2020 14:51:05.4 [DEBUG] 13
12-05-2020 14:51:05.4 [DEBUG] 14
12-05-2020 14:51:05.4 [DEBUG] 15
12-05-2020 14:51:05.4 [DEBUG] 16
12-05-2020 14:51:05.4 [DEBUG] 17
12-05-2020 14:51:05.5 [DEBUG] 18
12-05-2020 14:51:05.5 [DEBUG] 19
12-05-2020 14:51:05.5 [DEBUG] 20
12-05-2020 14:51:05.5 [DEBUG] 21
12-05-2020 14:51:05.5 [DEBUG] 22
12-05-2020 14:51:05.5 [DEBUG] 23
12-05-2020 14:51:05.5 [DEBUG] 24
12-05-2020 14:51:05.5 [DEBUG] 25
12-05-2020 14:51:05.5 [DEBUG] 26
12-05-2020 14:51:05.5 [DEBUG] 27
12-05-2020 14:51:05.5 [DEBUG] 28
12-05-2020 14:51:05.5 [DEBUG] 29
12-05-2020 14:51:05.5 [DEBUG] 30
12-05-2020 14:51:05.5 [DEBUG] 31
12-05-2020 14:51:05.5 [DEBUG] 32
12-05-2020 14:51:05.6 [DEBUG] 33
12-05-2020 14:51:05.7 [DEBUG] 34
12-05-2020 14:51:05.7 [DEBUG] 35
12-05-2020 14:51:05.7 [DEBUG] 36
12-05-2020 14:51:05.7 [DEBUG] 37
12-05-2020 14:51:05.7 [DEBUG] 38
12-05-2020 14:51:05.7 [DEBUG] 39
12-05-2020 14:51:05.7 [DEBUG] 40
12-05-2020 14:51:05.7 [DEBUG] 41
12-05-2020 14:51:05.7 [DEBUG] 42
12-05-2020 14:51:05.7 [DEBUG] 43
12-05-2020 14:51:05.7 [DEBUG] 44
12-05-2020 14:51:05.9 [NOTICE] page-1.svg
12-05-2020 14:51:06.0 [DEBUG] inkscape out/svg/page-1.svg --export-dpi=300 --export-png=out/png/page-1.png
12-05-2020 14:51:06.1 [DEBUG] 1
12-05-2020 14:51:06.2 [DEBUG] 2
12-05-2020 14:51:06.2 [DEBUG] 3
12-05-2020 14:51:06.3 [DEBUG] 4
12-05-2020 14:51:06.3 [DEBUG] 5
12-05-2020 14:51:06.4 [DEBUG] 6
12-05-2020 14:51:06.4 [DEBUG] 7
12-05-2020 14:51:06.5 [DEBUG] 8
12-05-2020 14:51:06.5 [DEBUG] 9
12-05-2020 14:51:06.5 [DEBUG] 10
12-05-2020 14:51:06.5 [DEBUG] 11
12-05-2020 14:51:06.5 [DEBUG] 12
12-05-2020 14:51:06.5 [DEBUG] 13
12-05-2020 14:51:06.6 [DEBUG] 14
12-05-2020 14:51:06.6 [DEBUG] 15
12-05-2020 14:51:06.6 [DEBUG] 16
12-05-2020 14:51:06.6 [DEBUG] 17
12-05-2020 14:51:06.6 [DEBUG] 18
12-05-2020 14:51:06.6 [DEBUG] 19
12-05-2020 14:51:06.7 [DEBUG] 20
12-05-2020 14:51:06.7 [DEBUG] 21
12-05-2020 14:51:06.8 [DEBUG] 22
12-05-2020 14:51:06.8 [DEBUG] 23
12-05-2020 14:51:06.8 [DEBUG] 24
12-05-2020 14:51:06.8 [DEBUG] 25
12-05-2020 14:51:06.8 [DEBUG] 26
12-05-2020 14:51:06.8 [DEBUG] 27
12-05-2020 14:51:06.9 [DEBUG] 28
12-05-2020 14:51:07.0 [DEBUG] 29
12-05-2020 14:51:07.0 [DEBUG] 30
12-05-2020 14:51:07.0 [DEBUG] 31
12-05-2020 14:51:07.0 [DEBUG] 32
12-05-2020 14:51:07.0 [DEBUG] 33
12-05-2020 14:51:07.0 [DEBUG] 34
12-05-2020 14:51:07.0 [DEBUG] 35
12-05-2020 14:51:07.0 [DEBUG] 36
12-05-2020 14:51:07.0 [DEBUG] 37
12-05-2020 14:51:07.0 [DEBUG] 38
12-05-2020 14:51:07.0 [DEBUG] 39
12-05-2020 14:51:07.0 [DEBUG] 40
12-05-2020 14:51:07.0 [DEBUG] 41
12-05-2020 14:51:07.1 [DEBUG] 42
12-05-2020 14:51:07.2 [DEBUG] 43
12-05-2020 14:51:07.3 [DEBUG] 44
12-05-2020 14:51:07.3 [NOTICE] page-2.svg
12-05-2020 14:51:07.4 [DEBUG] inkscape out/svg/page-2.svg --export-dpi=300 --export-png=out/png/page-2.png
12-05-2020 15:43:28.4 [NOTICE] 
[
   {
      "code": "QF2H55SG184N9"
   },
   {
      "code": "TE1AK6VPQVFYE"
   },
   {
      "code": "44F4FEC8Y5E9B"
   },
   {
      "code": "W2CRQATAQC798"
   },
   {
      "code": "V5YWUPBCR5CPF"
   },
   {
      "code": "VBGVAKNPK1TKA"
   },
   {
      "code": "G1XUVEJ93U2NC"
   },
   {
      "code": "184XDMD6V4X35"
   },
   {
      "code": "Q7CUWUHF9JSSD"
   },
   {
      "code": "BC8X7JWCWHJP4"
   },
   {
      "code": "5K2P7KNX4HWB"
   },
   {
      "code": "77YWC5CV8PG4"
   },
   {
      "code": "8Q4JCC5XG5J62"
   },
   {
      "code": "TTQ5B5BKA85JD"
   },
   {
      "code": "EQG6VEK5G9ZT"
   },
   {
      "code": "NVANS3JQM4GVD"
   },
   {
      "code": "V6B6Q19EGWZCA"
   },
   {
      "code": "J9AU8JC13FAFA"
   },
   {
      "code": "QHNZGA8B87J18"
   },
   {
      "code": "AJ77CKHFJU9DA"
   },
   {
      "code": "98SGV5RDJ2MZA"
   },
   {
      "code": "H86M3KKW5AKC9"
   },
   {
      "code": "DVT9NPJXSTV6F"
   },
   {
      "code": "U9MMX32SBRC9A"
   },
   {
      "code": "AWUVQ2GDSFEQ9"
   },
   {
      "code": "EQRM1XBK2E7MF"
   },
   {
      "code": "QP2M5HDQ51M8A"
   },
   {
      "code": "8U813164DWN59"
   },
   {
      "code": "63SDGBGVPAZQE"
   },
   {
      "code": "7EK9EXQ5EF56G"
   },
   {
      "code": "JSGKXQHVVSZBA"
   },
   {
      "code": "8YWSEXGGY9DJ9"
   },
   {
      "code": "PFCH47MCQ8ME3"
   },
   {
      "code": "758CAC4UF2277"
   },
   {
      "code": "14UM2AGMAU154"
   },
   {
      "code": "CEHHMV4HE8Q39"
   },
   {
      "code": "BMPKTFCENHQV5"
   },
   {
      "code": "KSZYYHHQUG7EG"
   },
   {
      "code": "ZQ7AYDCE1JM1C"
   },
   {
      "code": "VECPQ9UKT8CT6"
   },
   {
      "code": "GFM75G6GAZ5FD"
   },
   {
      "code": "AVRCXBPUXJSQA"
   },
   {
      "code": "N79C5S2MSMZGB"
   },
   {
      "code": "RUQ179Z2BDGD"
   },
   {
      "code": "2AFFR17TZEGT2"
   },
   {
      "code": "YF9WGD3M4USV4"
   },
   {
      "code": "YVK11H9WVA8K7"
   },
   {
      "code": "EDVX79JZKHCYA"
   },
   {
      "code": "KJ8XJ4WDWZAM3"
   },
   {
      "code": "95SAMPTTXPC44"
   },
   {
      "code": "51KBV3A6Z2U5G"
   },
   {
      "code": "3XNZBJS6F1VM8"
   },
   {
      "code": "YPWGGEK144K42"
   },
   {
      "code": "EKF5NACUK1KJ9"
   },
   {
      "code": "Q5RB329RTUYS4"
   },
   {
      "code": "XPMAB4P54T6AF"
   },
   {
      "code": "FUQDCREHWQ2P6"
   },
   {
      "code": "QRRMP5422KT78"
   },
   {
      "code": "8NCUMMB4B55M6"
   },
   {
      "code": "2H5VCG3BV2CY7"
   },
   {
      "code": "WRAS7PHK632UE"
   },
   {
      "code": "ZZHFP5V8WQJN7"
   },
   {
      "code": "XHXET1VRZR5V"
   },
   {
      "code": "SVEJGZ1H4FZH6"
   },
   {
      "code": "WZP9WHKSNU9JA"
   },
   {
      "code": "KBJJG3VTV6E83"
   },
   {
      "code": "SQCVAEXAMFQ1A"
   },
   {
      "code": "V83S2B68G3D76"
   },
   {
      "code": "FWZE28GM6KTD5"
   },
   {
      "code": "8566XCJHKWSD5"
   },
   {
      "code": "DTXWUJ3ZC1PZD"
   },
   {
      "code": "2SWRNH1VM67VE"
   },
   {
      "code": "92XK6GH8PN5S7"
   },
   {
      "code": "FNCDKEVBVXUNF"
   },
   {
      "code": "GAGXX6D6P4NM2"
   },
   {
      "code": "RCKMG7PNPWHM6"
   },
   {
      "code": "FZ28ZW1G78B3B"
   },
   {
      "code": "QMBJ33YKJM3U6"
   },
   {
      "code": "WJZEM7R9R5KZC"
   },
   {
      "code": "CSQ6Y7MPFFA3G"
   },
   {
      "code": "CEHMT7JFE579G"
   },
   {
      "code": "26YYZ3D9581S4"
   },
   {
      "code": "6KA59JKE6D6Z4"
   },
   {
      "code": "3SGDJNM4ZJBPF"
   },
   {
      "code": "NF7QHW1YJ49P7"
   },
   {
      "code": "3QYKKQZGZC5J3"
   },
   {
      "code": "JHW4PHTUBCYCD"
   },
   {
      "code": "EQTJVFC9VFY"
   },
   {
      "code": "BWXAR1RU6HFGC"
   },
   {
      "code": "Z5JJ1QQPFD3R2"
   },
   {
      "code": "X67FEKXPUFH35"
   },
   {
      "code": "WFE5E7QJXGSX7"
   },
   {
      "code": "XRR8SS2BM85FA"
   },
   {
      "code": "TD4J67MP3URHD"
   },
   {
      "code": "TJR4U49NRM636"
   },
   {
      "code": "YQ1ASUEP8943E"
   },
   {
      "code": "QXEXP7Z9GAD72"
   },
   {
      "code": "JAR71WZAJA7GE"
   },
   {
      "code": "6NSNBSDKU274C"
   },
   {
      "code": "8JKPREZ2Y1P4B"
   },
   {
      "code": "9J1NAGJN4EA5B"
   },
   {
      "code": "HR85QED7P3KA2"
   },
   {
      "code": "VSQP7KZKUDW74"
   },
   {
      "code": "U1A1WWVY7Q7P9"
   },
   {
      "code": "8QN17JXWS9KN6"
   },
   {
      "code": "TV3D2BQS9TXZ3"
   },
   {
      "code": "F2QWPWJDT1ZCD"
   },
   {
      "code": "4XAZSCKGJP49F"
   },
   {
      "code": "QVSQS5RWNK5FE"
   },
   {
      "code": "1D74A9BHVFR26"
   },
   {
      "code": "WUUZDR9JPFJ2B"
   },
   {
      "code": "K6PZECXP7U7DF"
   },
   {
      "code": "A48S8H461V1W2"
   },
   {
      "code": "4DTSR61UWGDC4"
   },
   {
      "code": "DFAUUW2WXCDCE"
   },
   {
      "code": "FCBTFHFAZ3KQE"
   },
   {
      "code": "CBXXHJRB2A466"
   },
   {
      "code": "XA3X2VJ6UMSY5"
   },
   {
      "code": "D9FD241ZW8BD2"
   },
   {
      "code": "88R9BKKUVTZ26"
   },
   {
      "code": "SA1CY52HSNV93"
   },
   {
      "code": "DRKFCC5EB8C2G"
   },
   {
      "code": "ACCJ9HK3AFNY"
   },
   {
      "code": "A3JYZF86P1CV6"
   },
   {
      "code": "TZZ4Y712B6J6"
   },
   {
      "code": "64JJ4PY5U5J82"
   },
   {
      "code": "9BMKP7WKJPG27"
   },
   {
      "code": "1BCS1T3HCDM8F"
   }
]
12-05-2020 15:44:10.2 [NOTICE] 
[
   {
      "code": "QF2H55SG184N9"
   },
   {
      "code": "TE1AK6VPQVFYE"
   },
   {
      "code": "44F4FEC8Y5E9B"
   },
   {
      "code": "W2CRQATAQC798"
   },
   {
      "code": "V5YWUPBCR5CPF"
   },
   {
      "code": "VBGVAKNPK1TKA"
   },
   {
      "code": "G1XUVEJ93U2NC"
   },
   {
      "code": "184XDMD6V4X35"
   },
   {
      "code": "Q7CUWUHF9JSSD"
   },
   {
      "code": "BC8X7JWCWHJP4"
   },
   {
      "code": "5K2P7KNX4HWB"
   },
   {
      "code": "77YWC5CV8PG4"
   },
   {
      "code": "8Q4JCC5XG5J62"
   },
   {
      "code": "TTQ5B5BKA85JD"
   },
   {
      "code": "EQG6VEK5G9ZT"
   },
   {
      "code": "NVANS3JQM4GVD"
   },
   {
      "code": "V6B6Q19EGWZCA"
   },
   {
      "code": "J9AU8JC13FAFA"
   },
   {
      "code": "QHNZGA8B87J18"
   },
   {
      "code": "AJ77CKHFJU9DA"
   },
   {
      "code": "98SGV5RDJ2MZA"
   },
   {
      "code": "H86M3KKW5AKC9"
   },
   {
      "code": "DVT9NPJXSTV6F"
   },
   {
      "code": "U9MMX32SBRC9A"
   },
   {
      "code": "AWUVQ2GDSFEQ9"
   },
   {
      "code": "EQRM1XBK2E7MF"
   },
   {
      "code": "QP2M5HDQ51M8A"
   },
   {
      "code": "8U813164DWN59"
   },
   {
      "code": "63SDGBGVPAZQE"
   },
   {
      "code": "7EK9EXQ5EF56G"
   },
   {
      "code": "JSGKXQHVVSZBA"
   },
   {
      "code": "8YWSEXGGY9DJ9"
   },
   {
      "code": "PFCH47MCQ8ME3"
   },
   {
      "code": "758CAC4UF2277"
   },
   {
      "code": "14UM2AGMAU154"
   },
   {
      "code": "CEHHMV4HE8Q39"
   },
   {
      "code": "BMPKTFCENHQV5"
   },
   {
      "code": "KSZYYHHQUG7EG"
   },
   {
      "code": "ZQ7AYDCE1JM1C"
   },
   {
      "code": "VECPQ9UKT8CT6"
   },
   {
      "code": "GFM75G6GAZ5FD"
   },
   {
      "code": "AVRCXBPUXJSQA"
   },
   {
      "code": "N79C5S2MSMZGB"
   },
   {
      "code": "RUQ179Z2BDGD"
   },
   {
      "code": "2AFFR17TZEGT2"
   },
   {
      "code": "YF9WGD3M4USV4"
   },
   {
      "code": "YVK11H9WVA8K7"
   },
   {
      "code": "EDVX79JZKHCYA"
   },
   {
      "code": "KJ8XJ4WDWZAM3"
   },
   {
      "code": "95SAMPTTXPC44"
   },
   {
      "code": "51KBV3A6Z2U5G"
   },
   {
      "code": "3XNZBJS6F1VM8"
   },
   {
      "code": "YPWGGEK144K42"
   },
   {
      "code": "EKF5NACUK1KJ9"
   },
   {
      "code": "Q5RB329RTUYS4"
   },
   {
      "code": "XPMAB4P54T6AF"
   },
   {
      "code": "FUQDCREHWQ2P6"
   },
   {
      "code": "QRRMP5422KT78"
   },
   {
      "code": "8NCUMMB4B55M6"
   },
   {
      "code": "2H5VCG3BV2CY7"
   },
   {
      "code": "WRAS7PHK632UE"
   },
   {
      "code": "ZZHFP5V8WQJN7"
   },
   {
      "code": "XHXET1VRZR5V"
   },
   {
      "code": "SVEJGZ1H4FZH6"
   },
   {
      "code": "WZP9WHKSNU9JA"
   },
   {
      "code": "KBJJG3VTV6E83"
   },
   {
      "code": "SQCVAEXAMFQ1A"
   },
   {
      "code": "V83S2B68G3D76"
   },
   {
      "code": "FWZE28GM6KTD5"
   },
   {
      "code": "8566XCJHKWSD5"
   },
   {
      "code": "DTXWUJ3ZC1PZD"
   },
   {
      "code": "2SWRNH1VM67VE"
   },
   {
      "code": "92XK6GH8PN5S7"
   },
   {
      "code": "FNCDKEVBVXUNF"
   },
   {
      "code": "GAGXX6D6P4NM2"
   },
   {
      "code": "RCKMG7PNPWHM6"
   },
   {
      "code": "FZ28ZW1G78B3B"
   },
   {
      "code": "QMBJ33YKJM3U6"
   },
   {
      "code": "WJZEM7R9R5KZC"
   },
   {
      "code": "CSQ6Y7MPFFA3G"
   },
   {
      "code": "CEHMT7JFE579G"
   },
   {
      "code": "26YYZ3D9581S4"
   },
   {
      "code": "6KA59JKE6D6Z4"
   },
   {
      "code": "3SGDJNM4ZJBPF"
   },
   {
      "code": "NF7QHW1YJ49P7"
   },
   {
      "code": "3QYKKQZGZC5J3"
   },
   {
      "code": "JHW4PHTUBCYCD"
   },
   {
      "code": "EQTJVFC9VFY"
   },
   {
      "code": "BWXAR1RU6HFGC"
   },
   {
      "code": "Z5JJ1QQPFD3R2"
   },
   {
      "code": "X67FEKXPUFH35"
   },
   {
      "code": "WFE5E7QJXGSX7"
   },
   {
      "code": "XRR8SS2BM85FA"
   },
   {
      "code": "TD4J67MP3URHD"
   },
   {
      "code": "TJR4U49NRM636"
   },
   {
      "code": "YQ1ASUEP8943E"
   },
   {
      "code": "QXEXP7Z9GAD72"
   },
   {
      "code": "JAR71WZAJA7GE"
   },
   {
      "code": "6NSNBSDKU274C"
   },
   {
      "code": "8JKPREZ2Y1P4B"
   },
   {
      "code": "9J1NAGJN4EA5B"
   },
   {
      "code": "HR85QED7P3KA2"
   },
   {
      "code": "VSQP7KZKUDW74"
   },
   {
      "code": "U1A1WWVY7Q7P9"
   },
   {
      "code": "8QN17JXWS9KN6"
   },
   {
      "code": "TV3D2BQS9TXZ3"
   },
   {
      "code": "F2QWPWJDT1ZCD"
   },
   {
      "code": "4XAZSCKGJP49F"
   },
   {
      "code": "QVSQS5RWNK5FE"
   },
   {
      "code": "1D74A9BHVFR26"
   },
   {
      "code": "WUUZDR9JPFJ2B"
   },
   {
      "code": "K6PZECXP7U7DF"
   },
   {
      "code": "A48S8H461V1W2"
   },
   {
      "code": "4DTSR61UWGDC4"
   },
   {
      "code": "DFAUUW2WXCDCE"
   },
   {
      "code": "FCBTFHFAZ3KQE"
   },
   {
      "code": "CBXXHJRB2A466"
   },
   {
      "code": "XA3X2VJ6UMSY5"
   },
   {
      "code": "D9FD241ZW8BD2"
   },
   {
      "code": "88R9BKKUVTZ26"
   },
   {
      "code": "SA1CY52HSNV93"
   },
   {
      "code": "DRKFCC5EB8C2G"
   },
   {
      "code": "ACCJ9HK3AFNY"
   },
   {
      "code": "A3JYZF86P1CV6"
   },
   {
      "code": "TZZ4Y712B6J6"
   },
   {
      "code": "64JJ4PY5U5J82"
   },
   {
      "code": "9BMKP7WKJPG27"
   },
   {
      "code": "1BCS1T3HCDM8F"
   }
]
12-05-2020 15:44:10.7 [DEBUG] 1
12-05-2020 15:44:10.7 [DEBUG] 2
12-05-2020 15:44:10.7 [DEBUG] 3
12-05-2020 15:44:10.8 [DEBUG] 4
12-05-2020 15:44:10.8 [DEBUG] 5
12-05-2020 15:44:10.8 [DEBUG] 6
12-05-2020 15:44:10.8 [DEBUG] 7
12-05-2020 15:44:10.8 [DEBUG] 8
12-05-2020 15:44:10.8 [DEBUG] 9
12-05-2020 15:44:10.8 [DEBUG] 10
12-05-2020 15:44:10.8 [DEBUG] 11
12-05-2020 15:44:10.8 [DEBUG] 12
12-05-2020 15:44:10.8 [DEBUG] 13
12-05-2020 15:44:10.8 [DEBUG] 14
12-05-2020 15:44:10.9 [DEBUG] 15
12-05-2020 15:44:10.9 [DEBUG] 16
12-05-2020 15:44:10.9 [NOTICE] page-1.svg
12-05-2020 15:44:10.9 [DEBUG] inkscape out/svg/page-1.svg --export-dpi=300 --export-png=out/png/page-1.png
12-05-2020 15:44:10.9 [NOTICE] success
12-05-2020 15:44:11.2 [DEBUG] 1
12-05-2020 15:44:11.2 [DEBUG] 2
12-05-2020 15:44:11.2 [DEBUG] 3
12-05-2020 15:44:11.2 [DEBUG] 4
12-05-2020 15:44:11.2 [DEBUG] 5
12-05-2020 15:44:11.3 [DEBUG] 6
12-05-2020 15:44:11.3 [DEBUG] 7
12-05-2020 15:44:11.3 [DEBUG] 8
12-05-2020 15:44:11.3 [DEBUG] 9
12-05-2020 15:44:11.3 [DEBUG] 10
12-05-2020 15:44:11.3 [DEBUG] 11
12-05-2020 15:44:11.4 [DEBUG] 12
12-05-2020 15:44:11.4 [DEBUG] 13
12-05-2020 15:44:11.5 [DEBUG] 14
12-05-2020 15:44:11.5 [DEBUG] 15
12-05-2020 15:44:11.6 [DEBUG] 16
12-05-2020 15:44:11.6 [NOTICE] page-2.svg
12-05-2020 15:44:11.7 [DEBUG] inkscape out/svg/page-2.svg --export-dpi=300 --export-png=out/png/page-2.png
12-05-2020 15:44:11.8 [DEBUG] 1
12-05-2020 15:44:11.8 [DEBUG] 2
12-05-2020 15:44:11.8 [DEBUG] 3
12-05-2020 15:44:11.9 [DEBUG] 4
12-05-2020 15:44:11.9 [DEBUG] 5
12-05-2020 15:44:11.9 [DEBUG] 6
12-05-2020 15:44:11.9 [DEBUG] 7
12-05-2020 15:44:11.9 [DEBUG] 8
12-05-2020 15:44:11.9 [DEBUG] 9
12-05-2020 15:44:11.9 [DEBUG] 10
12-05-2020 15:44:11.9 [DEBUG] 11
12-05-2020 15:44:11.9 [DEBUG] 12
12-05-2020 15:44:11.9 [DEBUG] 13
12-05-2020 15:44:11.9 [DEBUG] 14
12-05-2020 15:44:11.9 [DEBUG] 15
12-05-2020 15:44:11.9 [DEBUG] 16
12-05-2020 15:44:11.9 [NOTICE] page-3.svg
12-05-2020 15:44:11.9 [DEBUG] inkscape out/svg/page-3.svg --export-dpi=300 --export-png=out/png/page-3.png
12-05-2020 15:44:11.9 [NOTICE] success
12-05-2020 15:44:12.0 [NOTICE] success
12-05-2020 15:44:12.3 [DEBUG] 1
12-05-2020 15:44:12.5 [DEBUG] 2
12-05-2020 15:44:12.6 [DEBUG] 3
12-05-2020 15:44:12.6 [DEBUG] 4
12-05-2020 15:44:12.6 [DEBUG] 5
12-05-2020 15:44:12.9 [DEBUG] 6
12-05-2020 15:44:13.2 [DEBUG] 7
12-05-2020 15:44:13.3 [DEBUG] 8
12-05-2020 15:44:13.6 [DEBUG] 9
12-05-2020 15:44:13.8 [DEBUG] 10
12-05-2020 15:44:13.9 [DEBUG] 11
12-05-2020 15:44:14.0 [DEBUG] 12
12-05-2020 15:44:14.3 [DEBUG] 13
12-05-2020 15:44:14.8 [DEBUG] 14
12-05-2020 15:44:15.1 [DEBUG] 15
12-05-2020 15:44:15.3 [DEBUG] 16
12-05-2020 15:44:15.4 [NOTICE] page-4.svg
12-05-2020 15:44:15.6 [DEBUG] inkscape out/svg/page-4.svg --export-dpi=300 --export-png=out/png/page-4.png
12-05-2020 15:44:15.7 [DEBUG] 1
12-05-2020 15:44:15.7 [DEBUG] 2
12-05-2020 15:44:15.7 [DEBUG] 3
12-05-2020 15:44:15.7 [DEBUG] 4
12-05-2020 15:44:15.7 [DEBUG] 5
12-05-2020 15:44:15.7 [DEBUG] 6
12-05-2020 15:44:15.7 [DEBUG] 7
12-05-2020 15:44:15.8 [DEBUG] 8
12-05-2020 15:44:16.0 [DEBUG] 9
12-05-2020 15:44:16.5 [DEBUG] 10
12-05-2020 15:44:16.6 [DEBUG] 11
12-05-2020 15:44:16.6 [DEBUG] 12
12-05-2020 15:44:16.7 [DEBUG] 13
12-05-2020 15:44:16.7 [DEBUG] 14
12-05-2020 15:44:16.8 [DEBUG] 15
12-05-2020 15:44:17.0 [DEBUG] 16
12-05-2020 15:44:17.2 [NOTICE] page-5.svg
12-05-2020 15:44:17.4 [DEBUG] inkscape out/svg/page-5.svg --export-dpi=300 --export-png=out/png/page-5.png
12-05-2020 15:44:17.6 [DEBUG] 1
12-05-2020 15:44:17.9 [DEBUG] 2
12-05-2020 15:44:18.1 [DEBUG] 3
12-05-2020 15:44:18.2 [DEBUG] 4
12-05-2020 15:44:18.5 [DEBUG] 5
12-05-2020 15:44:18.7 [DEBUG] 6
12-05-2020 15:44:18.9 [DEBUG] 7
12-05-2020 15:44:19.1 [DEBUG] 8
12-05-2020 15:44:19.4 [DEBUG] 9
12-05-2020 15:44:19.7 [DEBUG] 10
12-05-2020 15:44:20.0 [DEBUG] 11
12-05-2020 15:44:20.3 [DEBUG] 12
12-05-2020 15:44:20.5 [DEBUG] 13
12-05-2020 15:44:20.8 [DEBUG] 14
12-05-2020 15:44:21.0 [DEBUG] 15
12-05-2020 15:44:21.4 [DEBUG] 16
12-05-2020 15:44:21.7 [NOTICE] page-6.svg
12-05-2020 15:44:21.9 [DEBUG] inkscape out/svg/page-6.svg --export-dpi=300 --export-png=out/png/page-6.png
12-05-2020 15:44:22.2 [DEBUG] 1
12-05-2020 15:44:22.5 [DEBUG] 2
12-05-2020 15:44:22.7 [DEBUG] 3
12-05-2020 15:44:23.0 [DEBUG] 4
12-05-2020 15:44:23.3 [DEBUG] 5
12-05-2020 15:44:23.5 [DEBUG] 6
12-05-2020 15:44:23.9 [DEBUG] 7
12-05-2020 15:44:24.4 [DEBUG] 8
12-05-2020 15:44:24.9 [DEBUG] 9
12-05-2020 15:44:25.2 [DEBUG] 10
12-05-2020 15:44:25.6 [DEBUG] 11
12-05-2020 15:44:25.9 [DEBUG] 12
12-05-2020 15:44:26.2 [DEBUG] 13
12-05-2020 15:44:26.5 [DEBUG] 14
12-05-2020 15:44:26.6 [DEBUG] 15
12-05-2020 15:44:26.8 [DEBUG] 16
12-05-2020 15:44:27.0 [NOTICE] page-7.svg
12-05-2020 15:44:27.2 [DEBUG] inkscape out/svg/page-7.svg --export-dpi=300 --export-png=out/png/page-7.png
12-05-2020 15:44:27.8 [NOTICE] success
12-05-2020 15:44:28.0 [DEBUG] 1
12-05-2020 15:44:28.2 [DEBUG] 2
12-05-2020 15:44:28.3 [DEBUG] 3
12-05-2020 15:44:28.7 [DEBUG] 4
12-05-2020 15:44:28.9 [DEBUG] 5
12-05-2020 15:44:29.1 [DEBUG] 6
12-05-2020 15:44:29.3 [DEBUG] 7
12-05-2020 15:44:29.4 [DEBUG] 8
12-05-2020 15:44:29.6 [DEBUG] 9
12-05-2020 15:44:29.8 [DEBUG] 10
12-05-2020 15:44:29.9 [DEBUG] 11
12-05-2020 15:44:30.1 [DEBUG] 12
12-05-2020 15:44:30.2 [DEBUG] 13
12-05-2020 15:44:30.4 [DEBUG] 14
12-05-2020 15:44:30.8 [DEBUG] 15
12-05-2020 15:44:30.9 [DEBUG] 16
12-05-2020 15:44:31.0 [NOTICE] page-8.svg
12-05-2020 15:44:31.1 [DEBUG] inkscape out/svg/page-8.svg --export-dpi=300 --export-png=out/png/page-8.png
12-05-2020 15:44:31.1 [NOTICE] success
12-05-2020 15:44:31.3 [NOTICE] success
12-05-2020 15:44:31.4 [NOTICE] success
12-05-2020 15:44:31.5 [DEBUG] stderr: 
12-05-2020 15:44:31.5 [DEBUG] stderr: DPI: 300
Background RRGGBBAA: ffffff00
Area 0:0:1122,52:793,701 exported to 3508 x 2480 pixels (300 dpi)
Bitmap saved as: out/png/page-3.png

12-05-2020 15:44:31.7 [DEBUG] stderr: DPI: 300
Background RRGGBBAA: ffffff00
Area 0:0:1122,52:793,701 exported to 3508 x 2480 pixels (300 dpi)
Bitmap saved as: out/png/page-2.png

12-05-2020 15:44:31.8 [DEBUG] stderr: DPI: 300
Background RRGGBBAA: ffffff00
Area 0:0:1122,52:793,701 exported to 3508 x 2480 pixels (300 dpi)
Bitmap saved as: out/png/page-1.png

12-05-2020 15:44:32.3 [DEBUG] stderr: DPI: 300
Background RRGGBBAA: ffffff00
Area 0:0:1122,52:793,701 exported to 3508 x 2480 pixels (300 dpi)
Bitmap saved as: out/png/page-5.png

12-05-2020 15:44:32.5 [DEBUG] stderr: DPI: 300
Background RRGGBBAA: ffffff00
Area 0:0:1122,52:793,701 exported to 3508 x 2480 pixels (300 dpi)
Bitmap saved as: out/png/page-4.png

12-05-2020 15:44:32.7 [NOTICE] success
12-05-2020 15:44:36.7 [DEBUG] stderr: DPI: 300
Background RRGGBBAA: ffffff00
Area 0:0:1122,52:793,701 exported to 3508 x 2480 pixels (300 dpi)
Bitmap saved as: out/png/page-7.png

12-05-2020 15:44:40.0 [DEBUG] stderr: DPI: 300
Background RRGGBBAA: ffffff00
Area 0:0:1122,52:793,701 exported to 3508 x 2480 pixels (300 dpi)
Bitmap saved as: out/png/page-8.png

12-05-2020 16:32:33.4 [NOTICE] 
[
   {
      "code": "QF2H55SG184N9"
   },
   {
      "code": "TE1AK6VPQVFYE"
   },
   {
      "code": "44F4FEC8Y5E9B"
   },
   {
      "code": "W2CRQATAQC798"
   },
   {
      "code": "V5YWUPBCR5CPF"
   },
   {
      "code": "VBGVAKNPK1TKA"
   },
   {
      "code": "G1XUVEJ93U2NC"
   },
   {
      "code": "184XDMD6V4X35"
   },
   {
      "code": "Q7CUWUHF9JSSD"
   },
   {
      "code": "BC8X7JWCWHJP4"
   },
   {
      "code": "5K2P7KNX4HWB"
   },
   {
      "code": "77YWC5CV8PG4"
   },
   {
      "code": "8Q4JCC5XG5J62"
   },
   {
      "code": "TTQ5B5BKA85JD"
   },
   {
      "code": "EQG6VEK5G9ZT"
   },
   {
      "code": "NVANS3JQM4GVD"
   },
   {
      "code": "V6B6Q19EGWZCA"
   },
   {
      "code": "J9AU8JC13FAFA"
   },
   {
      "code": "QHNZGA8B87J18"
   },
   {
      "code": "AJ77CKHFJU9DA"
   },
   {
      "code": "98SGV5RDJ2MZA"
   },
   {
      "code": "H86M3KKW5AKC9"
   },
   {
      "code": "DVT9NPJXSTV6F"
   },
   {
      "code": "U9MMX32SBRC9A"
   },
   {
      "code": "AWUVQ2GDSFEQ9"
   },
   {
      "code": "EQRM1XBK2E7MF"
   },
   {
      "code": "QP2M5HDQ51M8A"
   },
   {
      "code": "8U813164DWN59"
   },
   {
      "code": "63SDGBGVPAZQE"
   },
   {
      "code": "7EK9EXQ5EF56G"
   },
   {
      "code": "JSGKXQHVVSZBA"
   },
   {
      "code": "8YWSEXGGY9DJ9"
   },
   {
      "code": "PFCH47MCQ8ME3"
   },
   {
      "code": "758CAC4UF2277"
   },
   {
      "code": "14UM2AGMAU154"
   },
   {
      "code": "CEHHMV4HE8Q39"
   },
   {
      "code": "BMPKTFCENHQV5"
   },
   {
      "code": "KSZYYHHQUG7EG"
   },
   {
      "code": "ZQ7AYDCE1JM1C"
   },
   {
      "code": "VECPQ9UKT8CT6"
   },
   {
      "code": "GFM75G6GAZ5FD"
   },
   {
      "code": "AVRCXBPUXJSQA"
   },
   {
      "code": "N79C5S2MSMZGB"
   },
   {
      "code": "RUQ179Z2BDGD"
   },
   {
      "code": "2AFFR17TZEGT2"
   },
   {
      "code": "YF9WGD3M4USV4"
   },
   {
      "code": "YVK11H9WVA8K7"
   },
   {
      "code": "EDVX79JZKHCYA"
   },
   {
      "code": "KJ8XJ4WDWZAM3"
   },
   {
      "code": "95SAMPTTXPC44"
   },
   {
      "code": "51KBV3A6Z2U5G"
   },
   {
      "code": "3XNZBJS6F1VM8"
   },
   {
      "code": "YPWGGEK144K42"
   },
   {
      "code": "EKF5NACUK1KJ9"
   },
   {
      "code": "Q5RB329RTUYS4"
   },
   {
      "code": "XPMAB4P54T6AF"
   },
   {
      "code": "FUQDCREHWQ2P6"
   },
   {
      "code": "QRRMP5422KT78"
   },
   {
      "code": "8NCUMMB4B55M6"
   },
   {
      "code": "2H5VCG3BV2CY7"
   },
   {
      "code": "WRAS7PHK632UE"
   },
   {
      "code": "ZZHFP5V8WQJN7"
   },
   {
      "code": "XHXET1VRZR5V"
   },
   {
      "code": "SVEJGZ1H4FZH6"
   },
   {
      "code": "WZP9WHKSNU9JA"
   },
   {
      "code": "KBJJG3VTV6E83"
   },
   {
      "code": "SQCVAEXAMFQ1A"
   },
   {
      "code": "V83S2B68G3D76"
   },
   {
      "code": "FWZE28GM6KTD5"
   },
   {
      "code": "8566XCJHKWSD5"
   },
   {
      "code": "DTXWUJ3ZC1PZD"
   },
   {
      "code": "2SWRNH1VM67VE"
   },
   {
      "code": "92XK6GH8PN5S7"
   },
   {
      "code": "FNCDKEVBVXUNF"
   },
   {
      "code": "GAGXX6D6P4NM2"
   },
   {
      "code": "RCKMG7PNPWHM6"
   },
   {
      "code": "FZ28ZW1G78B3B"
   },
   {
      "code": "QMBJ33YKJM3U6"
   },
   {
      "code": "WJZEM7R9R5KZC"
   },
   {
      "code": "CSQ6Y7MPFFA3G"
   },
   {
      "code": "CEHMT7JFE579G"
   },
   {
      "code": "26YYZ3D9581S4"
   },
   {
      "code": "6KA59JKE6D6Z4"
   },
   {
      "code": "3SGDJNM4ZJBPF"
   },
   {
      "code": "NF7QHW1YJ49P7"
   },
   {
      "code": "3QYKKQZGZC5J3"
   },
   {
      "code": "JHW4PHTUBCYCD"
   },
   {
      "code": "EQTJVFC9VFY"
   },
   {
      "code": "BWXAR1RU6HFGC"
   },
   {
      "code": "Z5JJ1QQPFD3R2"
   },
   {
      "code": "X67FEKXPUFH35"
   },
   {
      "code": "WFE5E7QJXGSX7"
   },
   {
      "code": "XRR8SS2BM85FA"
   },
   {
      "code": "TD4J67MP3URHD"
   },
   {
      "code": "TJR4U49NRM636"
   },
   {
      "code": "YQ1ASUEP8943E"
   },
   {
      "code": "QXEXP7Z9GAD72"
   },
   {
      "code": "JAR71WZAJA7GE"
   },
   {
      "code": "6NSNBSDKU274C"
   },
   {
      "code": "8JKPREZ2Y1P4B"
   },
   {
      "code": "9J1NAGJN4EA5B"
   },
   {
      "code": "HR85QED7P3KA2"
   },
   {
      "code": "VSQP7KZKUDW74"
   },
   {
      "code": "U1A1WWVY7Q7P9"
   },
   {
      "code": "8QN17JXWS9KN6"
   },
   {
      "code": "TV3D2BQS9TXZ3"
   },
   {
      "code": "F2QWPWJDT1ZCD"
   },
   {
      "code": "4XAZSCKGJP49F"
   },
   {
      "code": "QVSQS5RWNK5FE"
   },
   {
      "code": "1D74A9BHVFR26"
   },
   {
      "code": "WUUZDR9JPFJ2B"
   },
   {
      "code": "K6PZECXP7U7DF"
   },
   {
      "code": "A48S8H461V1W2"
   },
   {
      "code": "4DTSR61UWGDC4"
   },
   {
      "code": "DFAUUW2WXCDCE"
   },
   {
      "code": "FCBTFHFAZ3KQE"
   },
   {
      "code": "CBXXHJRB2A466"
   },
   {
      "code": "XA3X2VJ6UMSY5"
   },
   {
      "code": "D9FD241ZW8BD2"
   },
   {
      "code": "88R9BKKUVTZ26"
   },
   {
      "code": "SA1CY52HSNV93"
   },
   {
      "code": "DRKFCC5EB8C2G"
   },
   {
      "code": "ACCJ9HK3AFNY"
   },
   {
      "code": "A3JYZF86P1CV6"
   },
   {
      "code": "TZZ4Y712B6J6"
   },
   {
      "code": "64JJ4PY5U5J82"
   },
   {
      "code": "9BMKP7WKJPG27"
   },
   {
      "code": "1BCS1T3HCDM8F"
   }
]
12-05-2020 16:32:34.0 [DEBUG] 1
12-05-2020 16:32:34.0 [DEBUG] 2
12-05-2020 16:32:34.0 [DEBUG] 3
12-05-2020 16:32:34.0 [DEBUG] 4
12-05-2020 16:32:34.0 [DEBUG] 5
12-05-2020 16:32:34.0 [DEBUG] 6
12-05-2020 16:32:34.0 [DEBUG] 7
12-05-2020 16:32:34.1 [DEBUG] 8
12-05-2020 16:32:34.1 [DEBUG] 9
12-05-2020 16:32:34.1 [DEBUG] 10
12-05-2020 16:32:34.1 [DEBUG] 11
12-05-2020 16:32:34.1 [DEBUG] 12
12-05-2020 16:32:34.1 [DEBUG] 13
12-05-2020 16:32:34.1 [DEBUG] 14
12-05-2020 16:32:34.1 [DEBUG] 15
12-05-2020 16:32:34.1 [DEBUG] 16
12-05-2020 16:32:34.1 [NOTICE] page-1.svg
12-05-2020 16:32:34.1 [DEBUG] inkscape out/svg/page-1.svg --export-dpi=300 --export-png=out/png/page-1.png
12-05-2020 16:32:34.1 [NOTICE] success
12-05-2020 16:32:34.5 [DEBUG] 1
12-05-2020 16:32:34.6 [DEBUG] 2
12-05-2020 16:32:34.7 [DEBUG] 3
12-05-2020 16:32:34.7 [DEBUG] 4
12-05-2020 16:32:34.8 [DEBUG] 5
12-05-2020 16:32:34.8 [DEBUG] 6
12-05-2020 16:32:35.2 [DEBUG] 8
12-05-2020 16:32:34.9 [DEBUG] 7
12-05-2020 16:32:35.5 [DEBUG] 10
12-05-2020 16:32:35.6 [DEBUG] 13
12-05-2020 16:32:35.7 [DEBUG] 14
12-05-2020 16:32:35.8 [DEBUG] 15
12-05-2020 16:32:35.9 [DEBUG] 16
12-05-2020 16:32:35.9 [NOTICE] page-2.svg
12-05-2020 16:32:35.9 [DEBUG] inkscape out/svg/page-2.svg --export-dpi=300 --export-png=out/png/page-2.png
12-05-2020 16:32:35.4 [DEBUG] 9
12-05-2020 16:32:35.6 [DEBUG] 11
12-05-2020 16:32:35.6 [DEBUG] 12
12-05-2020 16:32:35.9 [DEBUG] 1
12-05-2020 16:32:36.0 [DEBUG] 2
12-05-2020 16:32:36.2 [DEBUG] 3
12-05-2020 16:32:36.4 [DEBUG] 4
12-05-2020 16:32:36.6 [DEBUG] 5
12-05-2020 16:32:36.8 [DEBUG] 6
12-05-2020 16:32:37.0 [DEBUG] 7
12-05-2020 16:32:37.3 [DEBUG] 8
12-05-2020 16:32:37.4 [DEBUG] 9
12-05-2020 16:32:37.4 [DEBUG] 10
12-05-2020 16:32:37.5 [DEBUG] 11
12-05-2020 16:32:37.5 [DEBUG] 12
12-05-2020 16:32:37.5 [DEBUG] 13
12-05-2020 16:32:37.5 [DEBUG] 14
12-05-2020 16:32:37.5 [DEBUG] 15
12-05-2020 16:32:37.6 [DEBUG] 16
12-05-2020 16:32:37.6 [NOTICE] page-3.svg
12-05-2020 16:32:37.7 [DEBUG] inkscape out/svg/page-3.svg --export-dpi=300 --export-png=out/png/page-3.png
12-05-2020 16:32:37.7 [DEBUG] 1
12-05-2020 16:32:37.7 [DEBUG] 2
12-05-2020 16:32:37.7 [DEBUG] 3
12-05-2020 16:32:37.7 [DEBUG] 4
12-05-2020 16:32:37.7 [DEBUG] 5
12-05-2020 16:32:37.7 [DEBUG] 6
12-05-2020 16:32:37.7 [DEBUG] 7
12-05-2020 16:32:37.7 [DEBUG] 8
12-05-2020 16:32:37.7 [DEBUG] 9
12-05-2020 16:32:37.7 [DEBUG] 10
12-05-2020 16:32:37.7 [DEBUG] 11
12-05-2020 16:32:37.7 [DEBUG] 12
12-05-2020 16:32:37.7 [DEBUG] 13
12-05-2020 16:32:37.7 [DEBUG] 14
12-05-2020 16:32:37.8 [DEBUG] 15
12-05-2020 16:32:37.8 [DEBUG] 16
12-05-2020 16:32:37.9 [NOTICE] page-4.svg
12-05-2020 16:32:38.2 [DEBUG] inkscape out/svg/page-4.svg --export-dpi=300 --export-png=out/png/page-4.png
12-05-2020 16:32:38.4 [DEBUG] stderr: 
12-05-2020 16:32:38.6 [DEBUG] 1
12-05-2020 16:32:38.9 [DEBUG] 2
12-05-2020 16:32:39.1 [DEBUG] 3
12-05-2020 16:32:39.5 [DEBUG] 4
12-05-2020 16:32:39.7 [DEBUG] 5
12-05-2020 16:32:39.9 [DEBUG] 6
12-05-2020 16:32:40.3 [DEBUG] 7
12-05-2020 16:32:40.6 [DEBUG] 8
12-05-2020 16:32:40.8 [DEBUG] 9
12-05-2020 16:32:41.2 [DEBUG] 10
12-05-2020 16:32:41.3 [DEBUG] 11
12-05-2020 16:32:41.3 [DEBUG] 12
12-05-2020 16:32:41.4 [DEBUG] 13
12-05-2020 16:32:41.4 [DEBUG] 14
12-05-2020 16:32:41.5 [DEBUG] 15
12-05-2020 16:32:41.6 [DEBUG] 16
12-05-2020 16:32:41.7 [NOTICE] page-5.svg
12-05-2020 16:32:41.9 [DEBUG] inkscape out/svg/page-5.svg --export-dpi=300 --export-png=out/png/page-5.png
12-05-2020 16:32:42.0 [NOTICE] success
12-05-2020 16:32:42.1 [DEBUG] 1
12-05-2020 16:32:42.1 [DEBUG] 2
12-05-2020 16:32:42.1 [DEBUG] 3
12-05-2020 16:32:42.1 [DEBUG] 4
12-05-2020 16:32:42.1 [DEBUG] 5
12-05-2020 16:32:42.1 [DEBUG] 6
12-05-2020 16:32:42.1 [DEBUG] 7
12-05-2020 16:32:42.1 [DEBUG] 8
12-05-2020 16:32:42.1 [DEBUG] 9
12-05-2020 16:32:42.1 [DEBUG] 10
12-05-2020 16:32:42.1 [DEBUG] 11
12-05-2020 16:32:42.1 [DEBUG] 12
12-05-2020 16:32:42.1 [DEBUG] 13
12-05-2020 16:32:42.1 [DEBUG] 14
12-05-2020 16:32:42.1 [DEBUG] 15
12-05-2020 16:32:42.1 [DEBUG] 16
12-05-2020 16:32:42.1 [NOTICE] page-6.svg
12-05-2020 16:32:42.1 [DEBUG] inkscape out/svg/page-6.svg --export-dpi=300 --export-png=out/png/page-6.png
12-05-2020 16:32:42.1 [NOTICE] success
12-05-2020 16:32:42.1 [DEBUG] stderr: 
12-05-2020 16:32:42.1 [DEBUG] stderr: 
12-05-2020 16:32:42.1 [NOTICE] success
12-05-2020 16:32:42.3 [NOTICE] success
12-05-2020 16:32:42.5 [NOTICE] success
12-05-2020 16:32:42.6 [DEBUG] 1
12-05-2020 16:32:42.8 [DEBUG] 2
12-05-2020 16:32:43.0 [DEBUG] 3
12-05-2020 16:32:43.3 [DEBUG] 4
12-05-2020 16:32:43.5 [DEBUG] 5
12-05-2020 16:32:44.1 [DEBUG] 6
12-05-2020 16:32:44.6 [DEBUG] 7
12-05-2020 16:32:44.9 [DEBUG] 8
12-05-2020 16:32:45.2 [DEBUG] 9
12-05-2020 16:32:45.4 [DEBUG] 10
12-05-2020 16:32:45.7 [DEBUG] 11
12-05-2020 16:32:45.8 [DEBUG] 12
12-05-2020 16:32:45.9 [DEBUG] 13
12-05-2020 16:32:45.9 [DEBUG] 14
12-05-2020 16:32:45.9 [DEBUG] 15
12-05-2020 16:32:45.9 [DEBUG] 16
12-05-2020 16:32:46.0 [NOTICE] page-7.svg
12-05-2020 16:32:46.0 [DEBUG] inkscape out/svg/page-7.svg --export-dpi=300 --export-png=out/png/page-7.png
12-05-2020 16:32:46.0 [DEBUG] 2
12-05-2020 16:32:46.0 [DEBUG] 3
12-05-2020 16:32:46.0 [DEBUG] 4
12-05-2020 16:32:46.0 [DEBUG] 5
12-05-2020 16:32:46.0 [DEBUG] 6
12-05-2020 16:32:46.0 [DEBUG] 7
12-05-2020 16:32:46.0 [DEBUG] 8
12-05-2020 16:32:46.0 [DEBUG] 9
12-05-2020 16:32:46.0 [DEBUG] 10
12-05-2020 16:32:46.0 [DEBUG] 11
12-05-2020 16:32:46.0 [DEBUG] 12
12-05-2020 16:32:46.0 [DEBUG] 13
12-05-2020 16:32:46.0 [DEBUG] 14
12-05-2020 16:32:46.0 [DEBUG] 15
12-05-2020 16:32:46.0 [DEBUG] 16
12-05-2020 16:32:46.0 [NOTICE] page-8.svg
12-05-2020 16:32:46.0 [DEBUG] inkscape out/svg/page-8.svg --export-dpi=300 --export-png=out/png/page-8.png
12-05-2020 16:32:46.0 [DEBUG] stderr: 
12-05-2020 16:32:46.0 [DEBUG] 1
12-05-2020 16:32:46.0 [DEBUG] stderr: 
12-05-2020 16:32:46.1 [DEBUG] stderr: 
12-05-2020 16:32:46.2 [NOTICE] success
12-05-2020 16:32:46.2 [NOTICE] success
12-05-2020 16:32:49.0 [DEBUG] stderr: 
12-05-2020 16:32:49.0 [DEBUG] stderr: 
12-05-2020 16:33:51.1 [NOTICE] 
[
   {
      "code": "QF2H55SG184N9"
   },
   {
      "code": "TE1AK6VPQVFYE"
   },
   {
      "code": "44F4FEC8Y5E9B"
   },
   {
      "code": "W2CRQATAQC798"
   },
   {
      "code": "V5YWUPBCR5CPF"
   },
   {
      "code": "VBGVAKNPK1TKA"
   },
   {
      "code": "G1XUVEJ93U2NC"
   },
   {
      "code": "184XDMD6V4X35"
   },
   {
      "code": "Q7CUWUHF9JSSD"
   },
   {
      "code": "BC8X7JWCWHJP4"
   },
   {
      "code": "5K2P7KNX4HWB"
   },
   {
      "code": "77YWC5CV8PG4"
   },
   {
      "code": "8Q4JCC5XG5J62"
   },
   {
      "code": "TTQ5B5BKA85JD"
   },
   {
      "code": "EQG6VEK5G9ZT"
   },
   {
      "code": "NVANS3JQM4GVD"
   },
   {
      "code": "V6B6Q19EGWZCA"
   },
   {
      "code": "J9AU8JC13FAFA"
   },
   {
      "code": "QHNZGA8B87J18"
   },
   {
      "code": "AJ77CKHFJU9DA"
   },
   {
      "code": "98SGV5RDJ2MZA"
   },
   {
      "code": "H86M3KKW5AKC9"
   },
   {
      "code": "DVT9NPJXSTV6F"
   },
   {
      "code": "U9MMX32SBRC9A"
   },
   {
      "code": "AWUVQ2GDSFEQ9"
   },
   {
      "code": "EQRM1XBK2E7MF"
   },
   {
      "code": "QP2M5HDQ51M8A"
   },
   {
      "code": "8U813164DWN59"
   },
   {
      "code": "63SDGBGVPAZQE"
   },
   {
      "code": "7EK9EXQ5EF56G"
   },
   {
      "code": "JSGKXQHVVSZBA"
   },
   {
      "code": "8YWSEXGGY9DJ9"
   },
   {
      "code": "PFCH47MCQ8ME3"
   },
   {
      "code": "758CAC4UF2277"
   },
   {
      "code": "14UM2AGMAU154"
   },
   {
      "code": "CEHHMV4HE8Q39"
   },
   {
      "code": "BMPKTFCENHQV5"
   },
   {
      "code": "KSZYYHHQUG7EG"
   },
   {
      "code": "ZQ7AYDCE1JM1C"
   },
   {
      "code": "VECPQ9UKT8CT6"
   },
   {
      "code": "GFM75G6GAZ5FD"
   },
   {
      "code": "AVRCXBPUXJSQA"
   },
   {
      "code": "N79C5S2MSMZGB"
   },
   {
      "code": "RUQ179Z2BDGD"
   },
   {
      "code": "2AFFR17TZEGT2"
   },
   {
      "code": "YF9WGD3M4USV4"
   },
   {
      "code": "YVK11H9WVA8K7"
   },
   {
      "code": "EDVX79JZKHCYA"
   },
   {
      "code": "KJ8XJ4WDWZAM3"
   },
   {
      "code": "95SAMPTTXPC44"
   },
   {
      "code": "51KBV3A6Z2U5G"
   },
   {
      "code": "3XNZBJS6F1VM8"
   },
   {
      "code": "YPWGGEK144K42"
   },
   {
      "code": "EKF5NACUK1KJ9"
   },
   {
      "code": "Q5RB329RTUYS4"
   },
   {
      "code": "XPMAB4P54T6AF"
   },
   {
      "code": "FUQDCREHWQ2P6"
   },
   {
      "code": "QRRMP5422KT78"
   },
   {
      "code": "8NCUMMB4B55M6"
   },
   {
      "code": "2H5VCG3BV2CY7"
   },
   {
      "code": "WRAS7PHK632UE"
   },
   {
      "code": "ZZHFP5V8WQJN7"
   },
   {
      "code": "XHXET1VRZR5V"
   },
   {
      "code": "SVEJGZ1H4FZH6"
   },
   {
      "code": "WZP9WHKSNU9JA"
   },
   {
      "code": "KBJJG3VTV6E83"
   },
   {
      "code": "SQCVAEXAMFQ1A"
   },
   {
      "code": "V83S2B68G3D76"
   },
   {
      "code": "FWZE28GM6KTD5"
   },
   {
      "code": "8566XCJHKWSD5"
   },
   {
      "code": "DTXWUJ3ZC1PZD"
   },
   {
      "code": "2SWRNH1VM67VE"
   },
   {
      "code": "92XK6GH8PN5S7"
   },
   {
      "code": "FNCDKEVBVXUNF"
   },
   {
      "code": "GAGXX6D6P4NM2"
   },
   {
      "code": "RCKMG7PNPWHM6"
   },
   {
      "code": "FZ28ZW1G78B3B"
   },
   {
      "code": "QMBJ33YKJM3U6"
   },
   {
      "code": "WJZEM7R9R5KZC"
   },
   {
      "code": "CSQ6Y7MPFFA3G"
   },
   {
      "code": "CEHMT7JFE579G"
   },
   {
      "code": "26YYZ3D9581S4"
   },
   {
      "code": "6KA59JKE6D6Z4"
   },
   {
      "code": "3SGDJNM4ZJBPF"
   },
   {
      "code": "NF7QHW1YJ49P7"
   },
   {
      "code": "3QYKKQZGZC5J3"
   },
   {
      "code": "JHW4PHTUBCYCD"
   },
   {
      "code": "EQTJVFC9VFY"
   },
   {
      "code": "BWXAR1RU6HFGC"
   },
   {
      "code": "Z5JJ1QQPFD3R2"
   },
   {
      "code": "X67FEKXPUFH35"
   },
   {
      "code": "WFE5E7QJXGSX7"
   },
   {
      "code": "XRR8SS2BM85FA"
   },
   {
      "code": "TD4J67MP3URHD"
   },
   {
      "code": "TJR4U49NRM636"
   },
   {
      "code": "YQ1ASUEP8943E"
   },
   {
      "code": "QXEXP7Z9GAD72"
   },
   {
      "code": "JAR71WZAJA7GE"
   },
   {
      "code": "6NSNBSDKU274C"
   },
   {
      "code": "8JKPREZ2Y1P4B"
   },
   {
      "code": "9J1NAGJN4EA5B"
   },
   {
      "code": "HR85QED7P3KA2"
   },
   {
      "code": "VSQP7KZKUDW74"
   },
   {
      "code": "U1A1WWVY7Q7P9"
   },
   {
      "code": "8QN17JXWS9KN6"
   },
   {
      "code": "TV3D2BQS9TXZ3"
   },
   {
      "code": "F2QWPWJDT1ZCD"
   },
   {
      "code": "4XAZSCKGJP49F"
   },
   {
      "code": "QVSQS5RWNK5FE"
   },
   {
      "code": "1D74A9BHVFR26"
   },
   {
      "code": "WUUZDR9JPFJ2B"
   },
   {
      "code": "K6PZECXP7U7DF"
   },
   {
      "code": "A48S8H461V1W2"
   },
   {
      "code": "4DTSR61UWGDC4"
   },
   {
      "code": "DFAUUW2WXCDCE"
   },
   {
      "code": "FCBTFHFAZ3KQE"
   },
   {
      "code": "CBXXHJRB2A466"
   },
   {
      "code": "XA3X2VJ6UMSY5"
   },
   {
      "code": "D9FD241ZW8BD2"
   },
   {
      "code": "88R9BKKUVTZ26"
   },
   {
      "code": "SA1CY52HSNV93"
   },
   {
      "code": "DRKFCC5EB8C2G"
   },
   {
      "code": "ACCJ9HK3AFNY"
   },
   {
      "code": "A3JYZF86P1CV6"
   },
   {
      "code": "TZZ4Y712B6J6"
   },
   {
      "code": "64JJ4PY5U5J82"
   },
   {
      "code": "9BMKP7WKJPG27"
   },
   {
      "code": "1BCS1T3HCDM8F"
   }
]
12-05-2020 16:33:51.7 [DEBUG] 1
12-05-2020 16:33:51.7 [DEBUG] 2
12-05-2020 16:33:51.7 [DEBUG] 3
12-05-2020 16:33:51.7 [DEBUG] 4
12-05-2020 16:33:51.7 [DEBUG] 5
12-05-2020 16:33:51.7 [DEBUG] 6
12-05-2020 16:33:51.7 [DEBUG] 7
12-05-2020 16:33:51.7 [DEBUG] 8
12-05-2020 16:33:51.8 [DEBUG] 9
12-05-2020 16:33:51.8 [DEBUG] 10
12-05-2020 16:33:51.8 [DEBUG] 11
12-05-2020 16:33:51.8 [DEBUG] 12
12-05-2020 16:33:51.8 [DEBUG] 13
12-05-2020 16:33:51.8 [DEBUG] 14
12-05-2020 16:33:51.8 [DEBUG] 15
12-05-2020 16:33:52.0 [DEBUG] 16
12-05-2020 16:33:52.3 [NOTICE] page-1.svg
12-05-2020 16:33:52.5 [DEBUG] inkscape out/svg/page-1.svg --export-dpi=300 --export-png=out/png/page-1.png
12-05-2020 16:33:52.6 [DEBUG] 1
12-05-2020 16:33:52.6 [DEBUG] 2
12-05-2020 16:33:52.7 [DEBUG] 3
12-05-2020 16:33:52.7 [DEBUG] 4
12-05-2020 16:33:52.7 [DEBUG] 5
12-05-2020 16:33:52.7 [DEBUG] 6
12-05-2020 16:33:52.7 [DEBUG] 7
12-05-2020 16:33:52.7 [DEBUG] 8
12-05-2020 16:33:52.7 [DEBUG] 9
12-05-2020 16:33:52.7 [DEBUG] 10
12-05-2020 16:33:52.7 [DEBUG] 11
12-05-2020 16:33:52.7 [DEBUG] 12
12-05-2020 16:33:52.8 [DEBUG] 13
12-05-2020 16:33:52.8 [DEBUG] 14
12-05-2020 16:33:52.9 [DEBUG] 15
12-05-2020 16:33:53.0 [DEBUG] 16
12-05-2020 16:33:53.0 [NOTICE] page-2.svg
12-05-2020 16:33:53.1 [DEBUG] inkscape out/svg/page-2.svg --export-dpi=300 --export-png=out/png/page-2.png
12-05-2020 16:33:53.2 [DEBUG] 1
12-05-2020 16:33:53.3 [DEBUG] 2
12-05-2020 16:33:53.4 [DEBUG] 3
12-05-2020 16:33:53.8 [DEBUG] 4
12-05-2020 16:33:54.2 [DEBUG] 5
12-05-2020 16:33:54.4 [DEBUG] 6
12-05-2020 16:33:54.6 [DEBUG] 7
12-05-2020 16:33:54.8 [DEBUG] 8
12-05-2020 16:33:55.1 [DEBUG] 9
12-05-2020 16:33:55.4 [DEBUG] 10
12-05-2020 16:33:55.5 [DEBUG] 11
12-05-2020 16:33:56.1 [DEBUG] 12
12-05-2020 16:33:56.6 [DEBUG] 13
12-05-2020 16:33:56.8 [DEBUG] 14
12-05-2020 16:33:56.9 [DEBUG] 15
12-05-2020 16:33:57.1 [DEBUG] 16
12-05-2020 16:33:57.3 [NOTICE] page-3.svg
12-05-2020 16:33:57.5 [DEBUG] inkscape out/svg/page-3.svg --export-dpi=300 --export-png=out/png/page-3.png
12-05-2020 16:33:57.6 [DEBUG] 1
12-05-2020 16:33:57.9 [DEBUG] 2
12-05-2020 16:33:58.1 [DEBUG] 3
12-05-2020 16:33:58.3 [DEBUG] 4
12-05-2020 16:33:58.7 [DEBUG] 5
12-05-2020 16:33:59.2 [DEBUG] 6
12-05-2020 16:33:59.3 [DEBUG] 7
12-05-2020 16:33:59.6 [DEBUG] 8
12-05-2020 16:33:59.9 [DEBUG] 9
12-05-2020 16:34:00.2 [DEBUG] 10
12-05-2020 16:34:00.4 [DEBUG] 11
12-05-2020 16:34:00.6 [DEBUG] 12
12-05-2020 16:34:00.8 [DEBUG] 13
12-05-2020 16:34:01.0 [DEBUG] 14
12-05-2020 16:34:01.2 [DEBUG] 15
12-05-2020 16:34:01.4 [DEBUG] 16
12-05-2020 16:34:01.7 [NOTICE] page-4.svg
12-05-2020 16:34:01.9 [DEBUG] inkscape out/svg/page-4.svg --export-dpi=300 --export-png=out/png/page-4.png
12-05-2020 16:34:02.1 [NOTICE] success
12-05-2020 16:34:02.4 [NOTICE] success
12-05-2020 16:34:02.6 [DEBUG] 1
12-05-2020 16:34:03.8 [DEBUG] 2
12-05-2020 16:34:04.1 [DEBUG] 3
12-05-2020 16:34:05.1 [DEBUG] 4
12-05-2020 16:34:05.3 [DEBUG] 5
12-05-2020 16:34:05.6 [DEBUG] 6
12-05-2020 16:34:05.8 [DEBUG] 7
12-05-2020 16:34:06.1 [DEBUG] 8
12-05-2020 16:34:06.5 [DEBUG] 9
12-05-2020 16:34:07.7 [DEBUG] 10
12-05-2020 16:34:08.1 [DEBUG] 11
12-05-2020 16:34:08.4 [DEBUG] 12
12-05-2020 16:34:08.8 [DEBUG] 13
12-05-2020 16:34:09.3 [DEBUG] 14
12-05-2020 16:34:09.5 [DEBUG] 15
12-05-2020 16:34:09.8 [DEBUG] 16
12-05-2020 16:34:09.9 [NOTICE] page-5.svg
12-05-2020 16:34:10.2 [DEBUG] inkscape out/svg/page-5.svg --export-dpi=300 --export-png=out/png/page-5.png
12-05-2020 16:34:10.4 [NOTICE] success
12-05-2020 16:34:10.7 [DEBUG] 1
12-05-2020 16:34:11.1 [DEBUG] 2
12-05-2020 16:34:11.5 [DEBUG] 3
12-05-2020 16:34:11.8 [DEBUG] 4
12-05-2020 16:34:12.0 [DEBUG] 5
12-05-2020 16:34:12.2 [DEBUG] 6
12-05-2020 16:34:12.5 [DEBUG] 7
12-05-2020 16:34:12.8 [DEBUG] 8
12-05-2020 16:34:13.1 [DEBUG] 9
12-05-2020 16:34:13.4 [DEBUG] 10
12-05-2020 16:34:13.6 [DEBUG] 11
12-05-2020 16:34:13.8 [DEBUG] 12
12-05-2020 16:34:13.9 [DEBUG] 13
12-05-2020 16:34:14.3 [DEBUG] 14
12-05-2020 16:34:14.6 [DEBUG] 15
12-05-2020 16:34:14.9 [DEBUG] 16
12-05-2020 16:34:15.1 [NOTICE] page-6.svg
12-05-2020 16:34:15.5 [DEBUG] inkscape out/svg/page-6.svg --export-dpi=300 --export-png=out/png/page-6.png
12-05-2020 16:34:15.8 [NOTICE] success
12-05-2020 16:34:16.1 [DEBUG] 1
12-05-2020 16:34:16.4 [DEBUG] 2
12-05-2020 16:34:16.9 [DEBUG] 3
12-05-2020 16:34:18.2 [DEBUG] 4
12-05-2020 16:34:18.4 [DEBUG] 5
12-05-2020 16:34:18.6 [DEBUG] 6
12-05-2020 16:34:19.0 [DEBUG] 7
12-05-2020 16:34:19.3 [DEBUG] 8
12-05-2020 16:34:19.5 [DEBUG] 9
12-05-2020 16:34:19.6 [DEBUG] 10
12-05-2020 16:34:20.2 [DEBUG] 11
12-05-2020 16:34:20.5 [DEBUG] 12
12-05-2020 16:34:20.7 [DEBUG] 13
12-05-2020 16:34:20.8 [DEBUG] 14
12-05-2020 16:34:21.0 [DEBUG] 15
12-05-2020 16:34:21.1 [DEBUG] 16
12-05-2020 16:34:21.2 [NOTICE] page-7.svg
12-05-2020 16:34:21.4 [DEBUG] inkscape out/svg/page-7.svg --export-dpi=300 --export-png=out/png/page-7.png
12-05-2020 16:34:21.5 [NOTICE] success
12-05-2020 16:34:21.7 [DEBUG] stderr: DPI: 300
Background RRGGBBAA: ffffff00
Area 0:0:1122,52:793,701 exported to 3508 x 2480 pixels (300 dpi)
Bitmap saved as: out/png/page-1.png

12-05-2020 16:34:21.8 [DEBUG] stderr: DPI: 300
Background RRGGBBAA: ffffff00
Area 0:0:1122,52:793,701 exported to 3508 x 2480 pixels (300 dpi)
Bitmap saved as: out/png/page-2.png

12-05-2020 16:34:22.5 [DEBUG] 1
12-05-2020 16:34:22.8 [DEBUG] 2
12-05-2020 16:34:23.2 [DEBUG] 3
12-05-2020 16:34:23.5 [DEBUG] 4
12-05-2020 16:34:23.8 [DEBUG] 5
12-05-2020 16:34:24.0 [DEBUG] 6
12-05-2020 16:34:24.2 [DEBUG] 7
12-05-2020 16:34:24.4 [DEBUG] 8
12-05-2020 16:34:24.5 [DEBUG] 9
12-05-2020 16:34:24.6 [DEBUG] 10
12-05-2020 16:34:24.8 [DEBUG] 11
12-05-2020 16:34:24.9 [DEBUG] 12
12-05-2020 16:34:25.1 [DEBUG] 13
12-05-2020 16:34:25.2 [DEBUG] 14
12-05-2020 16:34:25.4 [DEBUG] 15
12-05-2020 16:34:25.5 [DEBUG] 16
12-05-2020 16:34:25.7 [NOTICE] page-8.svg
12-05-2020 16:34:25.9 [DEBUG] inkscape out/svg/page-8.svg --export-dpi=300 --export-png=out/png/page-8.png
12-05-2020 16:34:26.0 [NOTICE] success
12-05-2020 16:34:26.2 [DEBUG] stderr: DPI: 300
Background RRGGBBAA: ffffff00
Area 0:0:1122,52:793,701 exported to 3508 x 2480 pixels (300 dpi)
Bitmap saved as: out/png/page-3.png

12-05-2020 16:34:26.3 [NOTICE] success
12-05-2020 16:34:26.4 [DEBUG] stderr: DPI: 300
Background RRGGBBAA: ffffff00
Area 0:0:1122,52:793,701 exported to 3508 x 2480 pixels (300 dpi)
Bitmap saved as: out/png/page-4.png

12-05-2020 16:34:26.9 [NOTICE] success
12-05-2020 16:34:27.1 [DEBUG] stderr: DPI: 300
Background RRGGBBAA: ffffff00
Area 0:0:1122,52:793,701 exported to 3508 x 2480 pixels (300 dpi)
Bitmap saved as: out/png/page-5.png

12-05-2020 16:34:27.5 [DEBUG] stderr: DPI: 300
Background RRGGBBAA: ffffff00
Area 0:0:1122,52:793,701 exported to 3508 x 2480 pixels (300 dpi)
Bitmap saved as: out/png/page-6.png

12-05-2020 16:34:30.5 [DEBUG] stderr: DPI: 300
Background RRGGBBAA: ffffff00
Area 0:0:1122,52:793,701 exported to 3508 x 2480 pixels (300 dpi)
Bitmap saved as: out/png/page-7.png

12-05-2020 16:34:32.2 [DEBUG] stderr: DPI: 300
Background RRGGBBAA: ffffff00
Area 0:0:1122,52:793,701 exported to 3508 x 2480 pixels (300 dpi)
Bitmap saved as: out/png/page-8.png

12-05-2020 16:42:30.8 [NOTICE] 
[
   {
      "code": "QF2H55SG184N9"
   },
   {
      "code": "TE1AK6VPQVFYE"
   },
   {
      "code": "44F4FEC8Y5E9B"
   },
   {
      "code": "W2CRQATAQC798"
   },
   {
      "code": "V5YWUPBCR5CPF"
   },
   {
      "code": "VBGVAKNPK1TKA"
   },
   {
      "code": "G1XUVEJ93U2NC"
   },
   {
      "code": "184XDMD6V4X35"
   },
   {
      "code": "Q7CUWUHF9JSSD"
   },
   {
      "code": "BC8X7JWCWHJP4"
   },
   {
      "code": "5K2P7KNX4HWB"
   },
   {
      "code": "77YWC5CV8PG4"
   },
   {
      "code": "8Q4JCC5XG5J62"
   },
   {
      "code": "TTQ5B5BKA85JD"
   },
   {
      "code": "EQG6VEK5G9ZT"
   },
   {
      "code": "NVANS3JQM4GVD"
   },
   {
      "code": "V6B6Q19EGWZCA"
   },
   {
      "code": "J9AU8JC13FAFA"
   },
   {
      "code": "QHNZGA8B87J18"
   },
   {
      "code": "AJ77CKHFJU9DA"
   },
   {
      "code": "98SGV5RDJ2MZA"
   },
   {
      "code": "H86M3KKW5AKC9"
   },
   {
      "code": "DVT9NPJXSTV6F"
   },
   {
      "code": "U9MMX32SBRC9A"
   },
   {
      "code": "AWUVQ2GDSFEQ9"
   },
   {
      "code": "EQRM1XBK2E7MF"
   },
   {
      "code": "QP2M5HDQ51M8A"
   },
   {
      "code": "8U813164DWN59"
   },
   {
      "code": "63SDGBGVPAZQE"
   },
   {
      "code": "7EK9EXQ5EF56G"
   },
   {
      "code": "JSGKXQHVVSZBA"
   },
   {
      "code": "8YWSEXGGY9DJ9"
   },
   {
      "code": "PFCH47MCQ8ME3"
   },
   {
      "code": "758CAC4UF2277"
   },
   {
      "code": "14UM2AGMAU154"
   },
   {
      "code": "CEHHMV4HE8Q39"
   },
   {
      "code": "BMPKTFCENHQV5"
   },
   {
      "code": "KSZYYHHQUG7EG"
   },
   {
      "code": "ZQ7AYDCE1JM1C"
   },
   {
      "code": "VECPQ9UKT8CT6"
   },
   {
      "code": "GFM75G6GAZ5FD"
   },
   {
      "code": "AVRCXBPUXJSQA"
   },
   {
      "code": "N79C5S2MSMZGB"
   },
   {
      "code": "RUQ179Z2BDGD"
   },
   {
      "code": "2AFFR17TZEGT2"
   },
   {
      "code": "YF9WGD3M4USV4"
   },
   {
      "code": "YVK11H9WVA8K7"
   },
   {
      "code": "EDVX79JZKHCYA"
   },
   {
      "code": "KJ8XJ4WDWZAM3"
   },
   {
      "code": "95SAMPTTXPC44"
   },
   {
      "code": "51KBV3A6Z2U5G"
   },
   {
      "code": "3XNZBJS6F1VM8"
   },
   {
      "code": "YPWGGEK144K42"
   },
   {
      "code": "EKF5NACUK1KJ9"
   },
   {
      "code": "Q5RB329RTUYS4"
   },
   {
      "code": "XPMAB4P54T6AF"
   },
   {
      "code": "FUQDCREHWQ2P6"
   },
   {
      "code": "QRRMP5422KT78"
   },
   {
      "code": "8NCUMMB4B55M6"
   },
   {
      "code": "2H5VCG3BV2CY7"
   },
   {
      "code": "WRAS7PHK632UE"
   },
   {
      "code": "ZZHFP5V8WQJN7"
   },
   {
      "code": "XHXET1VRZR5V"
   },
   {
      "code": "SVEJGZ1H4FZH6"
   },
   {
      "code": "WZP9WHKSNU9JA"
   },
   {
      "code": "KBJJG3VTV6E83"
   },
   {
      "code": "SQCVAEXAMFQ1A"
   },
   {
      "code": "V83S2B68G3D76"
   },
   {
      "code": "FWZE28GM6KTD5"
   },
   {
      "code": "8566XCJHKWSD5"
   },
   {
      "code": "DTXWUJ3ZC1PZD"
   },
   {
      "code": "2SWRNH1VM67VE"
   },
   {
      "code": "92XK6GH8PN5S7"
   },
   {
      "code": "FNCDKEVBVXUNF"
   },
   {
      "code": "GAGXX6D6P4NM2"
   },
   {
      "code": "RCKMG7PNPWHM6"
   },
   {
      "code": "FZ28ZW1G78B3B"
   },
   {
      "code": "QMBJ33YKJM3U6"
   },
   {
      "code": "WJZEM7R9R5KZC"
   },
   {
      "code": "CSQ6Y7MPFFA3G"
   },
   {
      "code": "CEHMT7JFE579G"
   },
   {
      "code": "26YYZ3D9581S4"
   },
   {
      "code": "6KA59JKE6D6Z4"
   },
   {
      "code": "3SGDJNM4ZJBPF"
   },
   {
      "code": "NF7QHW1YJ49P7"
   },
   {
      "code": "3QYKKQZGZC5J3"
   },
   {
      "code": "JHW4PHTUBCYCD"
   },
   {
      "code": "EQTJVFC9VFY"
   },
   {
      "code": "BWXAR1RU6HFGC"
   },
   {
      "code": "Z5JJ1QQPFD3R2"
   },
   {
      "code": "X67FEKXPUFH35"
   },
   {
      "code": "WFE5E7QJXGSX7"
   },
   {
      "code": "XRR8SS2BM85FA"
   },
   {
      "code": "TD4J67MP3URHD"
   },
   {
      "code": "TJR4U49NRM636"
   },
   {
      "code": "YQ1ASUEP8943E"
   },
   {
      "code": "QXEXP7Z9GAD72"
   },
   {
      "code": "JAR71WZAJA7GE"
   },
   {
      "code": "6NSNBSDKU274C"
   },
   {
      "code": "8JKPREZ2Y1P4B"
   },
   {
      "code": "9J1NAGJN4EA5B"
   },
   {
      "code": "HR85QED7P3KA2"
   },
   {
      "code": "VSQP7KZKUDW74"
   },
   {
      "code": "U1A1WWVY7Q7P9"
   },
   {
      "code": "8QN17JXWS9KN6"
   },
   {
      "code": "TV3D2BQS9TXZ3"
   },
   {
      "code": "F2QWPWJDT1ZCD"
   },
   {
      "code": "4XAZSCKGJP49F"
   },
   {
      "code": "QVSQS5RWNK5FE"
   },
   {
      "code": "1D74A9BHVFR26"
   },
   {
      "code": "WUUZDR9JPFJ2B"
   },
   {
      "code": "K6PZECXP7U7DF"
   },
   {
      "code": "A48S8H461V1W2"
   },
   {
      "code": "4DTSR61UWGDC4"
   },
   {
      "code": "DFAUUW2WXCDCE"
   },
   {
      "code": "FCBTFHFAZ3KQE"
   },
   {
      "code": "CBXXHJRB2A466"
   },
   {
      "code": "XA3X2VJ6UMSY5"
   },
   {
      "code": "D9FD241ZW8BD2"
   },
   {
      "code": "88R9BKKUVTZ26"
   },
   {
      "code": "SA1CY52HSNV93"
   },
   {
      "code": "DRKFCC5EB8C2G"
   },
   {
      "code": "ACCJ9HK3AFNY"
   },
   {
      "code": "A3JYZF86P1CV6"
   },
   {
      "code": "TZZ4Y712B6J6"
   },
   {
      "code": "64JJ4PY5U5J82"
   },
   {
      "code": "9BMKP7WKJPG27"
   },
   {
      "code": "1BCS1T3HCDM8F"
   }
]
12-05-2020 16:42:31.5 [DEBUG] 1
12-05-2020 16:42:31.6 [DEBUG] 2
12-05-2020 16:42:31.7 [DEBUG] 3
12-05-2020 16:42:31.8 [DEBUG] 4
12-05-2020 16:42:31.9 [DEBUG] 5
12-05-2020 16:42:32.0 [DEBUG] 6
12-05-2020 16:42:32.0 [DEBUG] 7
12-05-2020 16:42:32.1 [DEBUG] 8
12-05-2020 16:42:32.1 [DEBUG] 9
12-05-2020 16:42:32.1 [DEBUG] 10
12-05-2020 16:42:32.1 [DEBUG] 11
12-05-2020 16:42:32.2 [DEBUG] 12
12-05-2020 16:42:32.2 [DEBUG] 13
12-05-2020 16:42:32.2 [DEBUG] 14
12-05-2020 16:42:32.3 [DEBUG] 15
12-05-2020 16:42:32.3 [DEBUG] 16
12-05-2020 16:42:32.3 [NOTICE] page-1.svg
12-05-2020 16:42:32.4 [DEBUG] inkscape out/svg/page-1.svg --export-dpi=300 --export-png=out/png/page-1.png
12-05-2020 16:42:32.4 [DEBUG] 1
12-05-2020 16:42:32.4 [DEBUG] 2
12-05-2020 16:42:32.4 [DEBUG] 3
12-05-2020 16:42:32.4 [DEBUG] 4
12-05-2020 16:42:32.4 [DEBUG] 5
12-05-2020 16:42:32.4 [DEBUG] 6
12-05-2020 16:42:32.4 [DEBUG] 7
12-05-2020 16:42:32.4 [DEBUG] 8
12-05-2020 16:42:32.4 [DEBUG] 9
12-05-2020 16:42:32.4 [DEBUG] 10
12-05-2020 16:42:32.4 [DEBUG] 11
12-05-2020 16:42:32.4 [DEBUG] 12
12-05-2020 16:42:32.4 [DEBUG] 13
12-05-2020 16:42:32.5 [DEBUG] 14
12-05-2020 16:42:32.6 [DEBUG] 15
12-05-2020 16:42:33.0 [NOTICE] page-2.svg
12-05-2020 16:42:33.2 [DEBUG] inkscape out/svg/page-2.svg --export-dpi=300 --export-png=out/png/page-2.png
12-05-2020 16:42:32.8 [DEBUG] 16
12-05-2020 16:42:33.2 [DEBUG] 1
12-05-2020 16:42:33.3 [DEBUG] 2
12-05-2020 16:42:33.3 [DEBUG] 3
12-05-2020 16:42:33.3 [DEBUG] 4
12-05-2020 16:42:33.3 [DEBUG] 5
12-05-2020 16:42:33.3 [DEBUG] 6
12-05-2020 16:42:33.3 [DEBUG] 7
12-05-2020 16:42:33.3 [DEBUG] 8
12-05-2020 16:42:33.3 [DEBUG] 9
12-05-2020 16:42:33.3 [DEBUG] 10
12-05-2020 16:42:33.3 [DEBUG] 11
12-05-2020 16:42:33.3 [DEBUG] 12
12-05-2020 16:42:33.3 [DEBUG] 13
12-05-2020 16:42:33.3 [DEBUG] 14
12-05-2020 16:42:33.3 [DEBUG] 15
12-05-2020 16:42:33.3 [DEBUG] 16
12-05-2020 16:42:33.3 [NOTICE] page-3.svg
12-05-2020 16:42:33.4 [DEBUG] inkscape out/svg/page-3.svg --export-dpi=300 --export-png=out/png/page-3.png
12-05-2020 16:42:33.6 [NOTICE] success
12-05-2020 16:42:34.1 [DEBUG] 1
12-05-2020 16:42:34.3 [DEBUG] 2
12-05-2020 16:42:34.6 [DEBUG] 3
12-05-2020 16:42:34.8 [DEBUG] 4
12-05-2020 16:42:35.0 [DEBUG] 5
12-05-2020 16:42:35.2 [DEBUG] 6
12-05-2020 16:42:35.5 [DEBUG] 7
12-05-2020 16:42:35.9 [DEBUG] 8
12-05-2020 16:42:36.3 [DEBUG] 9
12-05-2020 16:42:36.5 [DEBUG] 10
12-05-2020 16:42:36.7 [DEBUG] 11
12-05-2020 16:42:36.9 [DEBUG] 12
12-05-2020 16:42:37.1 [DEBUG] 13
12-05-2020 16:42:37.4 [DEBUG] 14
12-05-2020 16:42:37.5 [DEBUG] 15
12-05-2020 16:42:37.6 [DEBUG] 16
12-05-2020 16:42:37.7 [NOTICE] page-4.svg
12-05-2020 16:42:37.9 [DEBUG] inkscape out/svg/page-4.svg --export-dpi=300 --export-png=out/png/page-4.png
12-05-2020 16:44:09.7 [NOTICE] 
[
   {
      "code": "QF2H55SG184N9"
   },
   {
      "code": "TE1AK6VPQVFYE"
   },
   {
      "code": "44F4FEC8Y5E9B"
   },
   {
      "code": "W2CRQATAQC798"
   },
   {
      "code": "V5YWUPBCR5CPF"
   },
   {
      "code": "VBGVAKNPK1TKA"
   },
   {
      "code": "G1XUVEJ93U2NC"
   },
   {
      "code": "184XDMD6V4X35"
   },
   {
      "code": "Q7CUWUHF9JSSD"
   },
   {
      "code": "BC8X7JWCWHJP4"
   },
   {
      "code": "5K2P7KNX4HWB"
   },
   {
      "code": "77YWC5CV8PG4"
   },
   {
      "code": "8Q4JCC5XG5J62"
   },
   {
      "code": "TTQ5B5BKA85JD"
   },
   {
      "code": "EQG6VEK5G9ZT"
   },
   {
      "code": "NVANS3JQM4GVD"
   },
   {
      "code": "V6B6Q19EGWZCA"
   },
   {
      "code": "J9AU8JC13FAFA"
   },
   {
      "code": "QHNZGA8B87J18"
   },
   {
      "code": "AJ77CKHFJU9DA"
   },
   {
      "code": "98SGV5RDJ2MZA"
   },
   {
      "code": "H86M3KKW5AKC9"
   },
   {
      "code": "DVT9NPJXSTV6F"
   },
   {
      "code": "U9MMX32SBRC9A"
   },
   {
      "code": "AWUVQ2GDSFEQ9"
   },
   {
      "code": "EQRM1XBK2E7MF"
   },
   {
      "code": "QP2M5HDQ51M8A"
   },
   {
      "code": "8U813164DWN59"
   },
   {
      "code": "63SDGBGVPAZQE"
   },
   {
      "code": "7EK9EXQ5EF56G"
   },
   {
      "code": "JSGKXQHVVSZBA"
   },
   {
      "code": "8YWSEXGGY9DJ9"
   },
   {
      "code": "PFCH47MCQ8ME3"
   },
   {
      "code": "758CAC4UF2277"
   },
   {
      "code": "14UM2AGMAU154"
   },
   {
      "code": "CEHHMV4HE8Q39"
   },
   {
      "code": "BMPKTFCENHQV5"
   },
   {
      "code": "KSZYYHHQUG7EG"
   },
   {
      "code": "ZQ7AYDCE1JM1C"
   },
   {
      "code": "VECPQ9UKT8CT6"
   },
   {
      "code": "GFM75G6GAZ5FD"
   },
   {
      "code": "AVRCXBPUXJSQA"
   },
   {
      "code": "N79C5S2MSMZGB"
   },
   {
      "code": "RUQ179Z2BDGD"
   },
   {
      "code": "2AFFR17TZEGT2"
   },
   {
      "code": "YF9WGD3M4USV4"
   },
   {
      "code": "YVK11H9WVA8K7"
   },
   {
      "code": "EDVX79JZKHCYA"
   },
   {
      "code": "KJ8XJ4WDWZAM3"
   },
   {
      "code": "95SAMPTTXPC44"
   },
   {
      "code": "51KBV3A6Z2U5G"
   },
   {
      "code": "3XNZBJS6F1VM8"
   },
   {
      "code": "YPWGGEK144K42"
   },
   {
      "code": "EKF5NACUK1KJ9"
   },
   {
      "code": "Q5RB329RTUYS4"
   },
   {
      "code": "XPMAB4P54T6AF"
   },
   {
      "code": "FUQDCREHWQ2P6"
   },
   {
      "code": "QRRMP5422KT78"
   },
   {
      "code": "8NCUMMB4B55M6"
   },
   {
      "code": "2H5VCG3BV2CY7"
   },
   {
      "code": "WRAS7PHK632UE"
   },
   {
      "code": "ZZHFP5V8WQJN7"
   },
   {
      "code": "XHXET1VRZR5V"
   },
   {
      "code": "SVEJGZ1H4FZH6"
   },
   {
      "code": "WZP9WHKSNU9JA"
   },
   {
      "code": "KBJJG3VTV6E83"
   },
   {
      "code": "SQCVAEXAMFQ1A"
   },
   {
      "code": "V83S2B68G3D76"
   },
   {
      "code": "FWZE28GM6KTD5"
   },
   {
      "code": "8566XCJHKWSD5"
   },
   {
      "code": "DTXWUJ3ZC1PZD"
   },
   {
      "code": "2SWRNH1VM67VE"
   },
   {
      "code": "92XK6GH8PN5S7"
   },
   {
      "code": "FNCDKEVBVXUNF"
   },
   {
      "code": "GAGXX6D6P4NM2"
   },
   {
      "code": "RCKMG7PNPWHM6"
   },
   {
      "code": "FZ28ZW1G78B3B"
   },
   {
      "code": "QMBJ33YKJM3U6"
   },
   {
      "code": "WJZEM7R9R5KZC"
   },
   {
      "code": "CSQ6Y7MPFFA3G"
   },
   {
      "code": "CEHMT7JFE579G"
   },
   {
      "code": "26YYZ3D9581S4"
   },
   {
      "code": "6KA59JKE6D6Z4"
   },
   {
      "code": "3SGDJNM4ZJBPF"
   },
   {
      "code": "NF7QHW1YJ49P7"
   },
   {
      "code": "3QYKKQZGZC5J3"
   },
   {
      "code": "JHW4PHTUBCYCD"
   },
   {
      "code": "EQTJVFC9VFY"
   },
   {
      "code": "BWXAR1RU6HFGC"
   },
   {
      "code": "Z5JJ1QQPFD3R2"
   },
   {
      "code": "X67FEKXPUFH35"
   },
   {
      "code": "WFE5E7QJXGSX7"
   },
   {
      "code": "XRR8SS2BM85FA"
   },
   {
      "code": "TD4J67MP3URHD"
   },
   {
      "code": "TJR4U49NRM636"
   },
   {
      "code": "YQ1ASUEP8943E"
   },
   {
      "code": "QXEXP7Z9GAD72"
   },
   {
      "code": "JAR71WZAJA7GE"
   },
   {
      "code": "6NSNBSDKU274C"
   },
   {
      "code": "8JKPREZ2Y1P4B"
   },
   {
      "code": "9J1NAGJN4EA5B"
   },
   {
      "code": "HR85QED7P3KA2"
   },
   {
      "code": "VSQP7KZKUDW74"
   },
   {
      "code": "U1A1WWVY7Q7P9"
   },
   {
      "code": "8QN17JXWS9KN6"
   },
   {
      "code": "TV3D2BQS9TXZ3"
   },
   {
      "code": "F2QWPWJDT1ZCD"
   },
   {
      "code": "4XAZSCKGJP49F"
   },
   {
      "code": "QVSQS5RWNK5FE"
   },
   {
      "code": "1D74A9BHVFR26"
   },
   {
      "code": "WUUZDR9JPFJ2B"
   },
   {
      "code": "K6PZECXP7U7DF"
   },
   {
      "code": "A48S8H461V1W2"
   },
   {
      "code": "4DTSR61UWGDC4"
   },
   {
      "code": "DFAUUW2WXCDCE"
   },
   {
      "code": "FCBTFHFAZ3KQE"
   },
   {
      "code": "CBXXHJRB2A466"
   },
   {
      "code": "XA3X2VJ6UMSY5"
   },
   {
      "code": "D9FD241ZW8BD2"
   },
   {
      "code": "88R9BKKUVTZ26"
   },
   {
      "code": "SA1CY52HSNV93"
   },
   {
      "code": "DRKFCC5EB8C2G"
   },
   {
      "code": "ACCJ9HK3AFNY"
   },
   {
      "code": "A3JYZF86P1CV6"
   },
   {
      "code": "TZZ4Y712B6J6"
   },
   {
      "code": "64JJ4PY5U5J82"
   },
   {
      "code": "9BMKP7WKJPG27"
   },
   {
      "code": "1BCS1T3HCDM8F"
   }
]
12-05-2020 16:44:10.3 [DEBUG] 1
12-05-2020 16:44:10.3 [DEBUG] 2
12-05-2020 16:44:10.3 [DEBUG] 3
12-05-2020 16:44:10.3 [DEBUG] 4
12-05-2020 16:44:10.3 [DEBUG] 5
12-05-2020 16:44:10.3 [DEBUG] 6
12-05-2020 16:44:10.4 [DEBUG] 7
12-05-2020 16:44:10.4 [DEBUG] 8
12-05-2020 16:44:10.4 [DEBUG] 9
12-05-2020 16:44:10.4 [DEBUG] 10
12-05-2020 16:44:10.4 [DEBUG] 11
12-05-2020 16:44:10.4 [DEBUG] 12
12-05-2020 16:44:10.4 [DEBUG] 13
12-05-2020 16:44:10.5 [DEBUG] 14
12-05-2020 16:44:10.5 [DEBUG] 15
12-05-2020 16:44:10.5 [DEBUG] 16
12-05-2020 16:44:10.5 [NOTICE] page-1.svg
12-05-2020 16:44:10.5 [DEBUG] inkscape out/svg/page-1.svg --export-dpi=300 --export-png=out/png/page-1.png
12-05-2020 16:44:10.5 [NOTICE] success
12-05-2020 16:44:10.8 [DEBUG] 1
12-05-2020 16:44:10.8 [DEBUG] 2
12-05-2020 16:44:10.8 [DEBUG] 3
12-05-2020 16:44:10.8 [DEBUG] 4
12-05-2020 16:44:11.0 [DEBUG] 5
12-05-2020 16:44:11.0 [DEBUG] 6
12-05-2020 16:44:11.0 [DEBUG] 7
12-05-2020 16:44:11.0 [DEBUG] 8
12-05-2020 16:44:11.0 [DEBUG] 9
12-05-2020 16:44:11.1 [DEBUG] 10
12-05-2020 16:44:11.1 [DEBUG] 11
12-05-2020 16:44:11.1 [DEBUG] 12
12-05-2020 16:44:11.4 [DEBUG] 13
12-05-2020 16:44:11.5 [DEBUG] 14
12-05-2020 16:44:11.6 [DEBUG] 15
12-05-2020 16:44:11.7 [DEBUG] 16
12-05-2020 16:44:11.7 [NOTICE] page-2.svg
12-05-2020 16:44:11.7 [DEBUG] inkscape out/svg/page-2.svg --export-dpi=300 --export-png=out/png/page-2.png
12-05-2020 16:44:11.8 [DEBUG] 1
12-05-2020 16:44:11.8 [DEBUG] 2
12-05-2020 16:44:11.8 [DEBUG] 3
12-05-2020 16:44:11.9 [DEBUG] 4
12-05-2020 16:44:11.9 [DEBUG] 5
12-05-2020 16:44:11.9 [DEBUG] 6
12-05-2020 16:44:12.0 [DEBUG] 7
12-05-2020 16:44:12.1 [DEBUG] 8
12-05-2020 16:44:12.3 [DEBUG] 9
12-05-2020 16:44:12.4 [DEBUG] 10
12-05-2020 16:44:12.5 [DEBUG] 11
12-05-2020 16:44:12.6 [DEBUG] 12
12-05-2020 16:44:12.7 [DEBUG] 13
12-05-2020 16:44:12.9 [DEBUG] 14
12-05-2020 16:44:13.2 [DEBUG] 15
12-05-2020 16:44:13.5 [DEBUG] 16
12-05-2020 16:44:13.7 [NOTICE] page-3.svg
12-05-2020 16:44:14.0 [DEBUG] inkscape out/svg/page-3.svg --export-dpi=300 --export-png=out/png/page-3.png
12-05-2020 16:44:14.2 [ERROR] Failure: Error: EPERM: operation not permitted, open 'C:\node\scripts\out\svg\page-2.svg'
12-05-2020 16:44:14.4 [ERROR] Failure: Error: EPERM: operation not permitted, open 'C:\node\scripts\out\svg\page-3.svg'
12-05-2020 16:44:14.9 [DEBUG] 1
12-05-2020 16:44:15.0 [DEBUG] 2
12-05-2020 16:44:15.1 [DEBUG] 3
12-05-2020 16:44:15.2 [DEBUG] 4
12-05-2020 16:44:15.3 [DEBUG] 5
12-05-2020 16:44:15.4 [DEBUG] 6
12-05-2020 16:44:15.6 [DEBUG] 7
12-05-2020 16:44:15.7 [DEBUG] 8
12-05-2020 16:44:15.8 [DEBUG] 9
12-05-2020 16:44:16.1 [DEBUG] 10
12-05-2020 16:44:16.3 [DEBUG] 11
12-05-2020 16:44:16.4 [DEBUG] 12
12-05-2020 16:44:16.6 [DEBUG] 13
12-05-2020 16:44:16.7 [DEBUG] 14
12-05-2020 16:44:16.9 [DEBUG] 15
12-05-2020 16:44:17.0 [DEBUG] 16
12-05-2020 16:44:17.1 [NOTICE] page-4.svg
12-05-2020 16:44:17.2 [DEBUG] inkscape out/svg/page-4.svg --export-dpi=300 --export-png=out/png/page-4.png
12-05-2020 16:44:17.3 [ERROR] Failure: Error: EPERM: operation not permitted, open 'C:\node\scripts\out\svg\page-4.svg'
12-05-2020 16:44:17.4 [DEBUG] 1
12-05-2020 16:44:17.4 [DEBUG] 2
12-05-2020 16:44:17.5 [DEBUG] 3
12-05-2020 16:44:17.6 [DEBUG] 4
12-05-2020 16:44:17.8 [DEBUG] 5
12-05-2020 16:44:17.9 [DEBUG] 6
12-05-2020 16:44:18.0 [DEBUG] 7
12-05-2020 16:44:18.1 [DEBUG] 8
12-05-2020 16:44:18.1 [DEBUG] 9
12-05-2020 16:44:18.3 [DEBUG] 10
12-05-2020 16:44:18.4 [DEBUG] 11
12-05-2020 16:44:18.5 [DEBUG] 12
12-05-2020 16:44:18.6 [DEBUG] 13
12-05-2020 16:44:18.7 [DEBUG] 14
12-05-2020 16:44:18.8 [DEBUG] 15
12-05-2020 16:44:18.9 [DEBUG] 16
12-05-2020 16:44:18.9 [NOTICE] page-5.svg
12-05-2020 16:44:18.9 [DEBUG] inkscape out/svg/page-5.svg --export-dpi=300 --export-png=out/png/page-5.png
12-05-2020 16:44:18.9 [DEBUG] stderr: 
12-05-2020 16:44:19.0 [DEBUG] 1
12-05-2020 16:44:19.0 [DEBUG] 2
12-05-2020 16:44:19.0 [DEBUG] 3
12-05-2020 16:44:19.0 [DEBUG] 4
12-05-2020 16:44:19.0 [DEBUG] 5
12-05-2020 16:44:19.0 [DEBUG] 6
12-05-2020 16:44:19.1 [DEBUG] 7
12-05-2020 16:44:19.2 [DEBUG] 8
12-05-2020 16:44:19.4 [DEBUG] 9
12-05-2020 16:44:19.6 [DEBUG] 10
12-05-2020 16:44:19.8 [DEBUG] 11
12-05-2020 16:44:20.1 [DEBUG] 12
12-05-2020 16:44:20.3 [DEBUG] 13
12-05-2020 16:44:20.3 [DEBUG] 14
12-05-2020 16:44:20.4 [DEBUG] 15
12-05-2020 16:44:20.5 [DEBUG] 16
12-05-2020 16:44:20.5 [NOTICE] page-6.svg
12-05-2020 16:44:20.6 [DEBUG] inkscape out/svg/page-6.svg --export-dpi=300 --export-png=out/png/page-6.png
12-05-2020 16:44:20.7 [DEBUG] stderr: 
12-05-2020 16:44:20.7 [DEBUG] 1
12-05-2020 16:44:20.7 [DEBUG] 2
12-05-2020 16:44:20.8 [DEBUG] 3
12-05-2020 16:44:20.8 [DEBUG] 4
12-05-2020 16:44:20.8 [DEBUG] 5
12-05-2020 16:44:21.0 [DEBUG] 6
12-05-2020 16:44:21.2 [DEBUG] 7
12-05-2020 16:44:21.5 [DEBUG] 8
12-05-2020 16:44:21.7 [DEBUG] 9
12-05-2020 16:44:21.7 [DEBUG] 10
12-05-2020 16:44:21.9 [DEBUG] 11
12-05-2020 16:44:22.0 [DEBUG] 12
12-05-2020 16:44:22.1 [DEBUG] 13
12-05-2020 16:44:22.2 [DEBUG] 14
12-05-2020 16:44:22.4 [DEBUG] 15
12-05-2020 16:44:22.5 [DEBUG] 16
12-05-2020 16:44:22.6 [NOTICE] page-7.svg
12-05-2020 16:44:22.7 [DEBUG] inkscape out/svg/page-7.svg --export-dpi=300 --export-png=out/png/page-7.png
12-05-2020 16:44:22.9 [DEBUG] stderr: DPI: 300
Background RRGGBBAA: ffffff00
Area 0:0:1122,52:793,701 exported to 3508 x 2480 pixels (300 dpi)
Bitmap saved as: out/png/page-1.png

12-05-2020 16:44:22.9 [DEBUG] 1
12-05-2020 16:44:22.9 [DEBUG] 2
12-05-2020 16:44:22.9 [DEBUG] 3
12-05-2020 16:44:22.9 [DEBUG] 4
12-05-2020 16:44:22.9 [DEBUG] 5
12-05-2020 16:44:22.9 [DEBUG] 6
12-05-2020 16:44:22.9 [DEBUG] 7
12-05-2020 16:44:22.9 [DEBUG] 8
12-05-2020 16:44:23.2 [DEBUG] 9
12-05-2020 16:44:23.4 [DEBUG] 10
12-05-2020 16:44:23.6 [DEBUG] 11
12-05-2020 16:44:23.9 [DEBUG] 12
12-05-2020 16:44:24.1 [DEBUG] 13
12-05-2020 16:44:24.2 [DEBUG] 14
12-05-2020 16:44:24.5 [DEBUG] 15
12-05-2020 16:44:24.7 [DEBUG] 16
12-05-2020 16:44:24.8 [NOTICE] page-8.svg
12-05-2020 16:44:25.1 [DEBUG] inkscape out/svg/page-8.svg --export-dpi=300 --export-png=out/png/page-8.png
12-05-2020 16:44:25.3 [NOTICE] success
12-05-2020 16:44:25.5 [DEBUG] stderr: 
12-05-2020 16:44:25.7 [NOTICE] success
12-05-2020 16:44:25.8 [NOTICE] success
12-05-2020 16:44:26.1 [NOTICE] success
12-05-2020 16:44:28.5 [DEBUG] stderr: DPI: 300
Background RRGGBBAA: ffffff00
Area 0:0:1122,52:793,701 exported to 3508 x 2480 pixels (300 dpi)
Bitmap saved as: out/png/page-5.png

12-05-2020 16:44:30.0 [DEBUG] stderr: DPI: 300
Background RRGGBBAA: ffffff00
Area 0:0:1122,52:793,701 exported to 3508 x 2480 pixels (300 dpi)
Bitmap saved as: out/png/page-6.png

12-05-2020 16:44:31.9 [DEBUG] stderr: DPI: 300
Background RRGGBBAA: ffffff00
Area 0:0:1122,52:793,701 exported to 3508 x 2480 pixels (300 dpi)
Bitmap saved as: out/png/page-7.png

12-05-2020 16:44:34.6 [DEBUG] stderr: DPI: 300
Background RRGGBBAA: ffffff00
Area 0:0:1122,52:793,701 exported to 3508 x 2480 pixels (300 dpi)
Bitmap saved as: out/png/page-8.png

12-05-2020 16:52:26.1 [NOTICE] 
[
   {
      "code": "QF2H55SG184N9"
   },
   {
      "code": "TE1AK6VPQVFYE"
   },
   {
      "code": "44F4FEC8Y5E9B"
   },
   {
      "code": "W2CRQATAQC798"
   },
   {
      "code": "V5YWUPBCR5CPF"
   },
   {
      "code": "VBGVAKNPK1TKA"
   },
   {
      "code": "G1XUVEJ93U2NC"
   },
   {
      "code": "184XDMD6V4X35"
   },
   {
      "code": "Q7CUWUHF9JSSD"
   },
   {
      "code": "BC8X7JWCWHJP4"
   },
   {
      "code": "5K2P7KNX4HWB"
   },
   {
      "code": "77YWC5CV8PG4"
   },
   {
      "code": "8Q4JCC5XG5J62"
   },
   {
      "code": "TTQ5B5BKA85JD"
   },
   {
      "code": "EQG6VEK5G9ZT"
   },
   {
      "code": "NVANS3JQM4GVD"
   },
   {
      "code": "V6B6Q19EGWZCA"
   },
   {
      "code": "J9AU8JC13FAFA"
   },
   {
      "code": "QHNZGA8B87J18"
   },
   {
      "code": "AJ77CKHFJU9DA"
   },
   {
      "code": "98SGV5RDJ2MZA"
   },
   {
      "code": "H86M3KKW5AKC9"
   },
   {
      "code": "DVT9NPJXSTV6F"
   },
   {
      "code": "U9MMX32SBRC9A"
   },
   {
      "code": "AWUVQ2GDSFEQ9"
   },
   {
      "code": "EQRM1XBK2E7MF"
   },
   {
      "code": "QP2M5HDQ51M8A"
   },
   {
      "code": "8U813164DWN59"
   },
   {
      "code": "63SDGBGVPAZQE"
   },
   {
      "code": "7EK9EXQ5EF56G"
   },
   {
      "code": "JSGKXQHVVSZBA"
   },
   {
      "code": "8YWSEXGGY9DJ9"
   },
   {
      "code": "PFCH47MCQ8ME3"
   },
   {
      "code": "758CAC4UF2277"
   },
   {
      "code": "14UM2AGMAU154"
   },
   {
      "code": "CEHHMV4HE8Q39"
   },
   {
      "code": "BMPKTFCENHQV5"
   },
   {
      "code": "KSZYYHHQUG7EG"
   },
   {
      "code": "ZQ7AYDCE1JM1C"
   },
   {
      "code": "VECPQ9UKT8CT6"
   },
   {
      "code": "GFM75G6GAZ5FD"
   },
   {
      "code": "AVRCXBPUXJSQA"
   },
   {
      "code": "N79C5S2MSMZGB"
   },
   {
      "code": "RUQ179Z2BDGD"
   },
   {
      "code": "2AFFR17TZEGT2"
   },
   {
      "code": "YF9WGD3M4USV4"
   },
   {
      "code": "YVK11H9WVA8K7"
   },
   {
      "code": "EDVX79JZKHCYA"
   },
   {
      "code": "KJ8XJ4WDWZAM3"
   },
   {
      "code": "95SAMPTTXPC44"
   },
   {
      "code": "51KBV3A6Z2U5G"
   },
   {
      "code": "3XNZBJS6F1VM8"
   },
   {
      "code": "YPWGGEK144K42"
   },
   {
      "code": "EKF5NACUK1KJ9"
   },
   {
      "code": "Q5RB329RTUYS4"
   },
   {
      "code": "XPMAB4P54T6AF"
   },
   {
      "code": "FUQDCREHWQ2P6"
   },
   {
      "code": "QRRMP5422KT78"
   },
   {
      "code": "8NCUMMB4B55M6"
   },
   {
      "code": "2H5VCG3BV2CY7"
   },
   {
      "code": "WRAS7PHK632UE"
   },
   {
      "code": "ZZHFP5V8WQJN7"
   },
   {
      "code": "XHXET1VRZR5V"
   },
   {
      "code": "SVEJGZ1H4FZH6"
   },
   {
      "code": "WZP9WHKSNU9JA"
   },
   {
      "code": "KBJJG3VTV6E83"
   },
   {
      "code": "SQCVAEXAMFQ1A"
   },
   {
      "code": "V83S2B68G3D76"
   },
   {
      "code": "FWZE28GM6KTD5"
   },
   {
      "code": "8566XCJHKWSD5"
   },
   {
      "code": "DTXWUJ3ZC1PZD"
   },
   {
      "code": "2SWRNH1VM67VE"
   },
   {
      "code": "92XK6GH8PN5S7"
   },
   {
      "code": "FNCDKEVBVXUNF"
   },
   {
      "code": "GAGXX6D6P4NM2"
   },
   {
      "code": "RCKMG7PNPWHM6"
   },
   {
      "code": "FZ28ZW1G78B3B"
   },
   {
      "code": "QMBJ33YKJM3U6"
   },
   {
      "code": "WJZEM7R9R5KZC"
   },
   {
      "code": "CSQ6Y7MPFFA3G"
   },
   {
      "code": "CEHMT7JFE579G"
   },
   {
      "code": "26YYZ3D9581S4"
   },
   {
      "code": "6KA59JKE6D6Z4"
   },
   {
      "code": "3SGDJNM4ZJBPF"
   },
   {
      "code": "NF7QHW1YJ49P7"
   },
   {
      "code": "3QYKKQZGZC5J3"
   },
   {
      "code": "JHW4PHTUBCYCD"
   },
   {
      "code": "EQTJVFC9VFY"
   },
   {
      "code": "BWXAR1RU6HFGC"
   },
   {
      "code": "Z5JJ1QQPFD3R2"
   },
   {
      "code": "X67FEKXPUFH35"
   },
   {
      "code": "WFE5E7QJXGSX7"
   },
   {
      "code": "XRR8SS2BM85FA"
   },
   {
      "code": "TD4J67MP3URHD"
   },
   {
      "code": "TJR4U49NRM636"
   },
   {
      "code": "YQ1ASUEP8943E"
   },
   {
      "code": "QXEXP7Z9GAD72"
   },
   {
      "code": "JAR71WZAJA7GE"
   },
   {
      "code": "6NSNBSDKU274C"
   },
   {
      "code": "8JKPREZ2Y1P4B"
   },
   {
      "code": "9J1NAGJN4EA5B"
   },
   {
      "code": "HR85QED7P3KA2"
   },
   {
      "code": "VSQP7KZKUDW74"
   },
   {
      "code": "U1A1WWVY7Q7P9"
   },
   {
      "code": "8QN17JXWS9KN6"
   },
   {
      "code": "TV3D2BQS9TXZ3"
   },
   {
      "code": "F2QWPWJDT1ZCD"
   },
   {
      "code": "4XAZSCKGJP49F"
   },
   {
      "code": "QVSQS5RWNK5FE"
   },
   {
      "code": "1D74A9BHVFR26"
   },
   {
      "code": "WUUZDR9JPFJ2B"
   },
   {
      "code": "K6PZECXP7U7DF"
   },
   {
      "code": "A48S8H461V1W2"
   },
   {
      "code": "4DTSR61UWGDC4"
   },
   {
      "code": "DFAUUW2WXCDCE"
   },
   {
      "code": "FCBTFHFAZ3KQE"
   },
   {
      "code": "CBXXHJRB2A466"
   },
   {
      "code": "XA3X2VJ6UMSY5"
   },
   {
      "code": "D9FD241ZW8BD2"
   },
   {
      "code": "88R9BKKUVTZ26"
   },
   {
      "code": "SA1CY52HSNV93"
   },
   {
      "code": "DRKFCC5EB8C2G"
   },
   {
      "code": "ACCJ9HK3AFNY"
   },
   {
      "code": "A3JYZF86P1CV6"
   },
   {
      "code": "TZZ4Y712B6J6"
   },
   {
      "code": "64JJ4PY5U5J82"
   },
   {
      "code": "9BMKP7WKJPG27"
   },
   {
      "code": "1BCS1T3HCDM8F"
   }
]
12-05-2020 16:52:26.6 [DEBUG] 1
12-05-2020 16:52:26.7 [DEBUG] 2
12-05-2020 16:52:26.8 [DEBUG] 3
12-05-2020 16:52:26.8 [DEBUG] 4
12-05-2020 16:52:26.8 [DEBUG] 5
12-05-2020 16:52:26.8 [DEBUG] 6
12-05-2020 16:52:26.9 [DEBUG] 7
12-05-2020 16:52:26.9 [DEBUG] 8
12-05-2020 16:52:26.9 [DEBUG] 9
12-05-2020 16:52:26.9 [DEBUG] 10
12-05-2020 16:52:27.0 [DEBUG] 11
12-05-2020 16:52:27.0 [DEBUG] 12
12-05-2020 16:52:27.1 [DEBUG] 13
12-05-2020 16:52:27.1 [DEBUG] 14
12-05-2020 16:52:27.2 [DEBUG] 15
12-05-2020 16:52:27.2 [DEBUG] 16
12-05-2020 16:52:27.2 [NOTICE] page-1.svg
12-05-2020 16:52:27.3 [DEBUG] inkscape out/svg/page-1.svg --export-dpi=300 --export-png=out/png/page-1.png
12-05-2020 16:52:27.5 [DEBUG] 1
12-05-2020 16:52:27.6 [DEBUG] 2
12-05-2020 16:52:27.6 [DEBUG] 3
12-05-2020 16:52:27.6 [DEBUG] 4
12-05-2020 16:52:27.6 [DEBUG] 5
12-05-2020 16:52:27.6 [DEBUG] 6
12-05-2020 16:52:27.6 [DEBUG] 7
12-05-2020 16:52:27.6 [DEBUG] 8
12-05-2020 16:52:27.6 [DEBUG] 9
12-05-2020 16:52:27.6 [DEBUG] 10
12-05-2020 16:52:27.6 [DEBUG] 11
12-05-2020 16:52:27.6 [DEBUG] 12
12-05-2020 16:52:27.6 [DEBUG] 13
12-05-2020 16:52:27.7 [DEBUG] 14
12-05-2020 16:52:27.7 [DEBUG] 15
12-05-2020 16:52:27.8 [DEBUG] 16
12-05-2020 16:52:27.8 [NOTICE] page-2.svg
12-05-2020 16:52:27.8 [DEBUG] inkscape out/svg/page-2.svg --export-dpi=300 --export-png=out/png/page-2.png
12-05-2020 16:52:27.9 [NOTICE] success
12-05-2020 16:52:28.1 [DEBUG] 1
12-05-2020 16:52:28.2 [DEBUG] 2
12-05-2020 16:52:28.2 [DEBUG] 3
12-05-2020 16:52:28.5 [DEBUG] 4
12-05-2020 16:52:29.0 [DEBUG] 5
12-05-2020 16:52:29.3 [DEBUG] 6
12-05-2020 16:52:29.4 [DEBUG] 7
12-05-2020 16:52:29.6 [DEBUG] 8
12-05-2020 16:52:29.7 [DEBUG] 9
12-05-2020 16:52:29.8 [DEBUG] 10
12-05-2020 16:52:29.9 [DEBUG] 11
12-05-2020 16:52:30.0 [DEBUG] 12
12-05-2020 16:52:30.1 [DEBUG] 13
12-05-2020 16:52:30.2 [DEBUG] 14
12-05-2020 16:52:30.4 [DEBUG] 15
12-05-2020 16:52:30.4 [DEBUG] 16
12-05-2020 16:52:30.5 [NOTICE] page-3.svg
12-05-2020 16:52:30.6 [DEBUG] inkscape out/svg/page-3.svg --export-dpi=300 --export-png=out/png/page-3.png
12-05-2020 16:52:30.7 [NOTICE] success
12-05-2020 16:52:31.2 [DEBUG] 1
12-05-2020 16:52:31.4 [DEBUG] 2
12-05-2020 16:52:31.4 [DEBUG] 3
12-05-2020 16:52:31.5 [DEBUG] 4
12-05-2020 16:52:31.8 [DEBUG] 5
12-05-2020 16:52:32.0 [DEBUG] 6
12-05-2020 16:52:32.3 [DEBUG] 7
12-05-2020 16:52:32.7 [DEBUG] 8
12-05-2020 16:52:32.8 [DEBUG] 9
12-05-2020 16:52:33.0 [DEBUG] 10
12-05-2020 16:52:33.1 [DEBUG] 11
12-05-2020 16:52:33.2 [DEBUG] 12
12-05-2020 16:52:33.4 [DEBUG] 13
12-05-2020 16:52:34.5 [DEBUG] 14
12-05-2020 16:52:34.7 [DEBUG] 15
12-05-2020 16:52:35.1 [DEBUG] 16
12-05-2020 16:52:35.6 [NOTICE] page-4.svg
12-05-2020 16:52:36.0 [DEBUG] inkscape out/svg/page-4.svg --export-dpi=300 --export-png=out/png/page-4.png
12-05-2020 16:52:36.3 [DEBUG] 1
12-05-2020 16:52:36.5 [DEBUG] 2
12-05-2020 16:52:36.8 [DEBUG] 3
12-05-2020 16:52:37.3 [DEBUG] 4
12-05-2020 16:52:37.9 [DEBUG] 5
12-05-2020 16:52:38.8 [DEBUG] 6
12-05-2020 16:52:39.9 [DEBUG] 7
12-05-2020 16:52:40.5 [DEBUG] 8
12-05-2020 16:52:40.9 [DEBUG] 9
12-05-2020 16:52:42.3 [DEBUG] 10
12-05-2020 16:52:42.6 [DEBUG] 11
12-05-2020 16:52:43.0 [DEBUG] 12
12-05-2020 16:52:43.5 [DEBUG] 13
12-05-2020 16:52:43.8 [DEBUG] 14
12-05-2020 16:52:44.2 [DEBUG] 15
12-05-2020 16:52:44.6 [DEBUG] 16
12-05-2020 16:52:45.1 [NOTICE] page-5.svg
12-05-2020 16:52:45.5 [DEBUG] inkscape out/svg/page-5.svg --export-dpi=300 --export-png=out/png/page-5.png
12-05-2020 16:52:45.7 [DEBUG] 1
12-05-2020 16:52:46.4 [DEBUG] 2
12-05-2020 16:52:46.8 [DEBUG] 3
12-05-2020 16:52:47.1 [DEBUG] 4
12-05-2020 16:52:47.4 [DEBUG] 5
12-05-2020 16:52:47.6 [DEBUG] 6
12-05-2020 16:52:47.8 [DEBUG] 7
12-05-2020 16:52:48.2 [DEBUG] 8
12-05-2020 16:52:48.7 [DEBUG] 9
12-05-2020 16:52:48.9 [DEBUG] 10
12-05-2020 16:52:49.9 [DEBUG] 11
12-05-2020 16:52:50.1 [DEBUG] 12
12-05-2020 16:52:50.2 [DEBUG] 13
12-05-2020 16:52:50.8 [DEBUG] 14
12-05-2020 16:52:51.1 [DEBUG] 15
12-05-2020 16:52:51.4 [DEBUG] 16
12-05-2020 16:52:51.6 [NOTICE] page-6.svg
12-05-2020 16:52:51.9 [DEBUG] inkscape out/svg/page-6.svg --export-dpi=300 --export-png=out/png/page-6.png
12-05-2020 16:52:52.1 [NOTICE] success
12-05-2020 16:52:52.3 [DEBUG] 1
12-05-2020 16:52:52.4 [DEBUG] 2
12-05-2020 16:52:52.7 [DEBUG] 3
12-05-2020 16:52:52.8 [DEBUG] 4
12-05-2020 16:52:53.1 [DEBUG] 5
12-05-2020 16:52:53.3 [DEBUG] 6
12-05-2020 16:52:53.5 [DEBUG] 7
12-05-2020 16:52:53.7 [DEBUG] 8
12-05-2020 16:52:53.9 [DEBUG] 9
12-05-2020 16:52:54.2 [DEBUG] 10
12-05-2020 16:52:54.6 [DEBUG] 11
12-05-2020 16:52:54.8 [DEBUG] 12
12-05-2020 16:52:54.9 [DEBUG] 13
12-05-2020 16:52:55.1 [DEBUG] 14
12-05-2020 16:52:55.3 [DEBUG] 15
12-05-2020 16:52:55.4 [DEBUG] 16
12-05-2020 16:52:55.5 [NOTICE] page-7.svg
12-05-2020 16:52:55.6 [DEBUG] inkscape out/svg/page-7.svg --export-dpi=300 --export-png=out/png/page-7.png
12-05-2020 16:52:55.7 [NOTICE] success
12-05-2020 16:52:56.0 [DEBUG] stderr: DPI: 300
Background RRGGBBAA: ffffff00
Area 0:0:1122,52:793,701 exported to 3508 x 2480 pixels (300 dpi)
Bitmap saved as: out/png/page-2.png

12-05-2020 16:52:56.3 [DEBUG] stderr: DPI: 300
Background RRGGBBAA: ffffff00
Area 0:0:1122,52:793,701 exported to 3508 x 2480 pixels (300 dpi)
Bitmap saved as: out/png/page-1.png

12-05-2020 16:52:56.4 [DEBUG] 1
12-05-2020 16:52:56.4 [DEBUG] 2
12-05-2020 16:52:56.5 [DEBUG] 3
12-05-2020 16:52:56.6 [DEBUG] 4
12-05-2020 16:52:56.9 [DEBUG] 5
12-05-2020 16:52:57.2 [DEBUG] 6
12-05-2020 16:52:57.4 [DEBUG] 7
12-05-2020 16:52:57.5 [DEBUG] 8
12-05-2020 16:52:57.6 [DEBUG] 9
12-05-2020 16:52:57.9 [DEBUG] 10
12-05-2020 16:52:58.2 [DEBUG] 11
12-05-2020 16:52:58.4 [DEBUG] 12
12-05-2020 16:52:58.9 [DEBUG] 13
12-05-2020 16:52:59.1 [DEBUG] 14
12-05-2020 16:52:59.4 [DEBUG] 15
12-05-2020 16:52:59.8 [DEBUG] 16
12-05-2020 16:53:00.2 [NOTICE] page-8.svg
12-05-2020 16:53:00.9 [DEBUG] inkscape out/svg/page-8.svg --export-dpi=300 --export-png=out/png/page-8.png
12-05-2020 16:53:01.3 [NOTICE] success
12-05-2020 16:53:01.7 [NOTICE] success
12-05-2020 16:53:02.2 [DEBUG] stderr: 
12-05-2020 16:53:02.4 [DEBUG] stderr: DPI: 300
Background RRGGBBAA: ffffff00
Area 0:0:1122,52:793,701 exported to 3508 x 2480 pixels (300 dpi)
Bitmap saved as: out/png/page-3.png

12-05-2020 16:53:03.0 [NOTICE] success
12-05-2020 16:53:03.9 [DEBUG] stderr: DPI: 300
Background RRGGBBAA: ffffff00
Area 0:0:1122,52:793,701 exported to 3508 x 2480 pixels (300 dpi)
Bitmap saved as: out/png/page-4.png

12-05-2020 16:53:04.3 [NOTICE] success
12-05-2020 16:53:08.5 [DEBUG] stderr: DPI: 300
Background RRGGBBAA: ffffff00
Area 0:0:1122,52:793,701 exported to 3508 x 2480 pixels (300 dpi)
Bitmap saved as: out/png/page-6.png

12-05-2020 16:53:13.2 [DEBUG] stderr: DPI: 300
Background RRGGBBAA: ffffff00
Area 0:0:1122,52:793,701 exported to 3508 x 2480 pixels (300 dpi)
Bitmap saved as: out/png/page-7.png

12-05-2020 16:53:20.8 [DEBUG] stderr: DPI: 300
Background RRGGBBAA: ffffff00
Area 0:0:1122,52:793,701 exported to 3508 x 2480 pixels (300 dpi)
Bitmap saved as: out/png/page-8.png

