20-03-2020 11:19:33.2 [ERROR] 
{
   "errno": -4058,
   "code": "ENOENT",
   "syscall": "open",
   "path": "C:\\node\\scripts\\voucher-POS.svg"
}
20-03-2020 11:20:12.5 [NOTICE] 
[
   {
      "code": "F3BF499H3FK5C"
   },
   {
      "code": "MNF4KCK85R6GG"
   },
   {
      "code": "72YZ7F3JC5418"
   },
   {
      "code": "MG5XYMQTQRZR"
   },
   {
      "code": "ENTSPJHR797V3"
   },
   {
      "code": "KQN89ZDR6S5RA"
   },
   {
      "code": "JPVDDT6UY635E"
   },
   {
      "code": "68CE177BFT3H"
   },
   {
      "code": "S49PNHRKJUT9"
   },
   {
      "code": "8S8QCD7SFRZB"
   },
   {
      "code": "5M286XXUNK7V6"
   },
   {
      "code": "SK8ZHPK43F9E8"
   },
   {
      "code": "PAMM9ZYXD1CMG"
   },
   {
      "code": "TUD6DWX5ND7H8"
   },
   {
      "code": "G8S1TN9VRPDV7"
   },
   {
      "code": "H5Y7CVHWSRFU3"
   },
   {
      "code": "97TUTT3CBSRHA"
   },
   {
      "code": "XFV8CTSZ111RF"
   },
   {
      "code": "8X9UCEGZFZWFE"
   },
   {
      "code": "22GP65175CAF2"
   },
   {
      "code": "4JFBC2X1636A2"
   },
   {
      "code": "8G5HBNE81UDCG"
   },
   {
      "code": "DPVPE8926UXSA"
   },
   {
      "code": "1YZNZ964T7D1F"
   },
   {
      "code": "124CUU934B937"
   },
   {
      "code": "9JQJ5GSBHF1R7"
   },
   {
      "code": "4H1GYGP42HEDG"
   },
   {
      "code": "ZGZRA7Z148VG9"
   },
   {
      "code": "TNW25QMYFPFNA"
   },
   {
      "code": "EH91ABEZ5GWNB"
   },
   {
      "code": "4M2G5ED1JH549"
   },
   {
      "code": "QXG778WKRPG24"
   },
   {
      "code": "1UES4X2TFA693"
   },
   {
      "code": "J4M84X3VSA6P8"
   },
   {
      "code": "Y6FJZWGNNC7Q8"
   },
   {
      "code": "BK4KVT87YN3S4"
   },
   {
      "code": "ZNR3SRQFF2WVB"
   },
   {
      "code": "2NDJR8H87QPA6"
   },
   {
      "code": "S4BSFP2W9P293"
   },
   {
      "code": "VHYGXSDBET4F7"
   },
   {
      "code": "2YEE9YBAZE25"
   },
   {
      "code": "Y4XAXN8VHVNU"
   },
   {
      "code": "PX9Q4VE5AQ98B"
   },
   {
      "code": "99TUB1W464C95"
   }
]
20-03-2020 11:20:14.0 [NOTICE] page-1.svg
20-03-2020 11:20:14.2 [DEBUG] inkscape out/svg/page-1.svg --export-dpi=300 --export-png=out/png/page-1.png
20-03-2020 11:20:14.3 [NOTICE] success
20-03-2020 11:20:29.6 [DEBUG] stderr: DPI: 300
Background RRGGBBAA: ffffff00
Area 0:0:1122,52:793,701 exported to 3508 x 2480 pixels (300 dpi)
Bitmap saved as: out/png/page-1.png

20-03-2020 11:24:33.3 [NOTICE] 
[
   {
      "code": "U8PYEGT3KE1E8"
   },
   {
      "code": "EW84HT33JTQ95"
   },
   {
      "code": "XPG3SVW2811U7"
   },
   {
      "code": "KYUFZ5GUHGW59"
   },
   {
      "code": "RS9Q3STYBXXJ7"
   },
   {
      "code": "9YZD73ATSDY38"
   },
   {
      "code": "RWTGAZ8YAK2P7"
   },
   {
      "code": "Q28DE8SNG7G8E"
   },
   {
      "code": "99CZF579WQJS8"
   },
   {
      "code": "3MRK2VDPTR45D"
   },
   {
      "code": "9TWWAGQABQDH5"
   },
   {
      "code": "EF8PBRQ4ESG49"
   },
   {
      "code": "N84NKDNPWKC8A"
   },
   {
      "code": "3CSPD37BMH6SB"
   },
   {
      "code": "Q4UFH73VM8H2E"
   },
   {
      "code": "NU817AN8XK917"
   },
   {
      "code": "WCKG8U28AU81G"
   },
   {
      "code": "EXQG3FR38TE89"
   },
   {
      "code": "ATJ3VH1Q3V834"
   },
   {
      "code": "Q3YJSBPPGDUG6"
   },
   {
      "code": "AP5B12A3C6ZAC"
   },
   {
      "code": "UTSKRD82WTV5D"
   },
   {
      "code": "BYZPR38D8RKZC"
   },
   {
      "code": "ZAHJE7XWE153A"
   },
   {
      "code": "V9P5XF55CZ7A9"
   },
   {
      "code": "AJGTUP8S5WCDG"
   },
   {
      "code": "73UV9XZDT5P12"
   },
   {
      "code": "WN6K3AJPHWNB9"
   },
   {
      "code": "QHYB8TDV3ZXB6"
   },
   {
      "code": "K2KW52496XH5A"
   },
   {
      "code": "1TKWHTWTHBB15"
   },
   {
      "code": "FAYA8TP9S3MY2"
   },
   {
      "code": "297ZJGDWQ8JCF"
   },
   {
      "code": "E2RFEM6C1AKJ6"
   },
   {
      "code": "SQ1373Z2MJHD7"
   },
   {
      "code": "EN3NGQ17YXQP3"
   },
   {
      "code": "U94HK1681CFYB"
   },
   {
      "code": "54QBBBJU33VM"
   },
   {
      "code": "TWUY4WJ19Y68G"
   },
   {
      "code": "TECEWS1FSP5BE"
   },
   {
      "code": "WHF65ZASE7T98"
   },
   {
      "code": "8NKZR4GDVH8XD"
   },
   {
      "code": "3JZZAC56HUKTE"
   },
   {
      "code": "SMX17MHEZKPU8"
   }
]
20-03-2020 11:24:35.2 [NOTICE] page-1.svg
20-03-2020 11:24:35.3 [DEBUG] inkscape out/svg/page-1.svg --export-dpi=300 --export-png=out/png/page-1.png
20-03-2020 11:24:35.5 [NOTICE] success
20-03-2020 11:24:46.7 [DEBUG] stderr: DPI: 300
Background RRGGBBAA: ffffff00
Area 0:0:1122,52:793,701 exported to 3508 x 2480 pixels (300 dpi)
Bitmap saved as: out/png/page-1.png

20-03-2020 11:47:21.8 [NOTICE] 
[
   {
      "code": "F3BF499H3FK5C"
   },
   {
      "code": "MNF4KCK85R6GG"
   },
   {
      "code": "72YZ7F3JC5418"
   },
   {
      "code": "MG5XYMQTQRZR"
   },
   {
      "code": "ENTSPJHR797V3"
   },
   {
      "code": "KQN89ZDR6S5RA"
   },
   {
      "code": "JPVDDT6UY635E"
   },
   {
      "code": "68CE177BFT3H"
   },
   {
      "code": "S49PNHRKJUT9"
   },
   {
      "code": "8S8QCD7SFRZB"
   },
   {
      "code": "5M286XXUNK7V6"
   },
   {
      "code": "SK8ZHPK43F9E8"
   },
   {
      "code": "PAMM9ZYXD1CMG"
   },
   {
      "code": "TUD6DWX5ND7H8"
   },
   {
      "code": "G8S1TN9VRPDV7"
   },
   {
      "code": "H5Y7CVHWSRFU3"
   },
   {
      "code": "97TUTT3CBSRHA"
   },
   {
      "code": "XFV8CTSZ111RF"
   },
   {
      "code": "8X9UCEGZFZWFE"
   },
   {
      "code": "22GP65175CAF2"
   },
   {
      "code": "4JFBC2X1636A2"
   },
   {
      "code": "8G5HBNE81UDCG"
   },
   {
      "code": "DPVPE8926UXSA"
   },
   {
      "code": "1YZNZ964T7D1F"
   },
   {
      "code": "124CUU934B937"
   },
   {
      "code": "9JQJ5GSBHF1R7"
   },
   {
      "code": "4H1GYGP42HEDG"
   },
   {
      "code": "ZGZRA7Z148VG9"
   },
   {
      "code": "TNW25QMYFPFNA"
   },
   {
      "code": "EH91ABEZ5GWNB"
   },
   {
      "code": "4M2G5ED1JH549"
   },
   {
      "code": "QXG778WKRPG24"
   },
   {
      "code": "1UES4X2TFA693"
   },
   {
      "code": "J4M84X3VSA6P8"
   },
   {
      "code": "Y6FJZWGNNC7Q8"
   },
   {
      "code": "BK4KVT87YN3S4"
   },
   {
      "code": "ZNR3SRQFF2WVB"
   },
   {
      "code": "2NDJR8H87QPA6"
   },
   {
      "code": "S4BSFP2W9P293"
   },
   {
      "code": "VHYGXSDBET4F7"
   },
   {
      "code": "2YEE9YBAZE25"
   },
   {
      "code": "Y4XAXN8VHVNU"
   },
   {
      "code": "PX9Q4VE5AQ98B"
   },
   {
      "code": "99TUB1W464C95"
   }
]
20-03-2020 11:47:23.5 [NOTICE] page-1.svg
20-03-2020 11:47:23.6 [DEBUG] inkscape out/svg/page-1.svg --export-dpi=300 --export-png=out/png/page-1.png
20-03-2020 11:47:23.6 [NOTICE] success
20-03-2020 11:47:33.5 [DEBUG] stderr: DPI: 300
Background RRGGBBAA: ffffff00
Area 0:0:1122,52:793,701 exported to 3508 x 2480 pixels (300 dpi)
Bitmap saved as: out/png/page-1.png

20-03-2020 11:49:27.9 [NOTICE] 
[
   {
      "code": "7SV9A84B45R27"
   },
   {
      "code": "51FQ64VAVD7B8"
   },
   {
      "code": "YXN4XWXXC8E79"
   },
   {
      "code": "CBARK9B9FJWZ6"
   },
   {
      "code": "U67HYRNFF1XM"
   },
   {
      "code": "8WZS1J5ZVU639"
   },
   {
      "code": "TQP9PT4G6T8S8"
   },
   {
      "code": "1MAVCPT8AWJ95"
   },
   {
      "code": "4CWA5FGB8J3DF"
   },
   {
      "code": "C5YVSUP3SVP3G"
   },
   {
      "code": "K88P7K4AKT9E4"
   },
   {
      "code": "KXU8ANRPX5AS9"
   },
   {
      "code": "15KMQXGN5G7B2"
   },
   {
      "code": "615U7RZAR7P56"
   },
   {
      "code": "R9DSUJF7P8534"
   },
   {
      "code": "YDN1C7FHFKDN7"
   },
   {
      "code": "4P4SBB4TX1EQD"
   },
   {
      "code": "3CYUZF9TJYNF4"
   },
   {
      "code": "1HGCUYY548DSA"
   },
   {
      "code": "VYB8M2SZHQTQF"
   },
   {
      "code": "WCP755K3CJD1C"
   },
   {
      "code": "HVPM4FDAKM6UC"
   },
   {
      "code": "4XRBYTBSHTGQ9"
   },
   {
      "code": "AZG2PDWBSEHM3"
   },
   {
      "code": "MBR169Z88V7FD"
   },
   {
      "code": "MK2182C6PFA8"
   },
   {
      "code": "88ZJ6KRFPGBC8"
   },
   {
      "code": "QUPM8H2S6B676"
   },
   {
      "code": "U1WTPV8HZCHF"
   },
   {
      "code": "M173B7DMZE4S3"
   },
   {
      "code": "VQ1PRT369EVK7"
   },
   {
      "code": "JH9PJA6K5G536"
   },
   {
      "code": "JUPEU64SXQYR2"
   },
   {
      "code": "YMEJ9AAD7SET6"
   },
   {
      "code": "5ZF5UPW4TRVFB"
   },
   {
      "code": "URDGPMQUFPXFD"
   },
   {
      "code": "8X22HVTVYG2AA"
   },
   {
      "code": "7YV4P58YJKDX8"
   },
   {
      "code": "Y3S9NXW66NHT5"
   },
   {
      "code": "464TGNKPCKAU6"
   },
   {
      "code": "SZY82Z6FYPMTA"
   },
   {
      "code": "2E4V941W5J1XA"
   },
   {
      "code": "PSZ48W1CXT3EG"
   },
   {
      "code": "9BQK9SASTPHD4"
   }
]
20-03-2020 11:49:29.0 [NOTICE] page-1.svg
20-03-2020 11:49:29.1 [DEBUG] inkscape out/svg/page-1.svg --export-dpi=300 --export-png=out/png/page-1.png
20-03-2020 11:49:29.1 [NOTICE] success
20-03-2020 11:49:39.9 [DEBUG] stderr: DPI: 300
Background RRGGBBAA: ffffff00
Area 0:0:1122,52:793,701 exported to 3508 x 2480 pixels (300 dpi)
Bitmap saved as: out/png/page-1.png

20-03-2020 12:00:46.4 [NOTICE] 
[
   {
      "code": "NXUVYDNWVWECD"
   },
   {
      "code": "EGU6XP9Z1AR2B"
   },
   {
      "code": "MV27KPUPC28FE"
   },
   {
      "code": "YCA12ZN635KH2"
   },
   {
      "code": "BWSQR2FBYD76E"
   },
   {
      "code": "7P3EXXHVQRZ3D"
   },
   {
      "code": "SUK79MR34ZEV4"
   },
   {
      "code": "746A3378W7MNG"
   },
   {
      "code": "7VHJYBP9RJJR8"
   },
   {
      "code": "WJZWKQ4KS2X28"
   },
   {
      "code": "7R88WEQS1F8E2"
   },
   {
      "code": "4AYE1WNUW6XGE"
   },
   {
      "code": "H5NJSYFN2K2Y2"
   },
   {
      "code": "RZNHYAZTE1WX6"
   },
   {
      "code": "D54PM859E3R92"
   },
   {
      "code": "9W5DYHGJ6ZD27"
   },
   {
      "code": "KCQ5DX9RNDK3E"
   },
   {
      "code": "VG8Q835MZNTQ5"
   },
   {
      "code": "QSD7H2ZWQYRWA"
   },
   {
      "code": "R2UABATV7ZYN"
   },
   {
      "code": "2N5NRCRFZFKYE"
   },
   {
      "code": "Q6W7RQWSEFN1C"
   },
   {
      "code": "JC2SH5F2CQRVC"
   },
   {
      "code": "JAMEVP3AS9GQ"
   },
   {
      "code": "FPKG4NMUQ77G6"
   },
   {
      "code": "XZXMG4USWWUHE"
   },
   {
      "code": "NADJJ1D1BBND3"
   },
   {
      "code": "VZ4C67VJXB8E2"
   },
   {
      "code": "U9XG6UCA2KAJ2"
   },
   {
      "code": "FUYYFHGBT55JE"
   },
   {
      "code": "5ZRDQ31WQ293A"
   },
   {
      "code": "PUE89QBTK3F47"
   },
   {
      "code": "T1TD5XVHGFD28"
   },
   {
      "code": "HHZ3ZAVS9MY3C"
   },
   {
      "code": "65CFX7SZKU1T6"
   },
   {
      "code": "E2MREP38Y2AV4"
   },
   {
      "code": "ZUBKHZBX7CN1F"
   },
   {
      "code": "ZW4UK8GXCJGQ3"
   },
   {
      "code": "USSRC39M724M5"
   },
   {
      "code": "4VNXB8GN9TJDB"
   },
   {
      "code": "N4E62KZWWAJJ8"
   },
   {
      "code": "8T8JT6PDS7YK4"
   },
   {
      "code": "ZY7FY6N89KWZ2"
   },
   {
      "code": "V53YC994E2PB3"
   }
]
20-03-2020 12:00:47.9 [NOTICE] page-1.svg
20-03-2020 12:00:48.0 [DEBUG] inkscape out/svg/page-1.svg --export-dpi=300 --export-png=out/png/page-1.png
20-03-2020 12:00:48.2 [NOTICE] success
20-03-2020 12:00:57.4 [DEBUG] stderr: DPI: 300
Background RRGGBBAA: ffffff00
Area 0:0:1122,52:793,701 exported to 3508 x 2480 pixels (300 dpi)
Bitmap saved as: out/png/page-1.png

20-03-2020 12:04:02.2 [NOTICE] 
[
   {
      "code": "NXUVYDNWVWECD"
   },
   {
      "code": "EGU6XP9Z1AR2B"
   },
   {
      "code": "MV27KPUPC28FE"
   },
   {
      "code": "YCA12ZN635KH2"
   },
   {
      "code": "BWSQR2FBYD76E"
   },
   {
      "code": "7P3EXXHVQRZ3D"
   },
   {
      "code": "SUK79MR34ZEV4"
   },
   {
      "code": "746A3378W7MNG"
   },
   {
      "code": "7VHJYBP9RJJR8"
   },
   {
      "code": "WJZWKQ4KS2X28"
   },
   {
      "code": "7R88WEQS1F8E2"
   },
   {
      "code": "4AYE1WNUW6XGE"
   },
   {
      "code": "H5NJSYFN2K2Y2"
   },
   {
      "code": "RZNHYAZTE1WX6"
   },
   {
      "code": "D54PM859E3R92"
   },
   {
      "code": "9W5DYHGJ6ZD27"
   },
   {
      "code": "KCQ5DX9RNDK3E"
   },
   {
      "code": "VG8Q835MZNTQ5"
   },
   {
      "code": "QSD7H2ZWQYRWA"
   },
   {
      "code": "R2UABATV7ZYN"
   },
   {
      "code": "2N5NRCRFZFKYE"
   },
   {
      "code": "Q6W7RQWSEFN1C"
   },
   {
      "code": "JC2SH5F2CQRVC"
   },
   {
      "code": "JAMEVP3AS9GQ"
   },
   {
      "code": "FPKG4NMUQ77G6"
   },
   {
      "code": "XZXMG4USWWUHE"
   },
   {
      "code": "NADJJ1D1BBND3"
   },
   {
      "code": "VZ4C67VJXB8E2"
   },
   {
      "code": "U9XG6UCA2KAJ2"
   },
   {
      "code": "FUYYFHGBT55JE"
   },
   {
      "code": "5ZRDQ31WQ293A"
   },
   {
      "code": "PUE89QBTK3F47"
   },
   {
      "code": "T1TD5XVHGFD28"
   },
   {
      "code": "HHZ3ZAVS9MY3C"
   },
   {
      "code": "65CFX7SZKU1T6"
   },
   {
      "code": "E2MREP38Y2AV4"
   },
   {
      "code": "ZUBKHZBX7CN1F"
   },
   {
      "code": "ZW4UK8GXCJGQ3"
   },
   {
      "code": "USSRC39M724M5"
   },
   {
      "code": "4VNXB8GN9TJDB"
   },
   {
      "code": "N4E62KZWWAJJ8"
   },
   {
      "code": "8T8JT6PDS7YK4"
   },
   {
      "code": "ZY7FY6N89KWZ2"
   },
   {
      "code": "V53YC994E2PB3"
   }
]
20-03-2020 12:04:03.3 [NOTICE] page-1.svg
20-03-2020 12:04:03.5 [DEBUG] inkscape out/svg/page-1.svg --export-dpi=300 --export-png=out/png/page-1.png
20-03-2020 12:04:03.7 [NOTICE] success
20-03-2020 12:04:14.7 [DEBUG] stderr: DPI: 300
Background RRGGBBAA: ffffff00
Area 0:0:1122,52:793,701 exported to 3508 x 2480 pixels (300 dpi)
Bitmap saved as: out/png/page-1.png

20-03-2020 12:07:19.5 [ERROR] 
{
   "errno": -4058,
   "code": "ENOENT",
   "syscall": "open",
   "path": "C:\\node\\scripts\\vouchers-POS-front.svg"
}
20-03-2020 12:07:45.8 [NOTICE] 
[
   {
      "code": "NXUVYDNWVWECD"
   },
   {
      "code": "EGU6XP9Z1AR2B"
   },
   {
      "code": "MV27KPUPC28FE"
   },
   {
      "code": "YCA12ZN635KH2"
   },
   {
      "code": "BWSQR2FBYD76E"
   },
   {
      "code": "7P3EXXHVQRZ3D"
   },
   {
      "code": "SUK79MR34ZEV4"
   },
   {
      "code": "746A3378W7MNG"
   },
   {
      "code": "7VHJYBP9RJJR8"
   },
   {
      "code": "WJZWKQ4KS2X28"
   },
   {
      "code": "7R88WEQS1F8E2"
   },
   {
      "code": "4AYE1WNUW6XGE"
   },
   {
      "code": "H5NJSYFN2K2Y2"
   },
   {
      "code": "RZNHYAZTE1WX6"
   },
   {
      "code": "D54PM859E3R92"
   },
   {
      "code": "9W5DYHGJ6ZD27"
   },
   {
      "code": "KCQ5DX9RNDK3E"
   },
   {
      "code": "VG8Q835MZNTQ5"
   },
   {
      "code": "QSD7H2ZWQYRWA"
   },
   {
      "code": "R2UABATV7ZYN"
   },
   {
      "code": "2N5NRCRFZFKYE"
   },
   {
      "code": "Q6W7RQWSEFN1C"
   },
   {
      "code": "JC2SH5F2CQRVC"
   },
   {
      "code": "JAMEVP3AS9GQ"
   },
   {
      "code": "FPKG4NMUQ77G6"
   },
   {
      "code": "XZXMG4USWWUHE"
   },
   {
      "code": "NADJJ1D1BBND3"
   },
   {
      "code": "VZ4C67VJXB8E2"
   },
   {
      "code": "U9XG6UCA2KAJ2"
   },
   {
      "code": "FUYYFHGBT55JE"
   },
   {
      "code": "5ZRDQ31WQ293A"
   },
   {
      "code": "PUE89QBTK3F47"
   },
   {
      "code": "T1TD5XVHGFD28"
   },
   {
      "code": "HHZ3ZAVS9MY3C"
   },
   {
      "code": "65CFX7SZKU1T6"
   },
   {
      "code": "E2MREP38Y2AV4"
   },
   {
      "code": "ZUBKHZBX7CN1F"
   },
   {
      "code": "ZW4UK8GXCJGQ3"
   },
   {
      "code": "USSRC39M724M5"
   },
   {
      "code": "4VNXB8GN9TJDB"
   },
   {
      "code": "N4E62KZWWAJJ8"
   },
   {
      "code": "8T8JT6PDS7YK4"
   },
   {
      "code": "ZY7FY6N89KWZ2"
   },
   {
      "code": "V53YC994E2PB3"
   }
]
20-03-2020 12:09:28.4 [NOTICE] 
[
   {
      "code": "NXUVYDNWVWECD"
   },
   {
      "code": "EGU6XP9Z1AR2B"
   },
   {
      "code": "MV27KPUPC28FE"
   },
   {
      "code": "YCA12ZN635KH2"
   },
   {
      "code": "BWSQR2FBYD76E"
   },
   {
      "code": "7P3EXXHVQRZ3D"
   },
   {
      "code": "SUK79MR34ZEV4"
   },
   {
      "code": "746A3378W7MNG"
   },
   {
      "code": "7VHJYBP9RJJR8"
   },
   {
      "code": "WJZWKQ4KS2X28"
   },
   {
      "code": "7R88WEQS1F8E2"
   },
   {
      "code": "4AYE1WNUW6XGE"
   },
   {
      "code": "H5NJSYFN2K2Y2"
   },
   {
      "code": "RZNHYAZTE1WX6"
   },
   {
      "code": "D54PM859E3R92"
   },
   {
      "code": "9W5DYHGJ6ZD27"
   },
   {
      "code": "KCQ5DX9RNDK3E"
   },
   {
      "code": "VG8Q835MZNTQ5"
   },
   {
      "code": "QSD7H2ZWQYRWA"
   },
   {
      "code": "R2UABATV7ZYN"
   },
   {
      "code": "2N5NRCRFZFKYE"
   },
   {
      "code": "Q6W7RQWSEFN1C"
   },
   {
      "code": "JC2SH5F2CQRVC"
   },
   {
      "code": "JAMEVP3AS9GQ"
   },
   {
      "code": "FPKG4NMUQ77G6"
   },
   {
      "code": "XZXMG4USWWUHE"
   },
   {
      "code": "NADJJ1D1BBND3"
   },
   {
      "code": "VZ4C67VJXB8E2"
   },
   {
      "code": "U9XG6UCA2KAJ2"
   },
   {
      "code": "FUYYFHGBT55JE"
   },
   {
      "code": "5ZRDQ31WQ293A"
   },
   {
      "code": "PUE89QBTK3F47"
   },
   {
      "code": "T1TD5XVHGFD28"
   },
   {
      "code": "HHZ3ZAVS9MY3C"
   },
   {
      "code": "65CFX7SZKU1T6"
   },
   {
      "code": "E2MREP38Y2AV4"
   },
   {
      "code": "ZUBKHZBX7CN1F"
   },
   {
      "code": "ZW4UK8GXCJGQ3"
   },
   {
      "code": "USSRC39M724M5"
   },
   {
      "code": "4VNXB8GN9TJDB"
   },
   {
      "code": "N4E62KZWWAJJ8"
   },
   {
      "code": "8T8JT6PDS7YK4"
   },
   {
      "code": "ZY7FY6N89KWZ2"
   },
   {
      "code": "V53YC994E2PB3"
   }
]
20-03-2020 12:10:01.1 [NOTICE] 
[
   {
      "code": "NXUVYDNWVWECD"
   },
   {
      "code": "EGU6XP9Z1AR2B"
   },
   {
      "code": "MV27KPUPC28FE"
   },
   {
      "code": "YCA12ZN635KH2"
   },
   {
      "code": "BWSQR2FBYD76E"
   },
   {
      "code": "7P3EXXHVQRZ3D"
   },
   {
      "code": "SUK79MR34ZEV4"
   },
   {
      "code": "746A3378W7MNG"
   },
   {
      "code": "7VHJYBP9RJJR8"
   },
   {
      "code": "WJZWKQ4KS2X28"
   },
   {
      "code": "7R88WEQS1F8E2"
   },
   {
      "code": "4AYE1WNUW6XGE"
   },
   {
      "code": "H5NJSYFN2K2Y2"
   },
   {
      "code": "RZNHYAZTE1WX6"
   },
   {
      "code": "D54PM859E3R92"
   },
   {
      "code": "9W5DYHGJ6ZD27"
   },
   {
      "code": "KCQ5DX9RNDK3E"
   },
   {
      "code": "VG8Q835MZNTQ5"
   },
   {
      "code": "QSD7H2ZWQYRWA"
   },
   {
      "code": "R2UABATV7ZYN"
   },
   {
      "code": "2N5NRCRFZFKYE"
   },
   {
      "code": "Q6W7RQWSEFN1C"
   },
   {
      "code": "JC2SH5F2CQRVC"
   },
   {
      "code": "JAMEVP3AS9GQ"
   },
   {
      "code": "FPKG4NMUQ77G6"
   },
   {
      "code": "XZXMG4USWWUHE"
   },
   {
      "code": "NADJJ1D1BBND3"
   },
   {
      "code": "VZ4C67VJXB8E2"
   },
   {
      "code": "U9XG6UCA2KAJ2"
   },
   {
      "code": "FUYYFHGBT55JE"
   },
   {
      "code": "5ZRDQ31WQ293A"
   },
   {
      "code": "PUE89QBTK3F47"
   },
   {
      "code": "T1TD5XVHGFD28"
   },
   {
      "code": "HHZ3ZAVS9MY3C"
   },
   {
      "code": "65CFX7SZKU1T6"
   },
   {
      "code": "E2MREP38Y2AV4"
   },
   {
      "code": "ZUBKHZBX7CN1F"
   },
   {
      "code": "ZW4UK8GXCJGQ3"
   },
   {
      "code": "USSRC39M724M5"
   },
   {
      "code": "4VNXB8GN9TJDB"
   },
   {
      "code": "N4E62KZWWAJJ8"
   },
   {
      "code": "8T8JT6PDS7YK4"
   },
   {
      "code": "ZY7FY6N89KWZ2"
   },
   {
      "code": "V53YC994E2PB3"
   }
]
20-03-2020 12:10:01.6 [DEBUG] 1
20-03-2020 12:10:01.6 [DEBUG] 2
20-03-2020 12:10:01.6 [DEBUG] 3
20-03-2020 12:10:01.7 [DEBUG] 4
20-03-2020 12:10:01.7 [DEBUG] 5
20-03-2020 12:10:01.7 [DEBUG] 6
20-03-2020 12:10:01.7 [DEBUG] 7
20-03-2020 12:10:01.7 [DEBUG] 8
20-03-2020 12:10:01.7 [DEBUG] 9
20-03-2020 12:10:01.7 [DEBUG] 10
20-03-2020 12:10:01.8 [DEBUG] 11
20-03-2020 12:10:01.8 [DEBUG] 12
20-03-2020 12:10:01.8 [DEBUG] 13
20-03-2020 12:10:01.8 [DEBUG] 14
20-03-2020 12:10:01.8 [DEBUG] 15
20-03-2020 12:10:01.8 [DEBUG] 16
20-03-2020 12:10:01.9 [DEBUG] 17
20-03-2020 12:10:01.9 [DEBUG] 18
20-03-2020 12:10:01.9 [DEBUG] 19
20-03-2020 12:10:01.9 [DEBUG] 20
20-03-2020 12:10:01.9 [DEBUG] 21
20-03-2020 12:10:02.0 [DEBUG] 22
20-03-2020 12:10:02.0 [DEBUG] 23
20-03-2020 12:10:02.0 [DEBUG] 24
20-03-2020 12:10:02.0 [DEBUG] 25
20-03-2020 12:10:02.0 [DEBUG] 26
20-03-2020 12:10:02.0 [DEBUG] 27
20-03-2020 12:10:02.0 [DEBUG] 28
20-03-2020 12:10:02.0 [DEBUG] 29
20-03-2020 12:10:02.0 [DEBUG] 30
20-03-2020 12:10:02.0 [DEBUG] 31
20-03-2020 12:10:02.0 [DEBUG] 32
20-03-2020 12:10:02.0 [DEBUG] 33
20-03-2020 12:10:02.1 [DEBUG] 34
20-03-2020 12:10:02.1 [DEBUG] 35
20-03-2020 12:10:02.1 [DEBUG] 36
20-03-2020 12:10:02.1 [DEBUG] 37
20-03-2020 12:10:02.1 [DEBUG] 38
20-03-2020 12:10:02.1 [DEBUG] 39
20-03-2020 12:10:02.1 [DEBUG] 40
20-03-2020 12:10:02.1 [DEBUG] 41
20-03-2020 12:10:02.1 [DEBUG] 42
20-03-2020 12:10:02.1 [DEBUG] 43
20-03-2020 12:10:02.1 [DEBUG] 44
20-03-2020 12:10:02.1 [NOTICE] page-1.svg
20-03-2020 12:10:02.2 [DEBUG] inkscape out/svg/page-1.svg --export-dpi=300 --export-png=out/png/page-1.png
20-03-2020 12:10:02.4 [NOTICE] success
20-03-2020 12:10:14.2 [DEBUG] stderr: DPI: 300
Background RRGGBBAA: ffffff00
Area 0:0:1122,52:793,701 exported to 3508 x 2480 pixels (300 dpi)
Bitmap saved as: out/png/page-1.png

20-03-2020 12:11:14.3 [NOTICE] 
[
   {
      "code": "NXUVYDNWVWECD"
   },
   {
      "code": "EGU6XP9Z1AR2B"
   },
   {
      "code": "MV27KPUPC28FE"
   },
   {
      "code": "YCA12ZN635KH2"
   },
   {
      "code": "BWSQR2FBYD76E"
   },
   {
      "code": "7P3EXXHVQRZ3D"
   },
   {
      "code": "SUK79MR34ZEV4"
   },
   {
      "code": "746A3378W7MNG"
   },
   {
      "code": "7VHJYBP9RJJR8"
   },
   {
      "code": "WJZWKQ4KS2X28"
   },
   {
      "code": "7R88WEQS1F8E2"
   },
   {
      "code": "4AYE1WNUW6XGE"
   },
   {
      "code": "H5NJSYFN2K2Y2"
   },
   {
      "code": "RZNHYAZTE1WX6"
   },
   {
      "code": "D54PM859E3R92"
   },
   {
      "code": "9W5DYHGJ6ZD27"
   },
   {
      "code": "KCQ5DX9RNDK3E"
   },
   {
      "code": "VG8Q835MZNTQ5"
   },
   {
      "code": "QSD7H2ZWQYRWA"
   },
   {
      "code": "R2UABATV7ZYN"
   },
   {
      "code": "2N5NRCRFZFKYE"
   },
   {
      "code": "Q6W7RQWSEFN1C"
   },
   {
      "code": "JC2SH5F2CQRVC"
   },
   {
      "code": "JAMEVP3AS9GQ"
   },
   {
      "code": "FPKG4NMUQ77G6"
   },
   {
      "code": "XZXMG4USWWUHE"
   },
   {
      "code": "NADJJ1D1BBND3"
   },
   {
      "code": "VZ4C67VJXB8E2"
   },
   {
      "code": "U9XG6UCA2KAJ2"
   },
   {
      "code": "FUYYFHGBT55JE"
   },
   {
      "code": "5ZRDQ31WQ293A"
   },
   {
      "code": "PUE89QBTK3F47"
   },
   {
      "code": "T1TD5XVHGFD28"
   },
   {
      "code": "HHZ3ZAVS9MY3C"
   },
   {
      "code": "65CFX7SZKU1T6"
   },
   {
      "code": "E2MREP38Y2AV4"
   },
   {
      "code": "ZUBKHZBX7CN1F"
   },
   {
      "code": "ZW4UK8GXCJGQ3"
   },
   {
      "code": "USSRC39M724M5"
   },
   {
      "code": "4VNXB8GN9TJDB"
   },
   {
      "code": "N4E62KZWWAJJ8"
   },
   {
      "code": "8T8JT6PDS7YK4"
   },
   {
      "code": "ZY7FY6N89KWZ2"
   },
   {
      "code": "V53YC994E2PB3"
   }
]
20-03-2020 12:11:14.9 [DEBUG] 1
20-03-2020 12:11:15.0 [DEBUG] 2
20-03-2020 12:11:15.0 [DEBUG] 3
20-03-2020 12:11:15.0 [DEBUG] 4
20-03-2020 12:11:15.0 [DEBUG] 5
20-03-2020 12:11:15.0 [DEBUG] 6
20-03-2020 12:11:15.0 [DEBUG] 7
20-03-2020 12:11:15.0 [DEBUG] 8
20-03-2020 12:11:15.0 [DEBUG] 9
20-03-2020 12:11:15.0 [DEBUG] 10
20-03-2020 12:11:15.0 [DEBUG] 11
20-03-2020 12:11:15.1 [DEBUG] 12
20-03-2020 12:11:15.1 [DEBUG] 13
20-03-2020 12:11:15.1 [DEBUG] 14
20-03-2020 12:11:15.1 [DEBUG] 15
20-03-2020 12:11:15.1 [DEBUG] 16
20-03-2020 12:11:15.1 [DEBUG] 17
20-03-2020 12:11:15.1 [DEBUG] 18
20-03-2020 12:11:15.1 [DEBUG] 19
20-03-2020 12:11:15.2 [DEBUG] 20
20-03-2020 12:11:15.3 [DEBUG] 21
20-03-2020 12:11:15.3 [DEBUG] 22
20-03-2020 12:11:15.3 [DEBUG] 23
20-03-2020 12:11:15.3 [DEBUG] 24
20-03-2020 12:11:15.3 [DEBUG] 25
20-03-2020 12:11:15.3 [DEBUG] 26
20-03-2020 12:11:15.3 [DEBUG] 27
20-03-2020 12:11:15.3 [DEBUG] 28
20-03-2020 12:11:15.3 [DEBUG] 29
20-03-2020 12:11:15.3 [DEBUG] 30
20-03-2020 12:11:15.3 [DEBUG] 31
20-03-2020 12:11:15.3 [DEBUG] 32
20-03-2020 12:11:15.3 [DEBUG] 33
20-03-2020 12:11:15.3 [DEBUG] 34
20-03-2020 12:11:15.4 [DEBUG] 35
20-03-2020 12:11:15.4 [DEBUG] 36
20-03-2020 12:11:15.4 [DEBUG] 37
20-03-2020 12:11:15.4 [DEBUG] 38
20-03-2020 12:11:15.4 [DEBUG] 39
20-03-2020 12:11:15.4 [DEBUG] 40
20-03-2020 12:11:15.4 [DEBUG] 41
20-03-2020 12:11:15.4 [DEBUG] 42
20-03-2020 12:11:15.4 [DEBUG] 43
20-03-2020 12:11:15.4 [DEBUG] 44
20-03-2020 12:11:15.4 [NOTICE] page-1.svg
20-03-2020 12:11:15.5 [DEBUG] inkscape out/svg/page-1.svg --export-dpi=300 --export-png=out/png/page-1.png
20-03-2020 12:11:15.5 [NOTICE] success
20-03-2020 12:11:27.2 [DEBUG] stderr: DPI: 300
Background RRGGBBAA: ffffff00
Area 0:0:1122,52:793,701 exported to 3508 x 2480 pixels (300 dpi)
Bitmap saved as: out/png/page-1.png

20-03-2020 12:11:49.3 [NOTICE] 
[
   {
      "code": "NXUVYDNWVWECD"
   },
   {
      "code": "EGU6XP9Z1AR2B"
   },
   {
      "code": "MV27KPUPC28FE"
   },
   {
      "code": "YCA12ZN635KH2"
   },
   {
      "code": "BWSQR2FBYD76E"
   },
   {
      "code": "7P3EXXHVQRZ3D"
   },
   {
      "code": "SUK79MR34ZEV4"
   },
   {
      "code": "746A3378W7MNG"
   },
   {
      "code": "7VHJYBP9RJJR8"
   },
   {
      "code": "WJZWKQ4KS2X28"
   },
   {
      "code": "7R88WEQS1F8E2"
   },
   {
      "code": "4AYE1WNUW6XGE"
   },
   {
      "code": "H5NJSYFN2K2Y2"
   },
   {
      "code": "RZNHYAZTE1WX6"
   },
   {
      "code": "D54PM859E3R92"
   },
   {
      "code": "9W5DYHGJ6ZD27"
   },
   {
      "code": "KCQ5DX9RNDK3E"
   },
   {
      "code": "VG8Q835MZNTQ5"
   },
   {
      "code": "QSD7H2ZWQYRWA"
   },
   {
      "code": "R2UABATV7ZYN"
   },
   {
      "code": "2N5NRCRFZFKYE"
   },
   {
      "code": "Q6W7RQWSEFN1C"
   },
   {
      "code": "JC2SH5F2CQRVC"
   },
   {
      "code": "JAMEVP3AS9GQ"
   },
   {
      "code": "FPKG4NMUQ77G6"
   },
   {
      "code": "XZXMG4USWWUHE"
   },
   {
      "code": "NADJJ1D1BBND3"
   },
   {
      "code": "VZ4C67VJXB8E2"
   },
   {
      "code": "U9XG6UCA2KAJ2"
   },
   {
      "code": "FUYYFHGBT55JE"
   },
   {
      "code": "5ZRDQ31WQ293A"
   },
   {
      "code": "PUE89QBTK3F47"
   },
   {
      "code": "T1TD5XVHGFD28"
   },
   {
      "code": "HHZ3ZAVS9MY3C"
   },
   {
      "code": "65CFX7SZKU1T6"
   },
   {
      "code": "E2MREP38Y2AV4"
   },
   {
      "code": "ZUBKHZBX7CN1F"
   },
   {
      "code": "ZW4UK8GXCJGQ3"
   },
   {
      "code": "USSRC39M724M5"
   },
   {
      "code": "4VNXB8GN9TJDB"
   },
   {
      "code": "N4E62KZWWAJJ8"
   },
   {
      "code": "8T8JT6PDS7YK4"
   },
   {
      "code": "ZY7FY6N89KWZ2"
   },
   {
      "code": "V53YC994E2PB3"
   }
]
20-03-2020 12:11:49.9 [DEBUG] 1
20-03-2020 12:11:49.9 [DEBUG] 2
20-03-2020 12:11:49.9 [DEBUG] 3
20-03-2020 12:11:49.9 [DEBUG] 4
20-03-2020 12:11:49.9 [DEBUG] 5
20-03-2020 12:11:49.9 [DEBUG] 6
20-03-2020 12:11:50.0 [DEBUG] 7
20-03-2020 12:11:50.1 [DEBUG] 8
20-03-2020 12:11:50.1 [DEBUG] 9
20-03-2020 12:11:50.1 [DEBUG] 10
20-03-2020 12:11:50.1 [DEBUG] 11
20-03-2020 12:11:50.2 [DEBUG] 12
20-03-2020 12:11:50.2 [DEBUG] 13
20-03-2020 12:11:50.2 [DEBUG] 14
20-03-2020 12:11:50.3 [DEBUG] 15
20-03-2020 12:11:50.3 [DEBUG] 16
20-03-2020 12:11:50.3 [DEBUG] 17
20-03-2020 12:11:50.3 [DEBUG] 18
20-03-2020 12:11:50.3 [DEBUG] 19
20-03-2020 12:11:50.3 [DEBUG] 20
20-03-2020 12:11:50.3 [DEBUG] 21
20-03-2020 12:11:50.3 [DEBUG] 22
20-03-2020 12:11:50.3 [DEBUG] 23
20-03-2020 12:11:50.3 [DEBUG] 24
20-03-2020 12:11:50.3 [DEBUG] 25
20-03-2020 12:11:50.4 [DEBUG] 26
20-03-2020 12:11:50.4 [DEBUG] 27
20-03-2020 12:11:50.4 [DEBUG] 28
20-03-2020 12:11:50.4 [DEBUG] 29
20-03-2020 12:11:50.4 [DEBUG] 30
20-03-2020 12:11:50.4 [DEBUG] 31
20-03-2020 12:11:50.5 [DEBUG] 32
20-03-2020 12:11:50.5 [DEBUG] 33
20-03-2020 12:11:50.5 [DEBUG] 34
20-03-2020 12:11:50.5 [DEBUG] 35
20-03-2020 12:11:50.5 [DEBUG] 36
20-03-2020 12:11:50.5 [DEBUG] 37
20-03-2020 12:11:50.5 [DEBUG] 38
20-03-2020 12:11:50.6 [DEBUG] 39
20-03-2020 12:11:50.6 [DEBUG] 40
20-03-2020 12:11:50.6 [DEBUG] 41
20-03-2020 12:11:50.6 [DEBUG] 42
20-03-2020 12:11:50.6 [DEBUG] 43
20-03-2020 12:11:50.6 [DEBUG] 44
20-03-2020 12:11:50.6 [NOTICE] page-1.svg
20-03-2020 12:11:50.7 [DEBUG] inkscape out/svg/page-1.svg --export-dpi=300 --export-png=out/png/page-1.png
20-03-2020 12:11:50.7 [NOTICE] success
20-03-2020 12:11:58.0 [DEBUG] stderr: DPI: 300
Background RRGGBBAA: ffffff00
Area 0:0:1122,52:793,701 exported to 3508 x 2480 pixels (300 dpi)
Bitmap saved as: out/png/page-1.png

20-03-2020 12:12:28.6 [NOTICE] 
[
   {
      "code": "NXUVYDNWVWECD"
   },
   {
      "code": "EGU6XP9Z1AR2B"
   },
   {
      "code": "MV27KPUPC28FE"
   },
   {
      "code": "YCA12ZN635KH2"
   },
   {
      "code": "BWSQR2FBYD76E"
   },
   {
      "code": "7P3EXXHVQRZ3D"
   },
   {
      "code": "SUK79MR34ZEV4"
   },
   {
      "code": "746A3378W7MNG"
   },
   {
      "code": "7VHJYBP9RJJR8"
   },
   {
      "code": "WJZWKQ4KS2X28"
   },
   {
      "code": "7R88WEQS1F8E2"
   },
   {
      "code": "4AYE1WNUW6XGE"
   },
   {
      "code": "H5NJSYFN2K2Y2"
   },
   {
      "code": "RZNHYAZTE1WX6"
   },
   {
      "code": "D54PM859E3R92"
   },
   {
      "code": "9W5DYHGJ6ZD27"
   },
   {
      "code": "KCQ5DX9RNDK3E"
   },
   {
      "code": "VG8Q835MZNTQ5"
   },
   {
      "code": "QSD7H2ZWQYRWA"
   },
   {
      "code": "R2UABATV7ZYN"
   },
   {
      "code": "2N5NRCRFZFKYE"
   },
   {
      "code": "Q6W7RQWSEFN1C"
   },
   {
      "code": "JC2SH5F2CQRVC"
   },
   {
      "code": "JAMEVP3AS9GQ"
   },
   {
      "code": "FPKG4NMUQ77G6"
   },
   {
      "code": "XZXMG4USWWUHE"
   },
   {
      "code": "NADJJ1D1BBND3"
   },
   {
      "code": "VZ4C67VJXB8E2"
   },
   {
      "code": "U9XG6UCA2KAJ2"
   },
   {
      "code": "FUYYFHGBT55JE"
   },
   {
      "code": "5ZRDQ31WQ293A"
   },
   {
      "code": "PUE89QBTK3F47"
   },
   {
      "code": "T1TD5XVHGFD28"
   },
   {
      "code": "HHZ3ZAVS9MY3C"
   },
   {
      "code": "65CFX7SZKU1T6"
   },
   {
      "code": "E2MREP38Y2AV4"
   },
   {
      "code": "ZUBKHZBX7CN1F"
   },
   {
      "code": "ZW4UK8GXCJGQ3"
   },
   {
      "code": "USSRC39M724M5"
   },
   {
      "code": "4VNXB8GN9TJDB"
   },
   {
      "code": "N4E62KZWWAJJ8"
   },
   {
      "code": "8T8JT6PDS7YK4"
   },
   {
      "code": "ZY7FY6N89KWZ2"
   },
   {
      "code": "V53YC994E2PB3"
   }
]
20-03-2020 12:12:29.2 [DEBUG] 1
20-03-2020 12:12:29.3 [DEBUG] 2
20-03-2020 12:12:29.3 [DEBUG] 3
20-03-2020 12:12:29.3 [DEBUG] 4
20-03-2020 12:12:29.3 [DEBUG] 5
20-03-2020 12:12:29.3 [DEBUG] 6
20-03-2020 12:12:29.3 [DEBUG] 7
20-03-2020 12:12:29.3 [DEBUG] 8
20-03-2020 12:12:29.3 [DEBUG] 9
20-03-2020 12:12:29.4 [DEBUG] 10
20-03-2020 12:12:29.4 [DEBUG] 11
20-03-2020 12:12:29.4 [DEBUG] 12
20-03-2020 12:12:29.4 [DEBUG] 13
20-03-2020 12:12:29.4 [DEBUG] 14
20-03-2020 12:12:29.4 [DEBUG] 15
20-03-2020 12:12:29.4 [DEBUG] 16
20-03-2020 12:12:29.5 [DEBUG] 17
20-03-2020 12:12:29.5 [DEBUG] 18
20-03-2020 12:12:29.5 [DEBUG] 19
20-03-2020 12:12:29.5 [DEBUG] 20
20-03-2020 12:12:29.5 [DEBUG] 21
20-03-2020 12:12:29.6 [DEBUG] 22
20-03-2020 12:12:29.6 [DEBUG] 23
20-03-2020 12:12:29.6 [DEBUG] 24
20-03-2020 12:12:29.6 [DEBUG] 25
20-03-2020 12:12:29.6 [DEBUG] 26
20-03-2020 12:12:29.6 [DEBUG] 27
20-03-2020 12:12:29.6 [DEBUG] 28
20-03-2020 12:12:29.6 [DEBUG] 29
20-03-2020 12:12:29.6 [DEBUG] 30
20-03-2020 12:12:29.6 [DEBUG] 31
20-03-2020 12:12:29.6 [DEBUG] 32
20-03-2020 12:12:29.6 [DEBUG] 33
20-03-2020 12:12:29.6 [DEBUG] 34
20-03-2020 12:12:29.6 [DEBUG] 35
20-03-2020 12:12:29.6 [DEBUG] 36
20-03-2020 12:12:29.7 [DEBUG] 37
20-03-2020 12:12:29.7 [DEBUG] 38
20-03-2020 12:12:29.7 [DEBUG] 39
20-03-2020 12:12:29.7 [DEBUG] 40
20-03-2020 12:12:29.7 [DEBUG] 41
20-03-2020 12:12:29.8 [DEBUG] 42
20-03-2020 12:12:29.8 [DEBUG] 43
20-03-2020 12:12:29.8 [DEBUG] 44
20-03-2020 12:12:29.8 [NOTICE] page-1.svg
20-03-2020 12:12:29.9 [DEBUG] inkscape out/svg/page-1.svg --export-dpi=300 --export-png=out/png/page-1.png
20-03-2020 12:12:30.0 [NOTICE] success
20-03-2020 12:12:42.5 [DEBUG] stderr: DPI: 300
Background RRGGBBAA: ffffff00
Area 0:0:1122,52:793,701 exported to 3508 x 2480 pixels (300 dpi)
Bitmap saved as: out/png/page-1.png

