21-01-2020 11:26:49.8 [NOTICE] 
[
   {
      "#VoucherTickets1..120forRoll122": "#NrofRollBits16"
   },
   {
      "#VoucherTickets1..120forRoll122": "#NrofTicketBits10"
   },
   {
      "#VoucherTickets1..120forRoll122": "#NrofChecksumBits5"
   },
   {
      "#VoucherTickets1..120forRoll122": "#magicinitializer1783(32Bitsused)"
   },
   {
      "#VoucherTickets1..120forRoll122": "#CharacterSetused12345678ABCDEFGHIJKLMNPQRSTUVWXYZ"
   },
   {
      "#VoucherTickets1..120forRoll122": "#"
   },
   {
      "#VoucherTickets1..120forRoll122": "CA1STIZIKZTY"
   },
   {
      "#VoucherTickets1..120forRoll122": "YIIKFCWLAIRY7"
   },
   {
      "#VoucherTickets1..120forRoll122": "HK1C6ECBLWYP3"
   },
   {
      "#VoucherTickets1..120forRoll122": "VCFSDC76DK4Z6"
   },
   {
      "#VoucherTickets1..120forRoll122": "AD8KDWP7MJSA2"
   },
   {
      "#VoucherTickets1..120forRoll122": "BQHH7B7YM6LC5"
   },
   {
      "#VoucherTickets1..120forRoll122": "72I8QAG1KYHK8"
   },
   {
      "#VoucherTickets1..120forRoll122": "1MEWP7AP2J6NC"
   },
   {
      "#VoucherTickets1..120forRoll122": "8PXDSAMT7FS3C"
   },
   {
      "#VoucherTickets1..120forRoll122": "P6IGRMJC6BEM8"
   },
   {
      "#VoucherTickets1..120forRoll122": "7CTAMDV6VYEVB"
   },
   {
      "#VoucherTickets1..120forRoll122": "IXGLTKYNTTI7B"
   },
   {
      "#VoucherTickets1..120forRoll122": "QR444IUGV5DG8"
   },
   {
      "#VoucherTickets1..120forRoll122": "42CXPZUW1BXG4"
   },
   {
      "#VoucherTickets1..120forRoll122": "NISLF3ZTT8SP6"
   },
   {
      "#VoucherTickets1..120forRoll122": "UU25YRJU8W3S2"
   },
   {
      "#VoucherTickets1..120forRoll122": "CBXK7W3EIVII7"
   },
   {
      "#VoucherTickets1..120forRoll122": "56DL53PLIHPF7"
   },
   {
      "#VoucherTickets1..120forRoll122": "6PFIIZZY6I2"
   },
   {
      "#VoucherTickets1..120forRoll122": "H67RQKDHLFI33"
   },
   {
      "#VoucherTickets1..120forRoll122": "83L1BAQNTDED5"
   },
   {
      "#VoucherTickets1..120forRoll122": "GWM45JPRY8ESA"
   },
   {
      "#VoucherTickets1..120forRoll122": "K2DFYUPWSVSB8"
   },
   {
      "#VoucherTickets1..120forRoll122": "IYITWY5NQG6FB"
   },
   {
      "#VoucherTickets1..120forRoll122": "BYBI4E31W4QX5"
   },
   {
      "#VoucherTickets1..120forRoll122": "BRRX8C41JLD57"
   },
   {
      "#VoucherTickets1..120forRoll122": "IVKEDUF2HMX46"
   },
   {
      "#VoucherTickets1..120forRoll122": "W1N6XHAIVUG55"
   },
   {
      "#VoucherTickets1..120forRoll122": "CG8AWNUEVM8C"
   },
   {
      "#VoucherTickets1..120forRoll122": "J4LNC7XIBQFE5"
   },
   {
      "#VoucherTickets1..120forRoll122": "NA7GUEQXZCGZ7"
   },
   {
      "#VoucherTickets1..120forRoll122": "8AGX23JD53JS"
   },
   {
      "#VoucherTickets1..120forRoll122": "TZZV8K517NVY5"
   },
   {
      "#VoucherTickets1..120forRoll122": "QDYGXE2C2R2U5"
   },
   {
      "#VoucherTickets1..120forRoll122": "3CMBAW8RW5WW7"
   },
   {
      "#VoucherTickets1..120forRoll122": "RKWSEPL4NB1M"
   },
   {
      "#VoucherTickets1..120forRoll122": "N1Z6SBNV1WLKA"
   },
   {
      "#VoucherTickets1..120forRoll122": "CTF17SSVHQ3ZB"
   },
   {
      "#VoucherTickets1..120forRoll122": "PLCJUGZ7KDSVA"
   },
   {
      "#VoucherTickets1..120forRoll122": "FP8C4F5ZQ1SPA"
   },
   {
      "#VoucherTickets1..120forRoll122": "EACGUIAKAAM48"
   },
   {
      "#VoucherTickets1..120forRoll122": "TYISE3JD2PNT"
   },
   {
      "#VoucherTickets1..120forRoll122": "BDBVAK1USXHJ4"
   },
   {
      "#VoucherTickets1..120forRoll122": "PVCGZTAS4XPY8"
   },
   {
      "#VoucherTickets1..120forRoll122": "ZTDNAC31PNLGB"
   },
   {
      "#VoucherTickets1..120forRoll122": "PUX6Y326P5JP3"
   },
   {
      "#VoucherTickets1..120forRoll122": "DIWSLG568QPC3"
   },
   {
      "#VoucherTickets1..120forRoll122": "Z5B3PBVC61C25"
   },
   {
      "#VoucherTickets1..120forRoll122": "XGIMJSIRPF7V2"
   },
   {
      "#VoucherTickets1..120forRoll122": "K28JTFJ7ARHI8"
   },
   {
      "#VoucherTickets1..120forRoll122": "JF47PWH44THJ7"
   },
   {
      "#VoucherTickets1..120forRoll122": "6UBHGQ7AYUC5"
   },
   {
      "#VoucherTickets1..120forRoll122": "7LSKNYY6TR742"
   },
   {
      "#VoucherTickets1..120forRoll122": "QAT8WCU17QY35"
   },
   {
      "#VoucherTickets1..120forRoll122": "81TKJNXFPIRA6"
   },
   {
      "#VoucherTickets1..120forRoll122": "M78ZB88TIRI1A"
   },
   {
      "#VoucherTickets1..120forRoll122": "VKGZSQ3C13J47"
   },
   {
      "#VoucherTickets1..120forRoll122": "7YQAY73JKGVL3"
   },
   {
      "#VoucherTickets1..120forRoll122": "4JQJYFS6VFY25"
   },
   {
      "#VoucherTickets1..120forRoll122": "KAYKGJ7NKRDXB"
   },
   {
      "#VoucherTickets1..120forRoll122": "255XK13YMJB82"
   },
   {
      "#VoucherTickets1..120forRoll122": "MGAA5CW8FNCA6"
   },
   {
      "#VoucherTickets1..120forRoll122": "ZBQU57NE21486"
   },
   {
      "#VoucherTickets1..120forRoll122": "YRHLS7D7W3J1A"
   },
   {
      "#VoucherTickets1..120forRoll122": "M72WX237DIDB2"
   },
   {
      "#VoucherTickets1..120forRoll122": "I4JAUFG3K84XB"
   },
   {
      "#VoucherTickets1..120forRoll122": "SACSDKCY5VJ8B"
   },
   {
      "#VoucherTickets1..120forRoll122": "B3N1USE4LMN53"
   },
   {
      "#VoucherTickets1..120forRoll122": "BFA6I4EK8MFW7"
   },
   {
      "#VoucherTickets1..120forRoll122": "3CM511EW8C7I8"
   },
   {
      "#VoucherTickets1..120forRoll122": "XKUXH8ECR44A3"
   },
   {
      "#VoucherTickets1..120forRoll122": "2VHTLYI8ISVX3"
   },
   {
      "#VoucherTickets1..120forRoll122": "5UQRRQ6BYD2M5"
   },
   {
      "#VoucherTickets1..120forRoll122": "PKGHN6NAL6PM3"
   },
   {
      "#VoucherTickets1..120forRoll122": "238J888XR4TR6"
   },
   {
      "#VoucherTickets1..120forRoll122": "3VJ2HF6YBM77B"
   },
   {
      "#VoucherTickets1..120forRoll122": "B1EQ6XX8YRW2B"
   },
   {
      "#VoucherTickets1..120forRoll122": "L3YJ5LLZBXRR5"
   },
   {
      "#VoucherTickets1..120forRoll122": "8CFZ37TZCY5T"
   },
   {
      "#VoucherTickets1..120forRoll122": "DUE4NZEB788N7"
   },
   {
      "#VoucherTickets1..120forRoll122": "5IKQLSFYVI4L5"
   },
   {
      "#VoucherTickets1..120forRoll122": "DT4R165F6LX76"
   },
   {
      "#VoucherTickets1..120forRoll122": "A3IKP4VGMDHL5"
   },
   {
      "#VoucherTickets1..120forRoll122": "PUE7G38WICY6B"
   },
   {
      "#VoucherTickets1..120forRoll122": "4AWVZUN66BQRC"
   },
   {
      "#VoucherTickets1..120forRoll122": "YKVHDNRG1QV75"
   },
   {
      "#VoucherTickets1..120forRoll122": "2M73RRPNAZ5A7"
   },
   {
      "#VoucherTickets1..120forRoll122": "QN13UXPBL25LB"
   },
   {
      "#VoucherTickets1..120forRoll122": "EXKTBYFINWG7C"
   },
   {
      "#VoucherTickets1..120forRoll122": "FILIZ2UFC8UGA"
   },
   {
      "#VoucherTickets1..120forRoll122": "27ZHVGY231ICB"
   },
   {
      "#VoucherTickets1..120forRoll122": "QHFD2KM4VYMXB"
   },
   {
      "#VoucherTickets1..120forRoll122": "NC3PLTB8GP8R8"
   },
   {
      "#VoucherTickets1..120forRoll122": "G3C1RXM1AUM87"
   },
   {
      "#VoucherTickets1..120forRoll122": "4N8T5AK384B42"
   },
   {
      "#VoucherTickets1..120forRoll122": "2BSBRD1PL1MY2"
   },
   {
      "#VoucherTickets1..120forRoll122": "HL88FXD4W3B8C"
   },
   {
      "#VoucherTickets1..120forRoll122": "3UEIP5HEKWXH8"
   },
   {
      "#VoucherTickets1..120forRoll122": "EDPAB78TBU2S"
   },
   {
      "#VoucherTickets1..120forRoll122": "J73XXDYQPIHG3"
   },
   {
      "#VoucherTickets1..120forRoll122": "7VVR7AT7WLY3"
   },
   {
      "#VoucherTickets1..120forRoll122": "1KLE8KKUHBHI2"
   },
   {
      "#VoucherTickets1..120forRoll122": "D8XP8CW1KXG14"
   },
   {
      "#VoucherTickets1..120forRoll122": "HAZR2BINQUKD7"
   },
   {
      "#VoucherTickets1..120forRoll122": "Y4AHDZJ7GEPB5"
   },
   {
      "#VoucherTickets1..120forRoll122": "F256SQPUQQMVA"
   },
   {
      "#VoucherTickets1..120forRoll122": "UN5568PCVQY3B"
   },
   {
      "#VoucherTickets1..120forRoll122": "NNXFR4KRWNZ22"
   },
   {
      "#VoucherTickets1..120forRoll122": "RMTWC3URM1C16"
   },
   {
      "#VoucherTickets1..120forRoll122": "B2TJ6K7GZ2XK"
   },
   {
      "#VoucherTickets1..120forRoll122": "GCPHQCGLIJSTA"
   },
   {
      "#VoucherTickets1..120forRoll122": "C7TPJ5XYV2YX5"
   },
   {
      "#VoucherTickets1..120forRoll122": "356DW8244AEMB"
   },
   {
      "#VoucherTickets1..120forRoll122": "Y8DBKRW7U2IG4"
   },
   {
      "#VoucherTickets1..120forRoll122": "KCJPLVQH4HG8A"
   },
   {
      "#VoucherTickets1..120forRoll122": "V1PS1JQR8SS62"
   },
   {
      "#VoucherTickets1..120forRoll122": "ID225QIU44C58"
   },
   {
      "#VoucherTickets1..120forRoll122": "XXCXZFDQ1JRK2"
   },
   {
      "#VoucherTickets1..120forRoll122": "P6UYF7SH585A4"
   },
   {
      "#VoucherTickets1..120forRoll122": "QCAF7FN412TS4"
   }
]
21-01-2020 11:35:06.9 [NOTICE] 
[
   {
      "code": "AFS8YMCL5XSH2"
   },
   {
      "code": "W476CRA3EDXR3"
   },
   {
      "code": "KME164T5IJHMA"
   },
   {
      "code": "3DSX6EBN1MSA"
   },
   {
      "code": "KM22XETGGSU6A"
   },
   {
      "code": "JZ7RTY1TJE7FA"
   },
   {
      "code": "VX7IM7L27Z4"
   },
   {
      "code": "7XHVDNTYGWYY3"
   },
   {
      "code": "NWUYX28J1MCRA"
   },
   {
      "code": "QW8AIH1CFRB82"
   },
   {
      "code": "2WJTERWRH3GCA"
   },
   {
      "code": "IYUESPIBNGGU"
   },
   {
      "code": "E1ZJ21RVQ8KM3"
   },
   {
      "code": "DLK1DFUQ17FA7"
   },
   {
      "code": "MWGXK6FJXGT2B"
   },
   {
      "code": "6RA7C6SIUQ134"
   },
   {
      "code": "SWXHLD48CTXT3"
   },
   {
      "code": "ZSHVQY72M43GA"
   },
   {
      "code": "5EG2PQ7FRBN76"
   },
   {
      "code": "DHQUNWTN1ZGY"
   },
   {
      "code": "7NYRJHIH1Q8S2"
   },
   {
      "code": "HQKZKHBW5X3N7"
   },
   {
      "code": "L786JJFRIKBRB"
   },
   {
      "code": "VYUBTHZNJZV37"
   },
   {
      "code": "MWI134VTHMAX8"
   },
   {
      "code": "16R3EZANI4ZU2"
   },
   {
      "code": "ZKLIFID5KGBK3"
   },
   {
      "code": "EKCXHAQ52HE25"
   },
   {
      "code": "FNUZXKJIAL8TA"
   },
   {
      "code": "U76XLTZUP7UQ"
   },
   {
      "code": "D7ISVUL2K5LG8"
   },
   {
      "code": "5VU5MXYICGMVA"
   },
   {
      "code": "3KPX3VWVK4JA"
   },
   {
      "code": "FVGSW8TVWL1Y8"
   },
   {
      "code": "TJG356U4Z22M5"
   },
   {
      "code": "J14NQCPINVUTA"
   },
   {
      "code": "1K6KTMDDUIEU2"
   },
   {
      "code": "KS37USRIC6BM6"
   },
   {
      "code": "27YZI6VAM5335"
   },
   {
      "code": "GZ4XDEWCUA418"
   },
   {
      "code": "FEMESGW6FQ3Q4"
   },
   {
      "code": "NVWARCAVLPSG6"
   },
   {
      "code": "YKUBE63S5XFJ5"
   },
   {
      "code": "4HMY5KEP1QKFB"
   },
   {
      "code": "X8H1MJQ632PA4"
   },
   {
      "code": "RFQ4XUJNV5818"
   },
   {
      "code": "38ACWN5UU2Z74"
   },
   {
      "code": "IGJFZ4FEYXJQ2"
   },
   {
      "code": "P2I2DV1J78TN"
   },
   {
      "code": "HGQ7512YJWYG5"
   },
   {
      "code": "NH3AL4RNA3YR5"
   },
   {
      "code": "14WXH7ME7GTMA"
   },
   {
      "code": "4AVCMS688PWW3"
   },
   {
      "code": "WHERW7R1GQB62"
   },
   {
      "code": "AXSCZT2FV12A6"
   },
   {
      "code": "88ZGFW3NLAMA7"
   },
   {
      "code": "ITEMJ4BY45CM3"
   },
   {
      "code": "2QBK5KQT6JUR3"
   },
   {
      "code": "DP4F4LEYN8TJ7"
   },
   {
      "code": "TD5RKS6JVYYT8"
   },
   {
      "code": "Y7Z76ACIU687C"
   },
   {
      "code": "4SCERWCR2W1C"
   },
   {
      "code": "QR8XMN1JQQMY6"
   },
   {
      "code": "4XKT6NY8QTT74"
   },
   {
      "code": "Y6VNS1FSKLWJ6"
   },
   {
      "code": "VTI2BKYAPE8Q2"
   },
   {
      "code": "DGURZXGC6P3CC"
   },
   {
      "code": "XRR8555KV43NC"
   },
   {
      "code": "1UDD8W3GN1ZWB"
   },
   {
      "code": "17CFJ1FHS3FS"
   },
   {
      "code": "3TE4KLMMFHYUA"
   },
   {
      "code": "PHP3B3I8KMR84"
   },
   {
      "code": "1WE4CJZFGJPV5"
   },
   {
      "code": "LJR54HRR8B577"
   },
   {
      "code": "3IPNN7DB4GFU6"
   },
   {
      "code": "JC36HUT3HSV37"
   },
   {
      "code": "A4KJADF156RF6"
   },
   {
      "code": "H61PASGWMYV7"
   },
   {
      "code": "XHYRHHWWGDTG5"
   },
   {
      "code": "1XUKDNEK45DRC"
   },
   {
      "code": "BQJYK3BZ367W"
   },
   {
      "code": "JZ3UCXXKZ27F"
   },
   {
      "code": "RZC85NVYD3DS6"
   },
   {
      "code": "JAWAZHXTVZE67"
   },
   {
      "code": "WYMU5G23ZSISC"
   },
   {
      "code": "1ZQYKBWBZSFG4"
   },
   {
      "code": "ZVTEKNZ4MI8C7"
   },
   {
      "code": "I16Z7GAXUSJI4"
   },
   {
      "code": "ERX2YB1J3LB32"
   },
   {
      "code": "JZ3ID5Z2NAXK7"
   },
   {
      "code": "X34YTYSWRB755"
   },
   {
      "code": "T48XSBGP4C6D4"
   },
   {
      "code": "NJVE2SGCA176C"
   },
   {
      "code": "KSGYY1RYKMRU3"
   },
   {
      "code": "CKR7YYH5X3M24"
   },
   {
      "code": "AVA16PBVLX1P"
   },
   {
      "code": "AVKZF1EVCQ23B"
   },
   {
      "code": "E75GAWQAYRD36"
   },
   {
      "code": "LR5GINURS1UG5"
   },
   {
      "code": "ATZWDBD2FY1R"
   },
   {
      "code": "PAMI3UKWWYW4A"
   },
   {
      "code": "5WQI52QMJP4E7"
   },
   {
      "code": "TQU3Q1QJLYF77"
   },
   {
      "code": "CE7VV3WFKALX7"
   },
   {
      "code": "L8ZH81RZJ1WGC"
   },
   {
      "code": "VPNVTTQ8V6DBB"
   },
   {
      "code": "WQ2MAYF2526FC"
   },
   {
      "code": "GUP77HYWBTGVA"
   },
   {
      "code": "VS4AA21T1YNVB"
   },
   {
      "code": "LDPU7VVVIMSL4"
   },
   {
      "code": "83IAPVINUHEQC"
   },
   {
      "code": "GG883LDINHNT6"
   },
   {
      "code": "3WQN8ZT3AJNT2"
   },
   {
      "code": "RA8DRGY82PAJ2"
   },
   {
      "code": "KM3VP7P43C2V"
   },
   {
      "code": "6HEQVKNAJDLF5"
   },
   {
      "code": "LRVMPQMIS84N8"
   },
   {
      "code": "525S2HVYJ1CH3"
   },
   {
      "code": "IJ1CZ65CXAH5C"
   },
   {
      "code": "INUYLLRPENGKA"
   }
]
21-01-2020 11:35:07.5 [NOTICE] page-1.svg
21-01-2020 11:35:07.5 [DEBUG] inkscape out/svg/page-1.svg --export-dpi=300 --export-png=out/png/page-1.png
21-01-2020 11:35:07.6 [NOTICE] success
21-01-2020 11:35:07.9 [NOTICE] page-2.svg
21-01-2020 11:35:07.9 [DEBUG] inkscape out/svg/page-2.svg --export-dpi=300 --export-png=out/png/page-2.png
21-01-2020 11:35:07.9 [NOTICE] success
21-01-2020 11:35:08.4 [NOTICE] page-3.svg
21-01-2020 11:35:08.5 [DEBUG] inkscape out/svg/page-3.svg --export-dpi=300 --export-png=out/png/page-3.png
21-01-2020 11:35:08.6 [NOTICE] success
21-01-2020 11:35:08.9 [NOTICE] page-4.svg
21-01-2020 11:35:08.9 [DEBUG] inkscape out/svg/page-4.svg --export-dpi=300 --export-png=out/png/page-4.png
21-01-2020 11:35:09.0 [NOTICE] success
21-01-2020 11:35:09.4 [NOTICE] page-5.svg
21-01-2020 11:35:09.4 [DEBUG] inkscape out/svg/page-5.svg --export-dpi=300 --export-png=out/png/page-5.png
21-01-2020 11:35:09.5 [NOTICE] success
21-01-2020 11:35:10.0 [NOTICE] page-6.svg
21-01-2020 11:35:10.1 [DEBUG] inkscape out/svg/page-6.svg --export-dpi=300 --export-png=out/png/page-6.png
21-01-2020 11:35:10.1 [NOTICE] success
21-01-2020 11:35:10.5 [NOTICE] page-7.svg
21-01-2020 11:35:10.6 [DEBUG] inkscape out/svg/page-7.svg --export-dpi=300 --export-png=out/png/page-7.png
21-01-2020 11:35:10.6 [NOTICE] success
21-01-2020 11:35:11.0 [NOTICE] page-8.svg
21-01-2020 11:35:11.0 [DEBUG] inkscape out/svg/page-8.svg --export-dpi=300 --export-png=out/png/page-8.png
21-01-2020 11:35:11.0 [NOTICE] success
21-01-2020 11:35:11.5 [NOTICE] page-9.svg
21-01-2020 11:35:11.5 [DEBUG] inkscape out/svg/page-9.svg --export-dpi=300 --export-png=out/png/page-9.png
21-01-2020 11:35:11.7 [NOTICE] success
21-01-2020 11:35:12.0 [NOTICE] page-10.svg
21-01-2020 11:35:12.0 [DEBUG] inkscape out/svg/page-10.svg --export-dpi=300 --export-png=out/png/page-10.png
21-01-2020 11:35:12.0 [NOTICE] success
21-01-2020 11:35:12.5 [NOTICE] page-11.svg
21-01-2020 11:35:12.5 [DEBUG] inkscape out/svg/page-11.svg --export-dpi=300 --export-png=out/png/page-11.png
21-01-2020 11:35:12.6 [NOTICE] success
21-01-2020 11:35:13.0 [NOTICE] page-12.svg
21-01-2020 11:35:13.1 [DEBUG] inkscape out/svg/page-12.svg --export-dpi=300 --export-png=out/png/page-12.png
21-01-2020 11:35:13.1 [NOTICE] success
21-01-2020 11:35:13.5 [NOTICE] page-13.svg
21-01-2020 11:35:13.6 [DEBUG] inkscape out/svg/page-13.svg --export-dpi=300 --export-png=out/png/page-13.png
21-01-2020 11:35:13.7 [NOTICE] success
21-01-2020 11:35:14.0 [NOTICE] page-14.svg
21-01-2020 11:35:14.2 [DEBUG] inkscape out/svg/page-14.svg --export-dpi=300 --export-png=out/png/page-14.png
21-01-2020 11:35:14.5 [NOTICE] page-15.svg
21-01-2020 11:35:14.5 [DEBUG] inkscape out/svg/page-15.svg --export-dpi=300 --export-png=out/png/page-15.png
21-01-2020 11:35:14.6 [NOTICE] success
21-01-2020 11:35:14.6 [NOTICE] success
21-01-2020 11:36:07.6 [DEBUG] stderr: DPI: 300
Background RRGGBBAA: ffffff00
Area 0:0:1122,52:793,701 exported to 3508 x 2480 pixels (300 dpi)
Bitmap saved as: out/png/page-5.png

21-01-2020 11:36:07.6 [DEBUG] stderr: DPI: 300
Background RRGGBBAA: ffffff00
Area 0:0:1122,52:793,701 exported to 3508 x 2480 pixels (300 dpi)
Bitmap saved as: out/png/page-10.png

21-01-2020 11:36:07.6 [DEBUG] stderr: DPI: 300
Background RRGGBBAA: ffffff00
Area 0:0:1122,52:793,701 exported to 3508 x 2480 pixels (300 dpi)
Bitmap saved as: out/png/page-11.png

21-01-2020 11:36:07.6 [DEBUG] stderr: DPI: 300
Background RRGGBBAA: ffffff00
Area 0:0:1122,52:793,701 exported to 3508 x 2480 pixels (300 dpi)
Bitmap saved as: out/png/page-2.png

21-01-2020 11:36:07.8 [DEBUG] stderr: DPI: 300
Background RRGGBBAA: ffffff00
Area 0:0:1122,52:793,701 exported to 3508 x 2480 pixels (300 dpi)
Bitmap saved as: out/png/page-6.png

21-01-2020 11:36:07.9 [DEBUG] stderr: DPI: 300
Background RRGGBBAA: ffffff00
Area 0:0:1122,52:793,701 exported to 3508 x 2480 pixels (300 dpi)
Bitmap saved as: out/png/page-1.png

21-01-2020 11:36:08.3 [DEBUG] stderr: DPI: 300
Background RRGGBBAA: ffffff00
Area 0:0:1122,52:793,701 exported to 3508 x 2480 pixels (300 dpi)
Bitmap saved as: out/png/page-12.png

21-01-2020 11:36:08.7 [DEBUG] stderr: DPI: 300
Background RRGGBBAA: ffffff00
Area 0:0:1122,52:793,701 exported to 3508 x 2480 pixels (300 dpi)
Bitmap saved as: out/png/page-13.png

21-01-2020 11:36:09.1 [DEBUG] stderr: DPI: 300
Background RRGGBBAA: ffffff00
Area 0:0:1122,52:793,701 exported to 3508 x 2480 pixels (300 dpi)
Bitmap saved as: out/png/page-7.png

21-01-2020 11:36:09.4 [DEBUG] stderr: DPI: 300
Background RRGGBBAA: ffffff00
Area 0:0:1122,52:793,701 exported to 3508 x 2480 pixels (300 dpi)
Bitmap saved as: out/png/page-14.png

21-01-2020 11:36:09.9 [DEBUG] stderr: DPI: 300
Background RRGGBBAA: ffffff00
Area 0:0:1122,52:793,701 exported to 3508 x 2480 pixels (300 dpi)
Bitmap saved as: out/png/page-8.png

21-01-2020 11:36:13.4 [DEBUG] stderr: DPI: 300
Background RRGGBBAA: ffffff00
Area 0:0:1122,52:793,701 exported to 3508 x 2480 pixels (300 dpi)
Bitmap saved as: out/png/page-3.png

21-01-2020 11:36:13.4 [DEBUG] stderr: DPI: 300
Background RRGGBBAA: ffffff00
Area 0:0:1122,52:793,701 exported to 3508 x 2480 pixels (300 dpi)
Bitmap saved as: out/png/page-15.png

21-01-2020 11:36:13.4 [DEBUG] stderr: DPI: 300
Background RRGGBBAA: ffffff00
Area 0:0:1122,52:793,701 exported to 3508 x 2480 pixels (300 dpi)
Bitmap saved as: out/png/page-9.png

21-01-2020 11:36:13.5 [DEBUG] stderr: DPI: 300
Background RRGGBBAA: ffffff00
Area 0:0:1122,52:793,701 exported to 3508 x 2480 pixels (300 dpi)
Bitmap saved as: out/png/page-4.png

21-01-2020 11:46:53.3 [NOTICE] 
[
   {
      "code": "AFS8YMCL5XSH2"
   },
   {
      "code": "W476CRA3EDXR3"
   },
   {
      "code": "KME164T5IJHMA"
   },
   {
      "code": "3DSX6EBN1MSA"
   },
   {
      "code": "KM22XETGGSU6A"
   },
   {
      "code": "JZ7RTY1TJE7FA"
   },
   {
      "code": "VX7IM7L27Z4"
   },
   {
      "code": "7XHVDNTYGWYY3"
   },
   {
      "code": "NWUYX28J1MCRA"
   },
   {
      "code": "QW8AIH1CFRB82"
   },
   {
      "code": "2WJTERWRH3GCA"
   },
   {
      "code": "IYUESPIBNGGU"
   },
   {
      "code": "E1ZJ21RVQ8KM3"
   },
   {
      "code": "DLK1DFUQ17FA7"
   },
   {
      "code": "MWGXK6FJXGT2B"
   },
   {
      "code": "6RA7C6SIUQ134"
   },
   {
      "code": "SWXHLD48CTXT3"
   },
   {
      "code": "ZSHVQY72M43GA"
   },
   {
      "code": "5EG2PQ7FRBN76"
   },
   {
      "code": "DHQUNWTN1ZGY"
   },
   {
      "code": "7NYRJHIH1Q8S2"
   },
   {
      "code": "HQKZKHBW5X3N7"
   },
   {
      "code": "L786JJFRIKBRB"
   },
   {
      "code": "VYUBTHZNJZV37"
   },
   {
      "code": "MWI134VTHMAX8"
   },
   {
      "code": "16R3EZANI4ZU2"
   },
   {
      "code": "ZKLIFID5KGBK3"
   },
   {
      "code": "EKCXHAQ52HE25"
   },
   {
      "code": "FNUZXKJIAL8TA"
   },
   {
      "code": "U76XLTZUP7UQ"
   },
   {
      "code": "D7ISVUL2K5LG8"
   },
   {
      "code": "5VU5MXYICGMVA"
   },
   {
      "code": "3KPX3VWVK4JA"
   },
   {
      "code": "FVGSW8TVWL1Y8"
   },
   {
      "code": "TJG356U4Z22M5"
   },
   {
      "code": "J14NQCPINVUTA"
   },
   {
      "code": "1K6KTMDDUIEU2"
   },
   {
      "code": "KS37USRIC6BM6"
   },
   {
      "code": "27YZI6VAM5335"
   },
   {
      "code": "GZ4XDEWCUA418"
   },
   {
      "code": "FEMESGW6FQ3Q4"
   },
   {
      "code": "NVWARCAVLPSG6"
   },
   {
      "code": "YKUBE63S5XFJ5"
   },
   {
      "code": "4HMY5KEP1QKFB"
   },
   {
      "code": "X8H1MJQ632PA4"
   },
   {
      "code": "RFQ4XUJNV5818"
   },
   {
      "code": "38ACWN5UU2Z74"
   },
   {
      "code": "IGJFZ4FEYXJQ2"
   },
   {
      "code": "P2I2DV1J78TN"
   },
   {
      "code": "HGQ7512YJWYG5"
   },
   {
      "code": "NH3AL4RNA3YR5"
   },
   {
      "code": "14WXH7ME7GTMA"
   },
   {
      "code": "4AVCMS688PWW3"
   },
   {
      "code": "WHERW7R1GQB62"
   },
   {
      "code": "AXSCZT2FV12A6"
   },
   {
      "code": "88ZGFW3NLAMA7"
   },
   {
      "code": "ITEMJ4BY45CM3"
   },
   {
      "code": "2QBK5KQT6JUR3"
   },
   {
      "code": "DP4F4LEYN8TJ7"
   },
   {
      "code": "TD5RKS6JVYYT8"
   },
   {
      "code": "Y7Z76ACIU687C"
   },
   {
      "code": "4SCERWCR2W1C"
   },
   {
      "code": "QR8XMN1JQQMY6"
   },
   {
      "code": "4XKT6NY8QTT74"
   },
   {
      "code": "Y6VNS1FSKLWJ6"
   },
   {
      "code": "VTI2BKYAPE8Q2"
   },
   {
      "code": "DGURZXGC6P3CC"
   },
   {
      "code": "XRR8555KV43NC"
   },
   {
      "code": "1UDD8W3GN1ZWB"
   },
   {
      "code": "17CFJ1FHS3FS"
   },
   {
      "code": "3TE4KLMMFHYUA"
   },
   {
      "code": "PHP3B3I8KMR84"
   },
   {
      "code": "1WE4CJZFGJPV5"
   },
   {
      "code": "LJR54HRR8B577"
   },
   {
      "code": "3IPNN7DB4GFU6"
   },
   {
      "code": "JC36HUT3HSV37"
   },
   {
      "code": "A4KJADF156RF6"
   },
   {
      "code": "H61PASGWMYV7"
   },
   {
      "code": "XHYRHHWWGDTG5"
   },
   {
      "code": "1XUKDNEK45DRC"
   },
   {
      "code": "BQJYK3BZ367W"
   },
   {
      "code": "JZ3UCXXKZ27F"
   },
   {
      "code": "RZC85NVYD3DS6"
   },
   {
      "code": "JAWAZHXTVZE67"
   },
   {
      "code": "WYMU5G23ZSISC"
   },
   {
      "code": "1ZQYKBWBZSFG4"
   },
   {
      "code": "ZVTEKNZ4MI8C7"
   },
   {
      "code": "I16Z7GAXUSJI4"
   },
   {
      "code": "ERX2YB1J3LB32"
   },
   {
      "code": "JZ3ID5Z2NAXK7"
   },
   {
      "code": "X34YTYSWRB755"
   },
   {
      "code": "T48XSBGP4C6D4"
   },
   {
      "code": "NJVE2SGCA176C"
   },
   {
      "code": "KSGYY1RYKMRU3"
   },
   {
      "code": "CKR7YYH5X3M24"
   },
   {
      "code": "AVA16PBVLX1P"
   },
   {
      "code": "AVKZF1EVCQ23B"
   },
   {
      "code": "E75GAWQAYRD36"
   },
   {
      "code": "LR5GINURS1UG5"
   },
   {
      "code": "ATZWDBD2FY1R"
   },
   {
      "code": "PAMI3UKWWYW4A"
   },
   {
      "code": "5WQI52QMJP4E7"
   },
   {
      "code": "TQU3Q1QJLYF77"
   },
   {
      "code": "CE7VV3WFKALX7"
   },
   {
      "code": "L8ZH81RZJ1WGC"
   },
   {
      "code": "VPNVTTQ8V6DBB"
   },
   {
      "code": "WQ2MAYF2526FC"
   },
   {
      "code": "GUP77HYWBTGVA"
   },
   {
      "code": "VS4AA21T1YNVB"
   },
   {
      "code": "LDPU7VVVIMSL4"
   },
   {
      "code": "83IAPVINUHEQC"
   },
   {
      "code": "GG883LDINHNT6"
   },
   {
      "code": "3WQN8ZT3AJNT2"
   },
   {
      "code": "RA8DRGY82PAJ2"
   },
   {
      "code": "KM3VP7P43C2V"
   },
   {
      "code": "6HEQVKNAJDLF5"
   },
   {
      "code": "LRVMPQMIS84N8"
   },
   {
      "code": "525S2HVYJ1CH3"
   },
   {
      "code": "IJ1CZ65CXAH5C"
   },
   {
      "code": "INUYLLRPENGKA"
   }
]
21-01-2020 11:46:53.9 [NOTICE] page-1.svg
21-01-2020 11:46:54.0 [DEBUG] inkscape out/svg/page-1.svg --export-dpi=300 --export-png=out/png/page-1.png
21-01-2020 11:46:54.1 [NOTICE] success
21-01-2020 11:46:54.4 [NOTICE] page-2.svg
21-01-2020 11:46:54.4 [DEBUG] inkscape out/svg/page-2.svg --export-dpi=300 --export-png=out/png/page-2.png
21-01-2020 11:46:54.4 [NOTICE] success
21-01-2020 11:46:54.9 [NOTICE] page-3.svg
21-01-2020 11:46:55.1 [DEBUG] inkscape out/svg/page-3.svg --export-dpi=300 --export-png=out/png/page-3.png
21-01-2020 11:46:55.2 [NOTICE] success
21-01-2020 11:46:55.5 [NOTICE] page-4.svg
21-01-2020 11:46:55.7 [DEBUG] inkscape out/svg/page-4.svg --export-dpi=300 --export-png=out/png/page-4.png
21-01-2020 11:46:56.1 [NOTICE] page-5.svg
21-01-2020 11:46:56.4 [DEBUG] inkscape out/svg/page-5.svg --export-dpi=300 --export-png=out/png/page-5.png
21-01-2020 11:46:56.6 [NOTICE] page-6.svg
21-01-2020 11:46:56.8 [DEBUG] inkscape out/svg/page-6.svg --export-dpi=300 --export-png=out/png/page-6.png
21-01-2020 11:46:56.9 [NOTICE] success
21-01-2020 11:46:57.1 [NOTICE] success
21-01-2020 11:46:57.3 [NOTICE] page-7.svg
21-01-2020 11:46:58.0 [DEBUG] inkscape out/svg/page-7.svg --export-dpi=300 --export-png=out/png/page-7.png
21-01-2020 11:46:58.4 [NOTICE] page-8.svg
21-01-2020 11:46:58.8 [DEBUG] inkscape out/svg/page-8.svg --export-dpi=300 --export-png=out/png/page-8.png
21-01-2020 11:46:59.1 [NOTICE] success
21-01-2020 11:46:59.4 [NOTICE] page-9.svg
21-01-2020 11:46:59.8 [DEBUG] inkscape out/svg/page-9.svg --export-dpi=300 --export-png=out/png/page-9.png
21-01-2020 11:47:00.3 [NOTICE] success
21-01-2020 11:47:00.7 [NOTICE] page-10.svg
21-01-2020 11:47:01.1 [DEBUG] inkscape out/svg/page-10.svg --export-dpi=300 --export-png=out/png/page-10.png
21-01-2020 11:47:01.9 [NOTICE] success
21-01-2020 11:47:02.8 [NOTICE] page-11.svg
21-01-2020 11:47:03.4 [DEBUG] inkscape out/svg/page-11.svg --export-dpi=300 --export-png=out/png/page-11.png
21-01-2020 11:47:03.9 [NOTICE] success
21-01-2020 11:47:04.7 [NOTICE] page-12.svg
21-01-2020 11:47:06.8 [DEBUG] inkscape out/svg/page-12.svg --export-dpi=300 --export-png=out/png/page-12.png
21-01-2020 11:47:07.7 [NOTICE] success
21-01-2020 11:47:08.3 [NOTICE] page-13.svg
21-01-2020 11:47:08.8 [DEBUG] inkscape out/svg/page-13.svg --export-dpi=300 --export-png=out/png/page-13.png
21-01-2020 11:47:10.3 [NOTICE] success
21-01-2020 11:47:11.1 [NOTICE] page-14.svg
21-01-2020 11:47:12.2 [DEBUG] inkscape out/svg/page-14.svg --export-dpi=300 --export-png=out/png/page-14.png
21-01-2020 11:47:13.0 [NOTICE] success
21-01-2020 11:47:14.0 [NOTICE] page-15.svg
21-01-2020 11:47:16.9 [DEBUG] inkscape out/svg/page-15.svg --export-dpi=300 --export-png=out/png/page-15.png
21-01-2020 11:47:18.2 [NOTICE] success
21-01-2020 11:47:19.6 [NOTICE] success
21-01-2020 11:47:21.9 [NOTICE] success
21-01-2020 11:47:27.6 [DEBUG] stderr: DPI: 300
Background RRGGBBAA: ffffff00
Area 0:0:1122,52:793,701 exported to 3508 x 2480 pixels (300 dpi)
Bitmap saved as: out/png/page-1.png

21-01-2020 11:47:28.8 [DEBUG] stderr: DPI: 300
Background RRGGBBAA: ffffff00
Area 0:0:1122,52:793,701 exported to 3508 x 2480 pixels (300 dpi)
Bitmap saved as: out/png/page-2.png

21-01-2020 11:47:33.4 [DEBUG] stderr: DPI: 300
Background RRGGBBAA: ffffff00
Area 0:0:1122,52:793,701 exported to 3508 x 2480 pixels (300 dpi)
Bitmap saved as: out/png/page-5.png

21-01-2020 11:47:33.4 [DEBUG] stderr: DPI: 300
Background RRGGBBAA: ffffff00
Area 0:0:1122,52:793,701 exported to 3508 x 2480 pixels (300 dpi)
Bitmap saved as: out/png/page-6.png

21-01-2020 11:47:41.1 [DEBUG] stderr: DPI: 300
Background RRGGBBAA: ffffff00
Area 0:0:1122,52:793,701 exported to 3508 x 2480 pixels (300 dpi)
Bitmap saved as: out/png/page-7.png

21-01-2020 11:47:41.8 [DEBUG] stderr: DPI: 300
Background RRGGBBAA: ffffff00
Area 0:0:1122,52:793,701 exported to 3508 x 2480 pixels (300 dpi)
Bitmap saved as: out/png/page-3.png

21-01-2020 11:47:42.3 [DEBUG] stderr: DPI: 300
Background RRGGBBAA: ffffff00
Area 0:0:1122,52:793,701 exported to 3508 x 2480 pixels (300 dpi)
Bitmap saved as: out/png/page-8.png

21-01-2020 11:47:42.8 [DEBUG] stderr: DPI: 300
Background RRGGBBAA: ffffff00
Area 0:0:1122,52:793,701 exported to 3508 x 2480 pixels (300 dpi)
Bitmap saved as: out/png/page-10.png

21-01-2020 11:47:44.6 [DEBUG] stderr: DPI: 300
Background RRGGBBAA: ffffff00
Area 0:0:1122,52:793,701 exported to 3508 x 2480 pixels (300 dpi)
Bitmap saved as: out/png/page-4.png

21-01-2020 11:47:45.8 [DEBUG] stderr: DPI: 300
Background RRGGBBAA: ffffff00
Area 0:0:1122,52:793,701 exported to 3508 x 2480 pixels (300 dpi)
Bitmap saved as: out/png/page-11.png

21-01-2020 11:47:48.3 [DEBUG] stderr: DPI: 300
Background RRGGBBAA: ffffff00
Area 0:0:1122,52:793,701 exported to 3508 x 2480 pixels (300 dpi)
Bitmap saved as: out/png/page-12.png

21-01-2020 11:47:49.9 [DEBUG] stderr: DPI: 300
Background RRGGBBAA: ffffff00
Area 0:0:1122,52:793,701 exported to 3508 x 2480 pixels (300 dpi)
Bitmap saved as: out/png/page-13.png

21-01-2020 11:47:50.5 [DEBUG] stderr: DPI: 300
Background RRGGBBAA: ffffff00
Area 0:0:1122,52:793,701 exported to 3508 x 2480 pixels (300 dpi)
Bitmap saved as: out/png/page-9.png

21-01-2020 11:47:50.5 [DEBUG] stderr: DPI: 300
Background RRGGBBAA: ffffff00
Area 0:0:1122,52:793,701 exported to 3508 x 2480 pixels (300 dpi)
Bitmap saved as: out/png/page-14.png

21-01-2020 11:47:53.3 [DEBUG] stderr: DPI: 300
Background RRGGBBAA: ffffff00
Area 0:0:1122,52:793,701 exported to 3508 x 2480 pixels (300 dpi)
Bitmap saved as: out/png/page-15.png

21-01-2020 11:49:05.8 [NOTICE] 
[
   {
      "code": "CA1STIZIKZTY"
   },
   {
      "code": "YIIKFCWLAIRY7"
   },
   {
      "code": "HK1C6ECBLWYP3"
   },
   {
      "code": "VCFSDC76DK4Z6"
   },
   {
      "code": "AD8KDWP7MJSA2"
   },
   {
      "code": "BQHH7B7YM6LC5"
   },
   {
      "code": "72I8QAG1KYHK8"
   },
   {
      "code": "1MEWP7AP2J6NC"
   },
   {
      "code": "8PXDSAMT7FS3C"
   },
   {
      "code": "P6IGRMJC6BEM8"
   },
   {
      "code": "7CTAMDV6VYEVB"
   },
   {
      "code": "IXGLTKYNTTI7B"
   },
   {
      "code": "QR444IUGV5DG8"
   },
   {
      "code": "42CXPZUW1BXG4"
   },
   {
      "code": "NISLF3ZTT8SP6"
   },
   {
      "code": "UU25YRJU8W3S2"
   },
   {
      "code": "CBXK7W3EIVII7"
   },
   {
      "code": "56DL53PLIHPF7"
   },
   {
      "code": "6PFIIZZY6I2"
   },
   {
      "code": "H67RQKDHLFI33"
   },
   {
      "code": "83L1BAQNTDED5"
   },
   {
      "code": "GWM45JPRY8ESA"
   },
   {
      "code": "K2DFYUPWSVSB8"
   },
   {
      "code": "IYITWY5NQG6FB"
   },
   {
      "code": "BYBI4E31W4QX5"
   },
   {
      "code": "BRRX8C41JLD57"
   },
   {
      "code": "IVKEDUF2HMX46"
   },
   {
      "code": "W1N6XHAIVUG55"
   },
   {
      "code": "CG8AWNUEVM8C"
   },
   {
      "code": "J4LNC7XIBQFE5"
   },
   {
      "code": "NA7GUEQXZCGZ7"
   },
   {
      "code": "8AGX23JD53JS"
   },
   {
      "code": "TZZV8K517NVY5"
   },
   {
      "code": "QDYGXE2C2R2U5"
   },
   {
      "code": "3CMBAW8RW5WW7"
   },
   {
      "code": "RKWSEPL4NB1M"
   },
   {
      "code": "N1Z6SBNV1WLKA"
   },
   {
      "code": "CTF17SSVHQ3ZB"
   },
   {
      "code": "PLCJUGZ7KDSVA"
   },
   {
      "code": "FP8C4F5ZQ1SPA"
   },
   {
      "code": "EACGUIAKAAM48"
   },
   {
      "code": "TYISE3JD2PNT"
   },
   {
      "code": "BDBVAK1USXHJ4"
   },
   {
      "code": "PVCGZTAS4XPY8"
   },
   {
      "code": "ZTDNAC31PNLGB"
   },
   {
      "code": "PUX6Y326P5JP3"
   },
   {
      "code": "DIWSLG568QPC3"
   },
   {
      "code": "Z5B3PBVC61C25"
   },
   {
      "code": "XGIMJSIRPF7V2"
   },
   {
      "code": "K28JTFJ7ARHI8"
   },
   {
      "code": "JF47PWH44THJ7"
   },
   {
      "code": "6UBHGQ7AYUC5"
   },
   {
      "code": "7LSKNYY6TR742"
   },
   {
      "code": "QAT8WCU17QY35"
   },
   {
      "code": "81TKJNXFPIRA6"
   },
   {
      "code": "M78ZB88TIRI1A"
   },
   {
      "code": "VKGZSQ3C13J47"
   },
   {
      "code": "7YQAY73JKGVL3"
   },
   {
      "code": "4JQJYFS6VFY25"
   },
   {
      "code": "KAYKGJ7NKRDXB"
   },
   {
      "code": "255XK13YMJB82"
   },
   {
      "code": "MGAA5CW8FNCA6"
   },
   {
      "code": "ZBQU57NE21486"
   },
   {
      "code": "YRHLS7D7W3J1A"
   },
   {
      "code": "M72WX237DIDB2"
   },
   {
      "code": "I4JAUFG3K84XB"
   },
   {
      "code": "SACSDKCY5VJ8B"
   },
   {
      "code": "B3N1USE4LMN53"
   },
   {
      "code": "BFA6I4EK8MFW7"
   },
   {
      "code": "3CM511EW8C7I8"
   },
   {
      "code": "XKUXH8ECR44A3"
   },
   {
      "code": "2VHTLYI8ISVX3"
   },
   {
      "code": "5UQRRQ6BYD2M5"
   },
   {
      "code": "PKGHN6NAL6PM3"
   },
   {
      "code": "238J888XR4TR6"
   },
   {
      "code": "3VJ2HF6YBM77B"
   },
   {
      "code": "B1EQ6XX8YRW2B"
   },
   {
      "code": "L3YJ5LLZBXRR5"
   },
   {
      "code": "8CFZ37TZCY5T"
   },
   {
      "code": "DUE4NZEB788N7"
   },
   {
      "code": "5IKQLSFYVI4L5"
   },
   {
      "code": "DT4R165F6LX76"
   },
   {
      "code": "A3IKP4VGMDHL5"
   },
   {
      "code": "PUE7G38WICY6B"
   },
   {
      "code": "4AWVZUN66BQRC"
   },
   {
      "code": "YKVHDNRG1QV75"
   },
   {
      "code": "2M73RRPNAZ5A7"
   },
   {
      "code": "QN13UXPBL25LB"
   },
   {
      "code": "EXKTBYFINWG7C"
   },
   {
      "code": "FILIZ2UFC8UGA"
   },
   {
      "code": "27ZHVGY231ICB"
   },
   {
      "code": "QHFD2KM4VYMXB"
   },
   {
      "code": "NC3PLTB8GP8R8"
   },
   {
      "code": "G3C1RXM1AUM87"
   },
   {
      "code": "4N8T5AK384B42"
   },
   {
      "code": "2BSBRD1PL1MY2"
   },
   {
      "code": "HL88FXD4W3B8C"
   },
   {
      "code": "3UEIP5HEKWXH8"
   },
   {
      "code": "EDPAB78TBU2S"
   },
   {
      "code": "J73XXDYQPIHG3"
   },
   {
      "code": "7VVR7AT7WLY3"
   },
   {
      "code": "1KLE8KKUHBHI2"
   },
   {
      "code": "D8XP8CW1KXG14"
   },
   {
      "code": "HAZR2BINQUKD7"
   },
   {
      "code": "Y4AHDZJ7GEPB5"
   },
   {
      "code": "F256SQPUQQMVA"
   },
   {
      "code": "UN5568PCVQY3B"
   },
   {
      "code": "NNXFR4KRWNZ22"
   },
   {
      "code": "RMTWC3URM1C16"
   },
   {
      "code": "B2TJ6K7GZ2XK"
   },
   {
      "code": "GCPHQCGLIJSTA"
   },
   {
      "code": "C7TPJ5XYV2YX5"
   },
   {
      "code": "356DW8244AEMB"
   },
   {
      "code": "Y8DBKRW7U2IG4"
   },
   {
      "code": "KCJPLVQH4HG8A"
   },
   {
      "code": "V1PS1JQR8SS62"
   },
   {
      "code": "ID225QIU44C58"
   },
   {
      "code": "XXCXZFDQ1JRK2"
   },
   {
      "code": "P6UYF7SH585A4"
   },
   {
      "code": "QCAF7FN412TS4"
   }
]
21-01-2020 11:49:06.4 [NOTICE] page-1.svg
21-01-2020 11:49:06.5 [DEBUG] inkscape out/svg/page-1.svg --export-dpi=300 --export-png=out/png/page-1.png
21-01-2020 11:49:06.5 [NOTICE] success
21-01-2020 11:49:06.8 [NOTICE] page-2.svg
21-01-2020 11:49:07.0 [DEBUG] inkscape out/svg/page-2.svg --export-dpi=300 --export-png=out/png/page-2.png
21-01-2020 11:49:07.0 [NOTICE] success
21-01-2020 11:49:07.4 [NOTICE] page-3.svg
21-01-2020 11:49:07.6 [DEBUG] inkscape out/svg/page-3.svg --export-dpi=300 --export-png=out/png/page-3.png
21-01-2020 11:49:07.7 [NOTICE] success
21-01-2020 11:49:08.0 [NOTICE] page-4.svg
21-01-2020 11:49:08.2 [DEBUG] inkscape out/svg/page-4.svg --export-dpi=300 --export-png=out/png/page-4.png
21-01-2020 11:49:08.5 [NOTICE] page-5.svg
21-01-2020 11:49:08.6 [DEBUG] inkscape out/svg/page-5.svg --export-dpi=300 --export-png=out/png/page-5.png
21-01-2020 11:49:08.9 [NOTICE] success
21-01-2020 11:49:09.2 [NOTICE] page-6.svg
21-01-2020 11:49:09.5 [DEBUG] inkscape out/svg/page-6.svg --export-dpi=300 --export-png=out/png/page-6.png
21-01-2020 11:49:09.9 [NOTICE] success
21-01-2020 11:49:10.3 [NOTICE] page-7.svg
21-01-2020 11:49:10.7 [DEBUG] inkscape out/svg/page-7.svg --export-dpi=300 --export-png=out/png/page-7.png
21-01-2020 11:49:11.0 [NOTICE] page-8.svg
21-01-2020 11:49:11.3 [DEBUG] inkscape out/svg/page-8.svg --export-dpi=300 --export-png=out/png/page-8.png
21-01-2020 11:49:11.6 [NOTICE] success
21-01-2020 11:49:12.0 [NOTICE] page-9.svg
21-01-2020 11:49:12.5 [DEBUG] inkscape out/svg/page-9.svg --export-dpi=300 --export-png=out/png/page-9.png
21-01-2020 11:49:13.1 [NOTICE] success
21-01-2020 11:49:13.9 [NOTICE] page-10.svg
21-01-2020 11:49:14.4 [DEBUG] inkscape out/svg/page-10.svg --export-dpi=300 --export-png=out/png/page-10.png
21-01-2020 11:49:15.0 [NOTICE] success
21-01-2020 11:49:15.1 [NOTICE] page-11.svg
21-01-2020 11:49:15.1 [DEBUG] inkscape out/svg/page-11.svg --export-dpi=300 --export-png=out/png/page-11.png
21-01-2020 11:49:15.8 [NOTICE] page-12.svg
21-01-2020 11:49:16.4 [DEBUG] inkscape out/svg/page-12.svg --export-dpi=300 --export-png=out/png/page-12.png
21-01-2020 11:49:16.8 [NOTICE] success
21-01-2020 11:49:17.3 [NOTICE] page-13.svg
21-01-2020 11:49:17.9 [DEBUG] inkscape out/svg/page-13.svg --export-dpi=300 --export-png=out/png/page-13.png
21-01-2020 11:49:19.2 [NOTICE] success
21-01-2020 11:49:20.0 [NOTICE] page-14.svg
21-01-2020 11:49:21.0 [DEBUG] inkscape out/svg/page-14.svg --export-dpi=300 --export-png=out/png/page-14.png
21-01-2020 11:49:21.9 [NOTICE] success
21-01-2020 11:49:22.7 [NOTICE] success
21-01-2020 11:49:23.3 [NOTICE] page-15.svg
21-01-2020 11:49:24.1 [DEBUG] inkscape out/svg/page-15.svg --export-dpi=300 --export-png=out/png/page-15.png
21-01-2020 11:49:24.9 [NOTICE] success
21-01-2020 11:49:25.6 [NOTICE] success
21-01-2020 11:49:26.3 [NOTICE] success
21-01-2020 11:49:29.6 [DEBUG] stderr: DPI: 300
Background RRGGBBAA: ffffff00
Area 0:0:1122,52:793,701 exported to 3508 x 2480 pixels (300 dpi)
Bitmap saved as: out/png/page-2.png

21-01-2020 11:49:30.1 [DEBUG] stderr: DPI: 300
Background RRGGBBAA: ffffff00
Area 0:0:1122,52:793,701 exported to 3508 x 2480 pixels (300 dpi)
Bitmap saved as: out/png/page-1.png

21-01-2020 11:49:39.2 [DEBUG] stderr: DPI: 300
Background RRGGBBAA: ffffff00
Area 0:0:1122,52:793,701 exported to 3508 x 2480 pixels (300 dpi)
Bitmap saved as: out/png/page-5.png

21-01-2020 11:49:39.8 [DEBUG] stderr: DPI: 300
Background RRGGBBAA: ffffff00
Area 0:0:1122,52:793,701 exported to 3508 x 2480 pixels (300 dpi)
Bitmap saved as: out/png/page-4.png

21-01-2020 11:49:43.9 [DEBUG] stderr: DPI: 300
Background RRGGBBAA: ffffff00
Area 0:0:1122,52:793,701 exported to 3508 x 2480 pixels (300 dpi)
Bitmap saved as: out/png/page-6.png

21-01-2020 11:49:44.7 [DEBUG] stderr: DPI: 300
Background RRGGBBAA: ffffff00
Area 0:0:1122,52:793,701 exported to 3508 x 2480 pixels (300 dpi)
Bitmap saved as: out/png/page-7.png

21-01-2020 11:49:46.0 [DEBUG] stderr: DPI: 300
Background RRGGBBAA: ffffff00
Area 0:0:1122,52:793,701 exported to 3508 x 2480 pixels (300 dpi)
Bitmap saved as: out/png/page-8.png

21-01-2020 11:49:47.1 [DEBUG] stderr: DPI: 300
Background RRGGBBAA: ffffff00
Area 0:0:1122,52:793,701 exported to 3508 x 2480 pixels (300 dpi)
Bitmap saved as: out/png/page-9.png

21-01-2020 11:49:48.7 [DEBUG] stderr: DPI: 300
Background RRGGBBAA: ffffff00
Area 0:0:1122,52:793,701 exported to 3508 x 2480 pixels (300 dpi)
Bitmap saved as: out/png/page-3.png

21-01-2020 11:49:50.6 [DEBUG] stderr: DPI: 300
Background RRGGBBAA: ffffff00
Area 0:0:1122,52:793,701 exported to 3508 x 2480 pixels (300 dpi)
Bitmap saved as: out/png/page-10.png

21-01-2020 11:49:51.1 [DEBUG] stderr: DPI: 300
Background RRGGBBAA: ffffff00
Area 0:0:1122,52:793,701 exported to 3508 x 2480 pixels (300 dpi)
Bitmap saved as: out/png/page-11.png

21-01-2020 11:49:51.1 [DEBUG] stderr: DPI: 300
Background RRGGBBAA: ffffff00
Area 0:0:1122,52:793,701 exported to 3508 x 2480 pixels (300 dpi)
Bitmap saved as: out/png/page-13.png

21-01-2020 11:49:51.2 [DEBUG] stderr: DPI: 300
Background RRGGBBAA: ffffff00
Area 0:0:1122,52:793,701 exported to 3508 x 2480 pixels (300 dpi)
Bitmap saved as: out/png/page-12.png

21-01-2020 11:49:54.5 [DEBUG] stderr: DPI: 300
Background RRGGBBAA: ffffff00
Area 0:0:1122,52:793,701 exported to 3508 x 2480 pixels (300 dpi)
Bitmap saved as: out/png/page-14.png

21-01-2020 11:49:55.3 [DEBUG] stderr: DPI: 300
Background RRGGBBAA: ffffff00
Area 0:0:1122,52:793,701 exported to 3508 x 2480 pixels (300 dpi)
Bitmap saved as: out/png/page-15.png

21-01-2020 11:54:48.4 [NOTICE] 
[
   {
      "#VoucherTickets1..120forRoll122": "#NrofRollBits16"
   },
   {
      "#VoucherTickets1..120forRoll122": "#NrofTicketBits10"
   },
   {
      "#VoucherTickets1..120forRoll122": "#NrofChecksumBits5"
   },
   {
      "#VoucherTickets1..120forRoll122": "#magicinitializer1783(32Bitsused)"
   },
   {
      "#VoucherTickets1..120forRoll122": "#CharacterSetused12345678ABCDEFGHIJKLMNPQRSTUVWXYZ"
   },
   {
      "#VoucherTickets1..120forRoll122": "#"
   },
   {
      "#VoucherTickets1..120forRoll122": "CA1STIZIKZTY"
   },
   {
      "#VoucherTickets1..120forRoll122": "YIIKFCWLAIRY7"
   },
   {
      "#VoucherTickets1..120forRoll122": "HK1C6ECBLWYP3"
   },
   {
      "#VoucherTickets1..120forRoll122": "VCFSDC76DK4Z6"
   },
   {
      "#VoucherTickets1..120forRoll122": "AD8KDWP7MJSA2"
   },
   {
      "#VoucherTickets1..120forRoll122": "BQHH7B7YM6LC5"
   },
   {
      "#VoucherTickets1..120forRoll122": "72I8QAG1KYHK8"
   },
   {
      "#VoucherTickets1..120forRoll122": "1MEWP7AP2J6NC"
   },
   {
      "#VoucherTickets1..120forRoll122": "8PXDSAMT7FS3C"
   },
   {
      "#VoucherTickets1..120forRoll122": "P6IGRMJC6BEM8"
   },
   {
      "#VoucherTickets1..120forRoll122": "7CTAMDV6VYEVB"
   },
   {
      "#VoucherTickets1..120forRoll122": "IXGLTKYNTTI7B"
   },
   {
      "#VoucherTickets1..120forRoll122": "QR444IUGV5DG8"
   },
   {
      "#VoucherTickets1..120forRoll122": "42CXPZUW1BXG4"
   },
   {
      "#VoucherTickets1..120forRoll122": "NISLF3ZTT8SP6"
   },
   {
      "#VoucherTickets1..120forRoll122": "UU25YRJU8W3S2"
   },
   {
      "#VoucherTickets1..120forRoll122": "CBXK7W3EIVII7"
   },
   {
      "#VoucherTickets1..120forRoll122": "56DL53PLIHPF7"
   },
   {
      "#VoucherTickets1..120forRoll122": "6PFIIZZY6I2"
   },
   {
      "#VoucherTickets1..120forRoll122": "H67RQKDHLFI33"
   },
   {
      "#VoucherTickets1..120forRoll122": "83L1BAQNTDED5"
   },
   {
      "#VoucherTickets1..120forRoll122": "GWM45JPRY8ESA"
   },
   {
      "#VoucherTickets1..120forRoll122": "K2DFYUPWSVSB8"
   },
   {
      "#VoucherTickets1..120forRoll122": "IYITWY5NQG6FB"
   },
   {
      "#VoucherTickets1..120forRoll122": "BYBI4E31W4QX5"
   },
   {
      "#VoucherTickets1..120forRoll122": "BRRX8C41JLD57"
   },
   {
      "#VoucherTickets1..120forRoll122": "IVKEDUF2HMX46"
   },
   {
      "#VoucherTickets1..120forRoll122": "W1N6XHAIVUG55"
   },
   {
      "#VoucherTickets1..120forRoll122": "CG8AWNUEVM8C"
   },
   {
      "#VoucherTickets1..120forRoll122": "J4LNC7XIBQFE5"
   },
   {
      "#VoucherTickets1..120forRoll122": "NA7GUEQXZCGZ7"
   },
   {
      "#VoucherTickets1..120forRoll122": "8AGX23JD53JS"
   },
   {
      "#VoucherTickets1..120forRoll122": "TZZV8K517NVY5"
   },
   {
      "#VoucherTickets1..120forRoll122": "QDYGXE2C2R2U5"
   },
   {
      "#VoucherTickets1..120forRoll122": "3CMBAW8RW5WW7"
   },
   {
      "#VoucherTickets1..120forRoll122": "RKWSEPL4NB1M"
   },
   {
      "#VoucherTickets1..120forRoll122": "N1Z6SBNV1WLKA"
   },
   {
      "#VoucherTickets1..120forRoll122": "CTF17SSVHQ3ZB"
   },
   {
      "#VoucherTickets1..120forRoll122": "PLCJUGZ7KDSVA"
   },
   {
      "#VoucherTickets1..120forRoll122": "FP8C4F5ZQ1SPA"
   },
   {
      "#VoucherTickets1..120forRoll122": "EACGUIAKAAM48"
   },
   {
      "#VoucherTickets1..120forRoll122": "TYISE3JD2PNT"
   },
   {
      "#VoucherTickets1..120forRoll122": "BDBVAK1USXHJ4"
   },
   {
      "#VoucherTickets1..120forRoll122": "PVCGZTAS4XPY8"
   },
   {
      "#VoucherTickets1..120forRoll122": "ZTDNAC31PNLGB"
   },
   {
      "#VoucherTickets1..120forRoll122": "PUX6Y326P5JP3"
   },
   {
      "#VoucherTickets1..120forRoll122": "DIWSLG568QPC3"
   },
   {
      "#VoucherTickets1..120forRoll122": "Z5B3PBVC61C25"
   },
   {
      "#VoucherTickets1..120forRoll122": "XGIMJSIRPF7V2"
   },
   {
      "#VoucherTickets1..120forRoll122": "K28JTFJ7ARHI8"
   },
   {
      "#VoucherTickets1..120forRoll122": "JF47PWH44THJ7"
   },
   {
      "#VoucherTickets1..120forRoll122": "6UBHGQ7AYUC5"
   },
   {
      "#VoucherTickets1..120forRoll122": "7LSKNYY6TR742"
   },
   {
      "#VoucherTickets1..120forRoll122": "QAT8WCU17QY35"
   },
   {
      "#VoucherTickets1..120forRoll122": "81TKJNXFPIRA6"
   },
   {
      "#VoucherTickets1..120forRoll122": "M78ZB88TIRI1A"
   },
   {
      "#VoucherTickets1..120forRoll122": "VKGZSQ3C13J47"
   },
   {
      "#VoucherTickets1..120forRoll122": "7YQAY73JKGVL3"
   },
   {
      "#VoucherTickets1..120forRoll122": "4JQJYFS6VFY25"
   },
   {
      "#VoucherTickets1..120forRoll122": "KAYKGJ7NKRDXB"
   },
   {
      "#VoucherTickets1..120forRoll122": "255XK13YMJB82"
   },
   {
      "#VoucherTickets1..120forRoll122": "MGAA5CW8FNCA6"
   },
   {
      "#VoucherTickets1..120forRoll122": "ZBQU57NE21486"
   },
   {
      "#VoucherTickets1..120forRoll122": "YRHLS7D7W3J1A"
   },
   {
      "#VoucherTickets1..120forRoll122": "M72WX237DIDB2"
   },
   {
      "#VoucherTickets1..120forRoll122": "I4JAUFG3K84XB"
   },
   {
      "#VoucherTickets1..120forRoll122": "SACSDKCY5VJ8B"
   },
   {
      "#VoucherTickets1..120forRoll122": "B3N1USE4LMN53"
   },
   {
      "#VoucherTickets1..120forRoll122": "BFA6I4EK8MFW7"
   },
   {
      "#VoucherTickets1..120forRoll122": "3CM511EW8C7I8"
   },
   {
      "#VoucherTickets1..120forRoll122": "XKUXH8ECR44A3"
   },
   {
      "#VoucherTickets1..120forRoll122": "2VHTLYI8ISVX3"
   },
   {
      "#VoucherTickets1..120forRoll122": "5UQRRQ6BYD2M5"
   },
   {
      "#VoucherTickets1..120forRoll122": "PKGHN6NAL6PM3"
   },
   {
      "#VoucherTickets1..120forRoll122": "238J888XR4TR6"
   },
   {
      "#VoucherTickets1..120forRoll122": "3VJ2HF6YBM77B"
   },
   {
      "#VoucherTickets1..120forRoll122": "B1EQ6XX8YRW2B"
   },
   {
      "#VoucherTickets1..120forRoll122": "L3YJ5LLZBXRR5"
   },
   {
      "#VoucherTickets1..120forRoll122": "8CFZ37TZCY5T"
   },
   {
      "#VoucherTickets1..120forRoll122": "DUE4NZEB788N7"
   },
   {
      "#VoucherTickets1..120forRoll122": "5IKQLSFYVI4L5"
   },
   {
      "#VoucherTickets1..120forRoll122": "DT4R165F6LX76"
   },
   {
      "#VoucherTickets1..120forRoll122": "A3IKP4VGMDHL5"
   },
   {
      "#VoucherTickets1..120forRoll122": "PUE7G38WICY6B"
   },
   {
      "#VoucherTickets1..120forRoll122": "4AWVZUN66BQRC"
   },
   {
      "#VoucherTickets1..120forRoll122": "YKVHDNRG1QV75"
   },
   {
      "#VoucherTickets1..120forRoll122": "2M73RRPNAZ5A7"
   },
   {
      "#VoucherTickets1..120forRoll122": "QN13UXPBL25LB"
   },
   {
      "#VoucherTickets1..120forRoll122": "EXKTBYFINWG7C"
   },
   {
      "#VoucherTickets1..120forRoll122": "FILIZ2UFC8UGA"
   },
   {
      "#VoucherTickets1..120forRoll122": "27ZHVGY231ICB"
   },
   {
      "#VoucherTickets1..120forRoll122": "QHFD2KM4VYMXB"
   },
   {
      "#VoucherTickets1..120forRoll122": "NC3PLTB8GP8R8"
   },
   {
      "#VoucherTickets1..120forRoll122": "G3C1RXM1AUM87"
   },
   {
      "#VoucherTickets1..120forRoll122": "4N8T5AK384B42"
   },
   {
      "#VoucherTickets1..120forRoll122": "2BSBRD1PL1MY2"
   },
   {
      "#VoucherTickets1..120forRoll122": "HL88FXD4W3B8C"
   },
   {
      "#VoucherTickets1..120forRoll122": "3UEIP5HEKWXH8"
   },
   {
      "#VoucherTickets1..120forRoll122": "EDPAB78TBU2S"
   },
   {
      "#VoucherTickets1..120forRoll122": "J73XXDYQPIHG3"
   },
   {
      "#VoucherTickets1..120forRoll122": "7VVR7AT7WLY3"
   },
   {
      "#VoucherTickets1..120forRoll122": "1KLE8KKUHBHI2"
   },
   {
      "#VoucherTickets1..120forRoll122": "D8XP8CW1KXG14"
   },
   {
      "#VoucherTickets1..120forRoll122": "HAZR2BINQUKD7"
   },
   {
      "#VoucherTickets1..120forRoll122": "Y4AHDZJ7GEPB5"
   },
   {
      "#VoucherTickets1..120forRoll122": "F256SQPUQQMVA"
   },
   {
      "#VoucherTickets1..120forRoll122": "UN5568PCVQY3B"
   },
   {
      "#VoucherTickets1..120forRoll122": "NNXFR4KRWNZ22"
   },
   {
      "#VoucherTickets1..120forRoll122": "RMTWC3URM1C16"
   },
   {
      "#VoucherTickets1..120forRoll122": "B2TJ6K7GZ2XK"
   },
   {
      "#VoucherTickets1..120forRoll122": "GCPHQCGLIJSTA"
   },
   {
      "#VoucherTickets1..120forRoll122": "C7TPJ5XYV2YX5"
   },
   {
      "#VoucherTickets1..120forRoll122": "356DW8244AEMB"
   },
   {
      "#VoucherTickets1..120forRoll122": "Y8DBKRW7U2IG4"
   },
   {
      "#VoucherTickets1..120forRoll122": "KCJPLVQH4HG8A"
   },
   {
      "#VoucherTickets1..120forRoll122": "V1PS1JQR8SS62"
   },
   {
      "#VoucherTickets1..120forRoll122": "ID225QIU44C58"
   },
   {
      "#VoucherTickets1..120forRoll122": "XXCXZFDQ1JRK2"
   },
   {
      "#VoucherTickets1..120forRoll122": "P6UYF7SH585A4"
   },
   {
      "#VoucherTickets1..120forRoll122": "QCAF7FN412TS4"
   }
]
