22-01-2020 09:17:42.2 [NOTICE] 
[
   {
      "code": "5X4S1QYEJCGD8"
   },
   {
      "code": "CJZ8TQ8G15FYE"
   },
   {
      "code": "VTPHZ3RS7VG74"
   },
   {
      "code": "PW5ND7VPY9653"
   },
   {
      "code": "R6NA51WGDKG49"
   },
   {
      "code": "Q8EUDR8FGQRS8"
   },
   {
      "code": "TSZA9P4592TCG"
   },
   {
      "code": "KTFQ2ATXRPWDE"
   },
   {
      "code": "AVR9BMWSN3T3D"
   },
   {
      "code": "FSB8P9EX5NTP8"
   },
   {
      "code": "6XEYVMV5TMMT7"
   },
   {
      "code": "S7MZV4D8FPQ2A"
   },
   {
      "code": "CYMYMGBRDJK57"
   },
   {
      "code": "3VW6WDEAWGZDB"
   },
   {
      "code": "RZ6B9RUJV1JW4"
   },
   {
      "code": "XVGUBMCY7GKMC"
   },
   {
      "code": "VDZCEDPGXNR56"
   },
   {
      "code": "PH6XDE24ZWAP4"
   },
   {
      "code": "X33HPBNXQHPR5"
   },
   {
      "code": "2QDCJGASVAARC"
   },
   {
      "code": "4WZRZUU1Q6G56"
   },
   {
      "code": "ME2MBP7HW9V6G"
   },
   {
      "code": "HE1F8G35QJPK3"
   },
   {
      "code": "ZQYQCWEVX62H5"
   },
   {
      "code": "W5DTNUTC8NHX3"
   },
   {
      "code": "RXX3ZENB3TM9F"
   },
   {
      "code": "3YKTJD3XXKZC7"
   },
   {
      "code": "EUTCCR1Z2BTWE"
   },
   {
      "code": "5QT213A4GQ9W4"
   },
   {
      "code": "GZPVNKWSM5T4A"
   },
   {
      "code": "VSFVEMZPVQFZE"
   },
   {
      "code": "WHXUP92EZNP84"
   },
   {
      "code": "3KFB4FMJJ79W"
   },
   {
      "code": "53UGP8FABPGZ3"
   },
   {
      "code": "95DPT1D8RREC7"
   },
   {
      "code": "MY2DT8ATYCG9"
   },
   {
      "code": "AJ95DFJ3TM2C5"
   },
   {
      "code": "65ZQTSNKGQCBF"
   },
   {
      "code": "W4Q6UV7X1G9NE"
   },
   {
      "code": "ERF9YTXFD6Z79"
   },
   {
      "code": "972MJUTNN1878"
   },
   {
      "code": "5J5924YXPZAYE"
   },
   {
      "code": "6D9RW9STNC6CC"
   },
   {
      "code": "Z5CXR4ZVKH198"
   },
   {
      "code": "ADPE16M3WHG29"
   },
   {
      "code": "WU4JWVM4MS75D"
   },
   {
      "code": "D3BJCEZJF36H"
   },
   {
      "code": "QSPFJDU8W8DDB"
   },
   {
      "code": "JWEFMA987J8RC"
   },
   {
      "code": "CK6567QR1FG"
   },
   {
      "code": "5MGNVPTGBTRMG"
   },
   {
      "code": "3U3BX5RZZTNB3"
   },
   {
      "code": "BH1HM8VCKNUY8"
   },
   {
      "code": "8ADENHVHTB9QE"
   },
   {
      "code": "3BKF41A7Z1FW2"
   },
   {
      "code": "V1Z4WA8U346VE"
   },
   {
      "code": "7KY2UGG892UB6"
   },
   {
      "code": "BVU284UEPA7R4"
   },
   {
      "code": "MAYKQ8H4NXRW9"
   },
   {
      "code": "XXV8U72AD3K3E"
   },
   {
      "code": "XG3J98PYUDNC4"
   },
   {
      "code": "NFY21CK6M6K6A"
   },
   {
      "code": "CZEG8M74ADAUA"
   },
   {
      "code": "E9V93QJG72DTC"
   },
   {
      "code": "2QCZBR7JK4FF"
   },
   {
      "code": "42RCT4ZHP5Z77"
   },
   {
      "code": "AAWK6ZUYTKBNG"
   },
   {
      "code": "MEU88ZM3DCBM7"
   },
   {
      "code": "KBDJCYQMCMKK3"
   },
   {
      "code": "C263N4RZQJSH9"
   },
   {
      "code": "R6MSYXFHN9JGB"
   },
   {
      "code": "9T2EY4WYG7TSE"
   },
   {
      "code": "QXUND44A2Z7T3"
   },
   {
      "code": "1CZK7WVKY2J8F"
   },
   {
      "code": "KGP4B6KYXDXDD"
   },
   {
      "code": "Z9GTMQP4TMQDD"
   },
   {
      "code": "QZ5AW5V79QV77"
   },
   {
      "code": "VTS4RAA26YQM5"
   },
   {
      "code": "YWB51S6ZU4C6C"
   },
   {
      "code": "VZY8G9DSKTE8A"
   },
   {
      "code": "ADUSV89BA7CXB"
   },
   {
      "code": "G6QS6R5QS3F3G"
   },
   {
      "code": "X6JN64MMSP7M8"
   },
   {
      "code": "C7KRFV4FFT9BA"
   },
   {
      "code": "GZVP75FF6EF9D"
   },
   {
      "code": "16YP17PZ4UCEB"
   },
   {
      "code": "JYN1W466ZKGK3"
   },
   {
      "code": "N4FV7G4NH5GXA"
   },
   {
      "code": "MPSKMKDXRADB6"
   },
   {
      "code": "JTVJZSGCH6VW6"
   },
   {
      "code": "2HM4A335HRUF9"
   },
   {
      "code": "MCJNM3QRH49VD"
   },
   {
      "code": "GPR6VFUPMQW"
   },
   {
      "code": "EKX6KFGMU3Y3G"
   },
   {
      "code": "JFZJZQTFECM8B"
   },
   {
      "code": "V7GEDEX2TGZ8G"
   },
   {
      "code": "UPUV71XVC5M6G"
   },
   {
      "code": "H5KX6V9738XPA"
   },
   {
      "code": "VGP47BMAGN9VC"
   },
   {
      "code": "ZZFER8X5M1D3F"
   },
   {
      "code": "YYABZFP8AZ9MG"
   },
   {
      "code": "9F717T2VR272C"
   },
   {
      "code": "3YN47TF1R5CQD"
   },
   {
      "code": "Z4FW18S9B16P3"
   },
   {
      "code": "EBDFGTD8NCG8A"
   },
   {
      "code": "T2FZZQW1JSVZD"
   },
   {
      "code": "2CUSXKN2QD2G9"
   },
   {
      "code": "MN8MXWVGN17V4"
   },
   {
      "code": "184UJHA4RY325"
   },
   {
      "code": "KYKMNU7SRXZB2"
   },
   {
      "code": "4WBP4JMQS1GME"
   },
   {
      "code": "PX2B2YJGXAMG9"
   },
   {
      "code": "KYMYKFBMXZ3Y3"
   },
   {
      "code": "6HQ7VWSU4NT2"
   },
   {
      "code": "8J67A73RQH6DB"
   },
   {
      "code": "MRP3Z452QFM5D"
   },
   {
      "code": "DA1FUNTDN8RBC"
   },
   {
      "code": "TWA46XR2U62U3"
   },
   {
      "code": "B8BBQR7MY3FSF"
   },
   {
      "code": "RKG89KR659XK7"
   }
]
22-01-2020 09:17:42.8 [NOTICE] page-1.svg
22-01-2020 09:17:42.9 [DEBUG] inkscape out/svg/page-1.svg --export-dpi=300 --export-png=out/png/page-1.png
22-01-2020 09:17:43.0 [NOTICE] success
22-01-2020 09:17:43.2 [NOTICE] page-2.svg
22-01-2020 09:17:43.2 [DEBUG] inkscape out/svg/page-2.svg --export-dpi=300 --export-png=out/png/page-2.png
22-01-2020 09:17:43.2 [NOTICE] success
22-01-2020 09:17:43.7 [NOTICE] page-3.svg
22-01-2020 09:17:43.7 [DEBUG] inkscape out/svg/page-3.svg --export-dpi=300 --export-png=out/png/page-3.png
22-01-2020 09:17:43.7 [NOTICE] success
22-01-2020 09:17:44.2 [NOTICE] page-4.svg
22-01-2020 09:17:44.2 [DEBUG] inkscape out/svg/page-4.svg --export-dpi=300 --export-png=out/png/page-4.png
22-01-2020 09:17:44.3 [NOTICE] success
22-01-2020 09:17:44.7 [NOTICE] page-5.svg
22-01-2020 09:17:44.7 [DEBUG] inkscape out/svg/page-5.svg --export-dpi=300 --export-png=out/png/page-5.png
22-01-2020 09:17:45.1 [NOTICE] success
22-01-2020 09:17:45.3 [NOTICE] page-6.svg
22-01-2020 09:17:45.3 [DEBUG] inkscape out/svg/page-6.svg --export-dpi=300 --export-png=out/png/page-6.png
22-01-2020 09:17:45.4 [NOTICE] success
22-01-2020 09:17:45.7 [NOTICE] page-7.svg
22-01-2020 09:17:45.8 [DEBUG] inkscape out/svg/page-7.svg --export-dpi=300 --export-png=out/png/page-7.png
22-01-2020 09:17:45.8 [NOTICE] success
22-01-2020 09:17:46.2 [NOTICE] page-8.svg
22-01-2020 09:17:46.3 [DEBUG] inkscape out/svg/page-8.svg --export-dpi=300 --export-png=out/png/page-8.png
22-01-2020 09:17:46.3 [NOTICE] success
22-01-2020 09:17:46.8 [NOTICE] page-9.svg
22-01-2020 09:17:46.8 [DEBUG] inkscape out/svg/page-9.svg --export-dpi=300 --export-png=out/png/page-9.png
22-01-2020 09:17:46.9 [NOTICE] success
22-01-2020 09:17:47.3 [NOTICE] page-10.svg
22-01-2020 09:17:47.3 [DEBUG] inkscape out/svg/page-10.svg --export-dpi=300 --export-png=out/png/page-10.png
22-01-2020 09:17:47.3 [NOTICE] success
22-01-2020 09:17:47.8 [NOTICE] page-11.svg
22-01-2020 09:17:47.8 [DEBUG] inkscape out/svg/page-11.svg --export-dpi=300 --export-png=out/png/page-11.png
22-01-2020 09:17:47.8 [NOTICE] success
22-01-2020 09:17:48.3 [NOTICE] page-12.svg
22-01-2020 09:17:48.5 [DEBUG] inkscape out/svg/page-12.svg --export-dpi=300 --export-png=out/png/page-12.png
22-01-2020 09:17:48.7 [NOTICE] success
22-01-2020 09:17:49.1 [NOTICE] page-13.svg
22-01-2020 09:17:49.4 [DEBUG] inkscape out/svg/page-13.svg --export-dpi=300 --export-png=out/png/page-13.png
22-01-2020 09:17:50.1 [NOTICE] page-14.svg
22-01-2020 09:17:50.5 [DEBUG] inkscape out/svg/page-14.svg --export-dpi=300 --export-png=out/png/page-14.png
22-01-2020 09:17:51.0 [NOTICE] page-15.svg
22-01-2020 09:17:51.4 [DEBUG] inkscape out/svg/page-15.svg --export-dpi=300 --export-png=out/png/page-15.png
22-01-2020 09:17:52.0 [NOTICE] success
22-01-2020 09:17:52.6 [NOTICE] success
22-01-2020 09:17:53.8 [NOTICE] success
22-01-2020 09:18:37.6 [DEBUG] stderr: DPI: 300
Background RRGGBBAA: ffffff00
Area 0:0:1122,52:793,701 exported to 3508 x 2480 pixels (300 dpi)
Bitmap saved as: out/png/page-7.png

22-01-2020 09:18:37.6 [DEBUG] stderr: DPI: 300
Background RRGGBBAA: ffffff00
Area 0:0:1122,52:793,701 exported to 3508 x 2480 pixels (300 dpi)
Bitmap saved as: out/png/page-5.png

22-01-2020 09:18:37.6 [DEBUG] stderr: DPI: 300
Background RRGGBBAA: ffffff00
Area 0:0:1122,52:793,701 exported to 3508 x 2480 pixels (300 dpi)
Bitmap saved as: out/png/page-11.png

22-01-2020 09:18:37.6 [DEBUG] stderr: DPI: 300
Background RRGGBBAA: ffffff00
Area 0:0:1122,52:793,701 exported to 3508 x 2480 pixels (300 dpi)
Bitmap saved as: out/png/page-12.png

22-01-2020 09:18:37.6 [DEBUG] stderr: DPI: 300
Background RRGGBBAA: ffffff00
Area 0:0:1122,52:793,701 exported to 3508 x 2480 pixels (300 dpi)
Bitmap saved as: out/png/page-6.png

22-01-2020 09:18:37.6 [DEBUG] stderr: DPI: 300
Background RRGGBBAA: ffffff00
Area 0:0:1122,52:793,701 exported to 3508 x 2480 pixels (300 dpi)
Bitmap saved as: out/png/page-4.png

22-01-2020 09:18:37.6 [DEBUG] stderr: DPI: 300
Background RRGGBBAA: ffffff00
Area 0:0:1122,52:793,701 exported to 3508 x 2480 pixels (300 dpi)
Bitmap saved as: out/png/page-14.png

22-01-2020 09:18:37.6 [DEBUG] stderr: DPI: 300
Background RRGGBBAA: ffffff00
Area 0:0:1122,52:793,701 exported to 3508 x 2480 pixels (300 dpi)
Bitmap saved as: out/png/page-8.png

22-01-2020 09:18:37.6 [DEBUG] stderr: DPI: 300
Background RRGGBBAA: ffffff00
Area 0:0:1122,52:793,701 exported to 3508 x 2480 pixels (300 dpi)
Bitmap saved as: out/png/page-2.png

22-01-2020 09:18:37.6 [DEBUG] stderr: DPI: 300
Background RRGGBBAA: ffffff00
Area 0:0:1122,52:793,701 exported to 3508 x 2480 pixels (300 dpi)
Bitmap saved as: out/png/page-3.png

22-01-2020 09:18:37.6 [DEBUG] stderr: DPI: 300
Background RRGGBBAA: ffffff00
Area 0:0:1122,52:793,701 exported to 3508 x 2480 pixels (300 dpi)
Bitmap saved as: out/png/page-9.png

22-01-2020 09:18:37.7 [DEBUG] stderr: DPI: 300
Background RRGGBBAA: ffffff00
Area 0:0:1122,52:793,701 exported to 3508 x 2480 pixels (300 dpi)
Bitmap saved as: out/png/page-13.png

22-01-2020 09:18:37.7 [DEBUG] stderr: DPI: 300
Background RRGGBBAA: ffffff00
Area 0:0:1122,52:793,701 exported to 3508 x 2480 pixels (300 dpi)
Bitmap saved as: out/png/page-1.png

22-01-2020 09:18:37.7 [DEBUG] stderr: DPI: 300
Background RRGGBBAA: ffffff00
Area 0:0:1122,52:793,701 exported to 3508 x 2480 pixels (300 dpi)
Bitmap saved as: out/png/page-10.png

22-01-2020 09:18:37.7 [DEBUG] stderr: DPI: 300
Background RRGGBBAA: ffffff00
Area 0:0:1122,52:793,701 exported to 3508 x 2480 pixels (300 dpi)
Bitmap saved as: out/png/page-15.png

