23-06-2018 21:54:01.2 [NOTICE] 
[
   {
      "title": "Pr.",
      "n": "1",
      "state": "Nagpur",
      "name": "Shekhar khandarkar"
   },
   {
      "title": "Miss.",
      "n": "2",
      "state": "Nagpur",
      "name": "Sadana"
   },
   {
      "title": "Pr.",
      "n": "3",
      "state": "Nagpur",
      "name": "Pravin Jumnake"
   },
   {
      "title": "Pr.",
      "n": "4",
      "state": "Nagpur",
      "name": "Ravi Shende"
   },
   {
      "title": "Mrs.",
      "n": "5",
      "state": "Nagpur",
      "name": "Jyoti wasnik"
   },
   {
      "title": "Pr.",
      "n": "6",
      "state": "Nagpur",
      "name": "Shubham"
   },
   {
      "title": "Mrs.",
      "n": "7",
      "state": "Nagpur",
      "name": "Hiwale"
   },
   {
      "title": "Pr.",
      "n": "8",
      "state": "Nagpur",
      "name": "Anup wasnik"
   },
   {
      "title": "Mrs.",
      "n": "9",
      "state": "Nagpur",
      "name": "Theodore"
   },
   {
      "title": "Pr.",
      "n": "10",
      "state": "Wani",
      "name": "Mahadev"
   },
   {
      "title": "Pr.",
      "n": "11",
      "state": "Wani",
      "name": "Vasudev Nagrale"
   },
   {
      "title": "Pr.",
      "n": "12",
      "state": "Wani",
      "name": "Rama walkondawar"
   },
   {
      "title": "Pr.",
      "n": "13",
      "state": "Wani",
      "name": "Shankar walkondawar"
   },
   {
      "title": "Pr.",
      "n": "14",
      "state": "Wani",
      "name": "Gendurao mete"
   },
   {
      "title": "Pr.",
      "n": "15",
      "state": "Wani",
      "name": "John kadu"
   },
   {
      "title": "Pr.",
      "n": "16",
      "state": "Wani",
      "name": "Devarao madavi"
   },
   {
      "title": "Pr.",
      "n": "17",
      "state": "Wani",
      "name": "Balkurushnna dhorkhande"
   },
   {
      "title": "Miss.",
      "n": "18",
      "state": "Wani",
      "name": "Nilima tandulkar"
   },
   {
      "title": "Rev.",
      "n": "19",
      "state": "Wardha",
      "name": "Phiraj jonbandu"
   },
   {
      "title": "Miss.",
      "n": "20",
      "state": "Wardha",
      "name": "Tejaswini dhole"
   },
   {
      "title": "Pr.",
      "n": "21",
      "state": "Wardha",
      "name": "Anant. Tirki"
   },
   {
      "title": "Miss.",
      "n": "22",
      "state": "Wardha",
      "name": "Punam karily"
   },
   {
      "title": "Miss.",
      "n": "23",
      "state": "Wardha",
      "name": "Warsha Dhole"
   },
   {
      "title": "Miss.",
      "n": "24",
      "state": "Wardha",
      "name": "Lalita bhaurao"
   },
   {
      "title": "Miss.",
      "n": "25",
      "state": "Wardha",
      "name": "Hemlata songole"
   },
   {
      "title": "Pr.",
      "n": "26",
      "state": "Wardha",
      "name": "Arun Gomase"
   },
   {
      "title": "Pr.",
      "n": "27",
      "state": "Adilabad",
      "name": "Suryarao"
   },
   {
      "title": "Pr.",
      "n": "28",
      "state": "Adilabad",
      "name": "Narsingrao"
   },
   {
      "title": "Pr.",
      "n": "29",
      "state": "Adilabad",
      "name": "Alexzandar"
   },
   {
      "title": "Pr.",
      "n": "30",
      "state": "Adilabad",
      "name": "T. peter"
   },
   {
      "title": "Pr.",
      "n": "31",
      "state": "Adilabad",
      "name": "A. peter"
   },
   {
      "title": "Pr.",
      "n": "32",
      "state": "Adilabad",
      "name": "Raju"
   },
   {
      "title": "Pr.",
      "n": "33",
      "state": "Adilabad",
      "name": "M. Sudhakar"
   },
   {
      "title": "Pr.",
      "n": "34",
      "state": "Adilabad",
      "name": "M. prasadrao"
   },
   {
      "title": "Pr.",
      "n": "35",
      "state": "Adilabad",
      "name": "M. Diwakar"
   },
   {
      "title": "Pr.",
      "n": "36",
      "state": "Adilabad",
      "name": "Prameshwar. Sidam"
   },
   {
      "title": "Pr.",
      "n": "37",
      "state": "Adilabad",
      "name": "Namdev"
   },
   {
      "title": "Pr.",
      "n": "38",
      "state": "Manchirial",
      "name": "Sundargiri Joshua"
   },
   {
      "title": "Pr.",
      "n": "39",
      "state": "Manchirial",
      "name": "K. Ashok Paul"
   },
   {
      "title": "Pr.",
      "n": "40",
      "state": "Manchirial",
      "name": "B. Ravi Joseph"
   },
   {
      "title": "Pr.",
      "n": "41",
      "state": "Manchirial",
      "name": "Ratnakumar"
   },
   {
      "title": "Pr.",
      "n": "42",
      "state": "Manchirial",
      "name": "R. kamlakar"
   },
   {
      "title": "Pr.",
      "n": "43",
      "state": "Manchirial",
      "name": "Samuel"
   },
   {
      "title": "Pr.",
      "n": "44",
      "state": "Manchirial",
      "name": "Karunakar"
   },
   {
      "title": "Pr.",
      "n": "45",
      "state": "Khamnam",
      "name": "G.S. Ratnam"
   },
   {
      "title": "PR.",
      "n": "46",
      "state": "Khamnam",
      "name": "P. Abraham"
   },
   {
      "title": "Pr.",
      "n": "47",
      "state": "Khamnam",
      "name": "Premkumar"
   },
   {
      "title": "Pr.",
      "n": "48",
      "state": "Khamnam",
      "name": "B. Elijha"
   },
   {
      "title": "Pr.",
      "n": "49",
      "state": "Warangal",
      "name": "Joseph Dinesh"
   },
   {
      "title": "Pr.",
      "n": "50",
      "state": "Warangal",
      "name": "Prasad"
   },
   {
      "title": "Pr.",
      "n": "51",
      "state": "Warangal",
      "name": "Sudhakar"
   },
   {
      "title": "Pr.",
      "n": "52",
      "state": "Warangal",
      "name": "William Cori"
   },
   {
      "title": "Pr.",
      "n": "53",
      "state": "Warangal",
      "name": "Swamidas"
   },
   {
      "title": "Pr.",
      "n": "54",
      "state": "Warangal",
      "name": "Swami"
   },
   {
      "title": "Pr.",
      "n": "55",
      "state": "Warangal",
      "name": "Paul sent"
   },
   {
      "title": "Pr.",
      "n": "56",
      "state": "Warangal",
      "name": "Jai Raj"
   },
   {
      "title": "Pr.",
      "n": "57",
      "state": "Warangal",
      "name": "Shriselam"
   },
   {
      "title": "Pr.",
      "n": "58",
      "state": "Warangal",
      "name": "Moses"
   },
   {
      "title": "Pr.",
      "n": "59",
      "state": "Harda - Bhopal",
      "name": "Ajay James"
   },
   {
      "title": "Pr.",
      "n": "60",
      "state": "Harda - Bhopal",
      "name": "Tularam Bele"
   },
   {
      "title": "Pr.",
      "n": "61",
      "state": "Harda - Bhopal",
      "name": "Sanjay Bellore"
   },
   {
      "title": "Pr.",
      "n": "62",
      "state": "Harda - Bhopal",
      "name": "Waltter"
   },
   {
      "title": "Pr.",
      "n": "63",
      "state": "Harda - Bhopal",
      "name": "Kamlesh ahirwar"
   },
   {
      "title": "Pr.",
      "n": "64",
      "state": "Harda - Bhopal",
      "name": "Justin"
   },
   {
      "title": "Pr.",
      "n": "65",
      "state": "Harda - Bhopal",
      "name": "Kamlesh Ahirwar"
   },
   {
      "title": "Pr.",
      "n": "66",
      "state": "Harda - Bhopal",
      "name": "Ramesh"
   },
   {
      "title": "Pr.",
      "n": "67",
      "state": "Harda - Bhopal",
      "name": "Khrischana"
   },
   {
      "title": "Miss.",
      "n": "68",
      "state": "Harda - Bhopal",
      "name": "Vimala Lakada"
   },
   {
      "title": "Pr.",
      "n": "69",
      "state": "Balaghat",
      "name": "Ramdas Jamrc"
   },
   {
      "title": "Pr.",
      "n": "70",
      "state": "Balaghat",
      "name": "Ghanchard Pacha"
   },
   {
      "title": "Pr.",
      "n": "71",
      "state": "Hydrabad",
      "name": "Karunakar"
   },
   {
      "title": "Pr.",
      "n": "72",
      "state": "Hydrabad",
      "name": "Gnesimus"
   },
   {
      "title": "Pr.",
      "n": "73",
      "state": "Hydrabad",
      "name": "Ramesh"
   },
   {
      "title": "Pr.",
      "n": "74",
      "state": "Hydrabad",
      "name": "Shanthikumar"
   },
   {
      "title": "",
      "n": "1",
      "state": "Alidabad",
      "name": "Joshua Sidam"
   },
   {
      "title": "",
      "n": "2",
      "state": "Alidabad",
      "name": "Suryarao"
   },
   {
      "title": "",
      "n": "3",
      "state": "Alidabad",
      "name": "Narsingrao"
   },
   {
      "title": "",
      "n": "4",
      "state": "Alidabad",
      "name": "D. Raju"
   },
   {
      "title": "",
      "n": "5",
      "state": "Alidabad",
      "name": "T. Peter"
   },
   {
      "title": "",
      "n": "6",
      "state": "Alidabad",
      "name": "Santosh"
   },
   {
      "title": "",
      "n": "7",
      "state": "Alidabad",
      "name": "Prasadrao"
   },
   {
      "title": "",
      "n": "8",
      "state": "Alidabad",
      "name": "Mudugu Sudhakar"
   },
   {
      "title": "",
      "n": "9",
      "state": "Alidabad",
      "name": "Alexandar"
   },
   {
      "title": "",
      "n": "10",
      "state": "Alidabad",
      "name": "Samuel"
   },
   {
      "title": "",
      "n": "11",
      "state": "Alidabad",
      "name": "Sadanand"
   },
   {
      "title": "",
      "n": "12",
      "state": "Alidabad",
      "name": "Rakesh Sathe"
   },
   {
      "title": "",
      "n": "13",
      "state": "Alidabad",
      "name": "Sirniwas Gunti"
   },
   {
      "title": "",
      "n": "14",
      "state": "Manchiral",
      "name": "Sundargiri Joshua"
   },
   {
      "title": "",
      "n": "15",
      "state": "Manchiral",
      "name": "Ashok Paul"
   },
   {
      "title": "",
      "n": "16",
      "state": "Manchiral",
      "name": "Ravi Joseph"
   },
   {
      "title": "",
      "n": "17",
      "state": "Manchiral",
      "name": "Ratnakumar"
   },
   {
      "title": "",
      "n": "18",
      "state": "Manchiral",
      "name": "Kamlakar"
   },
   {
      "title": "",
      "n": "19",
      "state": "Khamam",
      "name": "G. Yesuratnam"
   },
   {
      "title": "",
      "n": "20",
      "state": "Khamam",
      "name": "Eliya"
   },
   {
      "title": "",
      "n": "21",
      "state": "Khamam",
      "name": "Premkumar"
   },
   {
      "title": "",
      "n": "22",
      "state": "Khamam",
      "name": "Abraham"
   },
   {
      "title": "",
      "n": "23",
      "state": "Khamam",
      "name": "Karunakar"
   },
   {
      "title": "",
      "n": "24",
      "state": "Khamam",
      "name": "Samuel"
   },
   {
      "title": "",
      "n": "25",
      "state": "Khamam",
      "name": "Elisha"
   },
   {
      "title": "",
      "n": "26",
      "state": "Khamam",
      "name": "P. Raj"
   },
   {
      "title": "",
      "n": "27",
      "state": "Khamam",
      "name": "Isaic"
   },
   {
      "title": "",
      "n": "28",
      "state": "Khamam",
      "name": "Gan Mutem"
   },
   {
      "title": "",
      "n": "29",
      "state": "Khamam",
      "name": "W. Naresh"
   },
   {
      "title": "",
      "n": "30",
      "state": "Khamam",
      "name": "Adam"
   },
   {
      "title": "",
      "n": "31",
      "state": "Hydrabad",
      "name": "Karunakar"
   },
   {
      "title": "",
      "n": "32",
      "state": "Hydrabad",
      "name": "Onesimus"
   },
   {
      "title": "",
      "n": "33",
      "state": "Hydrabad",
      "name": "Ramesh"
   },
   {
      "title": "",
      "n": "34",
      "state": "",
      "name": "Mahadev"
   },
   {
      "title": "",
      "n": "35",
      "state": "",
      "name": "Rama Walkondawar"
   },
   {
      "title": "",
      "n": "36",
      "state": "",
      "name": "shankar laxman"
   },
   {
      "title": "",
      "n": "37",
      "state": "",
      "name": "Gendurao Shamrao"
   },
   {
      "title": "",
      "n": "38",
      "state": "",
      "name": "Devarao madavi"
   },
   {
      "title": "",
      "n": "39",
      "state": "",
      "name": "Balkurushnna dhorkhande"
   },
   {
      "title": "Miss.",
      "n": "40",
      "state": "",
      "name": "Nilima tandulkar"
   },
   {
      "title": "",
      "n": "41",
      "state": "",
      "name": "Bhagwan kolbande"
   },
   {
      "title": "",
      "n": "42",
      "state": "",
      "name": "Niranjna Korewar"
   },
   {
      "title": "Mrs.",
      "n": "43",
      "state": "",
      "name": "Ghansham Latewar"
   },
   {
      "title": "",
      "n": "44",
      "state": "",
      "name": "Prawin diwale"
   },
   {
      "title": "",
      "n": "45",
      "state": "",
      "name": "Parful latewar"
   },
   {
      "title": "Mrs.",
      "n": "46",
      "state": "",
      "name": "Anita maroti durge"
   },
   {
      "title": "Mrs.",
      "n": "47",
      "state": "",
      "name": "Sindubai Adurwar"
   },
   {
      "title": "",
      "n": "48",
      "state": "",
      "name": "Govinda Palghantiwar"
   },
   {
      "title": "Mrs.",
      "n": "49",
      "state": "",
      "name": "Rukhamini Mohage"
   },
   {
      "title": "",
      "n": "50",
      "state": "",
      "name": "Suryaban Madavi"
   },
   {
      "title": "Mrs.",
      "n": "51",
      "state": "",
      "name": "Rekha Raju"
   },
   {
      "title": "Mrs.",
      "n": "52",
      "state": "",
      "name": "Kalpana Nagrale"
   },
   {
      "title": "",
      "n": "53",
      "state": "",
      "name": "Tanaji Mohite"
   },
   {
      "title": "Mrs.",
      "n": "54",
      "state": "",
      "name": "Chanda Gedam"
   },
   {
      "title": "",
      "n": "55",
      "state": "",
      "name": "Shekhar khandarkar"
   },
   {
      "title": "",
      "n": "56",
      "state": "",
      "name": "Dault Todasam"
   },
   {
      "title": "",
      "n": "57",
      "state": "",
      "name": "Prawin Jumnake"
   },
   {
      "title": "",
      "n": "58",
      "state": "Wardha",
      "name": "Soloman"
   },
   {
      "title": "",
      "n": "59",
      "state": "Wardha",
      "name": "Vilas"
   },
   {
      "title": "",
      "n": "60",
      "state": "Wardha",
      "name": "Atul"
   },
   {
      "title": "",
      "n": "61",
      "state": "Wardha",
      "name": "Vivek"
   },
   {
      "title": "",
      "n": "62",
      "state": "Wardha",
      "name": "Nupesh"
   },
   {
      "title": "",
      "n": "63",
      "state": "Wardha",
      "name": "Govind"
   },
   {
      "title": "Pr.",
      "n": "1",
      "state": "Madhya Pradesh",
      "name": "Ajay James"
   },
   {
      "title": "Pr.",
      "n": "2",
      "state": "Madhya Pradesh",
      "name": "Tularam Bele"
   },
   {
      "title": "Pr.",
      "n": "3",
      "state": "Madhya Pradesh",
      "name": "Walter Shad"
   },
   {
      "title": "Pr.",
      "n": "4",
      "state": "Madhya Pradesh",
      "name": "Justin Mashi"
   },
   {
      "title": "Pr.",
      "n": "5",
      "state": "Madhya Pradesh",
      "name": "Anujsing"
   },
   {
      "title": "Pr.",
      "n": "6",
      "state": "Madhya Pradesh",
      "name": "Sanjay  Bellore"
   },
   {
      "title": "Mrs.",
      "n": "7",
      "state": "Madhya Pradesh",
      "name": "Christina"
   },
   {
      "title": "Pr.",
      "n": "8",
      "state": "Madhya Pradesh",
      "name": "Ashish James"
   },
   {
      "title": "Pr.",
      "n": "9",
      "state": "Madhya Pradesh",
      "name": "Abhay Alphuis"
   },
   {
      "title": "Pr.",
      "n": "10",
      "state": "Madhya Pradesh",
      "name": "Ramesh Nagale"
   },
   {
      "title": "Pr.",
      "n": "11",
      "state": "Madhya Pradesh",
      "name": "Ramesh Nagale"
   },
   {
      "title": "Pr.",
      "n": "12",
      "state": "Madhya Pradesh",
      "name": "Shiv Jarbale"
   },
   {
      "title": "Pr.",
      "n": "13",
      "state": "Madhya Pradesh",
      "name": "Nanakram"
   },
   {
      "title": "Pr.",
      "n": "14",
      "state": "Madhya Pradesh",
      "name": "Abhisek John"
   },
   {
      "title": "Pr.",
      "n": "15",
      "state": "Madhya Pradesh",
      "name": "Kamlesh Ahirwar"
   },
   {
      "title": "Mrs.",
      "n": "16",
      "state": "Madhya Pradesh",
      "name": "Vimla Lakada"
   },
   {
      "title": "Pr.",
      "n": "17",
      "state": "Madhya Pradesh",
      "name": "Ramdas Jamre"
   },
   {
      "title": "Pr.",
      "n": "18",
      "state": "Madhya Pradesh",
      "name": "Ghanchand Pache"
   },
   {
      "title": "Mr.",
      "n": "64",
      "state": "",
      "name": "Alka Kamble"
   },
   {
      "title": "Mrs.",
      "n": "65",
      "state": "",
      "name": "Vijaya Nair"
   },
   {
      "title": "",
      "n": "66",
      "state": "",
      "name": "Ragendra Kodape"
   },
   {
      "title": "",
      "n": "67",
      "state": "",
      "name": "Ramu Jumnaka"
   },
   {
      "title": "",
      "n": "68",
      "state": "",
      "name": "Ramkailash Patare"
   },
   {
      "title": "",
      "n": "69",
      "state": "",
      "name": "Narendra Delikar"
   },
   {
      "title": "",
      "n": "70",
      "state": "",
      "name": "Rohidas Nawle"
   },
   {
      "title": "",
      "n": "71",
      "state": "NGP",
      "name": "Narayan Wikey"
   },
   {
      "title": "Mrs.",
      "n": "72",
      "state": "NGP",
      "name": "Jyoti wasnik"
   },
   {
      "title": "",
      "n": "73",
      "state": "MP",
      "name": "Ramdas Jamre"
   },
   {
      "title": "",
      "n": "74",
      "state": "MP",
      "name": "Ghanchand Pache"
   },
   {
      "title": "",
      "n": "75",
      "state": "Bhopal",
      "name": "Ajay James"
   },
   {
      "title": "",
      "n": "76",
      "state": "Bhopal",
      "name": "Tularam Bele"
   },
   {
      "title": "",
      "n": "77",
      "state": "Bhopal",
      "name": "Sanjay Bellore"
   },
   {
      "title": "",
      "n": "78",
      "state": "Bhopal",
      "name": "Wallter (Shad)"
   },
   {
      "title": "",
      "n": "79",
      "state": "Bhopal",
      "name": "Kamles Ahirwar"
   },
   {
      "title": "",
      "n": "80",
      "state": "Bhopal",
      "name": "Justin"
   },
   {
      "title": "",
      "n": "81",
      "state": "Bhopal",
      "name": "Ramesh"
   },
   {
      "title": "",
      "n": "82",
      "state": "Bhopal",
      "name": "Khrischana"
   },
   {
      "title": "Mrs.",
      "n": "83",
      "state": "Bhopal",
      "name": "Vimla Lokodo"
   },
   {
      "title": "Mrs.",
      "n": "84",
      "state": "Kinvas",
      "name": "Savitri Pawar"
   },
   {
      "title": "",
      "n": "85",
      "state": "Wani",
      "name": "Joseph Dinesh"
   },
   {
      "title": "",
      "n": "86",
      "state": "Wardha",
      "name": "Dhiraj Jandndu"
   },
   {
      "title": "",
      "n": "87",
      "state": "Wardha",
      "name": "Tejaswani Dhole"
   },
   {
      "title": "",
      "n": "88",
      "state": "Wardha",
      "name": "Anant Mangalsay"
   },
   {
      "title": "",
      "n": "89",
      "state": "Wardha",
      "name": "Punam Karil"
   },
   {
      "title": "",
      "n": "90",
      "state": "Wardha",
      "name": "Warsh Dhole"
   },
   {
      "title": "",
      "n": "91",
      "state": "Wardha",
      "name": "Punam Karil"
   },
   {
      "title": "",
      "n": "92",
      "state": "Wardha",
      "name": "Warsh Dole"
   },
   {
      "title": "",
      "n": "93",
      "state": "Wardha",
      "name": "Lalita Bhirao"
   },
   {
      "title": "",
      "n": "94",
      "state": "Wardha",
      "name": "Hemlata Sangole"
   },
   {
      "title": "",
      "n": "95",
      "state": "Wardha",
      "name": "Arun Gomase"
   },
   {
      "title": "",
      "n": "96",
      "state": "",
      "name": "Vijay Sidam"
   },
   {
      "title": "",
      "n": "97",
      "state": "",
      "name": "Anurup Sidam"
   },
   {
      "title": "",
      "n": "98",
      "state": "NGP",
      "name": "Santosh Atkulwar"
   },
   {
      "title": "",
      "n": "99",
      "state": "NGP",
      "name": "Sandeep Naidu"
   },
   {
      "title": "",
      "n": "100",
      "state": "NGP",
      "name": "Sandesh Kokne"
   },
   {
      "title": "",
      "n": "101",
      "state": "NGP",
      "name": "Samuel Raiborde"
   },
   {
      "title": "",
      "n": "102",
      "state": "NGP",
      "name": "Dilip Ghodeshwar"
   },
   {
      "title": "",
      "n": "103",
      "state": "NGP",
      "name": "Abishek Chondekar"
   },
   {
      "title": "",
      "n": "104",
      "state": "Hyderabad",
      "name": "Chandra sekher"
   },
   {
      "title": "",
      "n": "105",
      "state": "Karim Nagar",
      "name": "Sirniwas"
   },
   {
      "title": "",
      "n": "106",
      "state": "Wani",
      "name": "Vasudev Nagral"
   },
   {
      "title": "",
      "n": "107",
      "state": "Punjab",
      "name": "Bharat Bhidikar"
   },
   {
      "title": "",
      "n": "108",
      "state": "Punjab",
      "name": "Anuj Singh"
   },
   {
      "title": "",
      "n": "109",
      "state": "Punjab",
      "name": "Bopal Singh"
   },
   {
      "title": "",
      "n": "110",
      "state": "Punjab",
      "name": "Robinson"
   },
   {
      "title": "",
      "n": "111",
      "state": "",
      "name": "Rajendra Jamulkar"
   },
   {
      "title": "",
      "n": "112",
      "state": "",
      "name": "Sard Bhinggardire"
   }
]
23-06-2018 21:54:01.2 [NOTICE] 0-1-Shekharkhandarkar.svg
23-06-2018 21:54:01.3 [NOTICE] 1-2-Sadana.svg
23-06-2018 21:54:01.3 [NOTICE] 2-3-PravinJumnake.svg
23-06-2018 21:54:01.3 [NOTICE] 3-4-RaviShende.svg
23-06-2018 21:54:01.3 [NOTICE] 4-5-Jyotiwasnik.svg
23-06-2018 21:54:01.3 [NOTICE] 6-7-Hiwale.svg
23-06-2018 21:54:01.3 [NOTICE] 5-6-Shubham.svg
23-06-2018 21:54:01.3 [NOTICE] 7-8-Anupwasnik.svg
23-06-2018 21:54:01.3 [NOTICE] 8-9-Theodore.svg
23-06-2018 21:54:01.4 [NOTICE] 9-10-Mahadev.svg
23-06-2018 21:54:01.5 [NOTICE] 10-11-VasudevNagrale.svg
23-06-2018 21:54:01.8 [NOTICE] 11-12-Ramawalkondawar.svg
23-06-2018 21:54:01.9 [NOTICE] 12-13-Shankarwalkondawar.svg
23-06-2018 21:54:02.1 [NOTICE] 13-14-Genduraomete.svg
23-06-2018 21:54:02.1 [NOTICE] 14-15-Johnkadu.svg
23-06-2018 21:54:02.1 [NOTICE] 15-16-Devaraomadavi.svg
23-06-2018 21:54:02.2 [NOTICE] 16-17-Balkurushnnadhorkhande.svg
23-06-2018 21:54:02.3 [NOTICE] 17-18-Nilimatandulkar.svg
23-06-2018 21:54:02.4 [NOTICE] 18-19-Phirajjonbandu.svg
23-06-2018 21:54:02.5 [NOTICE] 19-20-Tejaswinidhole.svg
23-06-2018 21:54:02.6 [NOTICE] 20-21-Anant.Tirki.svg
23-06-2018 21:54:02.6 [NOTICE] 21-22-Punamkarily.svg
23-06-2018 21:54:02.7 [NOTICE] 22-23-WarshaDhole.svg
23-06-2018 21:54:02.8 [NOTICE] 23-24-Lalitabhaurao.svg
23-06-2018 21:54:02.9 [NOTICE] 24-25-Hemlatasongole.svg
23-06-2018 21:54:02.9 [NOTICE] 25-26-ArunGomase.svg
23-06-2018 21:54:03.0 [NOTICE] 26-27-Suryarao.svg
23-06-2018 21:54:03.1 [NOTICE] 27-28-Narsingrao.svg
23-06-2018 21:54:03.1 [NOTICE] 28-29-Alexzandar.svg
23-06-2018 21:54:03.1 [NOTICE] 29-30-T.peter.svg
23-06-2018 21:54:03.2 [NOTICE] 30-31-A.peter.svg
23-06-2018 21:54:03.3 [NOTICE] 31-32-Raju.svg
23-06-2018 21:54:03.3 [NOTICE] 32-33-M.Sudhakar.svg
23-06-2018 21:54:03.3 [NOTICE] 33-34-M.prasadrao.svg
23-06-2018 21:54:03.6 [NOTICE] 34-35-M.Diwakar.svg
23-06-2018 21:54:03.7 [NOTICE] 35-36-Prameshwar.Sidam.svg
23-06-2018 21:54:03.8 [NOTICE] 36-37-Namdev.svg
23-06-2018 21:54:03.8 [NOTICE] 37-38-SundargiriJoshua.svg
23-06-2018 21:54:03.9 [NOTICE] 38-39-K.Ashok Paul.svg
23-06-2018 21:54:04.1 [NOTICE] 39-40-B.Ravi Joseph.svg
23-06-2018 21:54:04.4 [NOTICE] 41-42-R.kamlakar.svg
23-06-2018 21:54:04.2 [NOTICE] 40-41-Ratnakumar.svg
23-06-2018 21:54:04.5 [NOTICE] 42-43-Samuel.svg
23-06-2018 21:54:04.5 [NOTICE] 43-44-Karunakar.svg
23-06-2018 21:54:04.6 [NOTICE] 44-45-G.S.Ratnam.svg
23-06-2018 21:54:04.6 [NOTICE] 45-46-P.Abraham.svg
23-06-2018 21:54:04.7 [NOTICE] 46-47-Premkumar.svg
23-06-2018 21:54:04.9 [NOTICE] 47-48-B.Elijha.svg
23-06-2018 21:54:05.0 [NOTICE] 48-49-JosephDinesh.svg
23-06-2018 21:54:05.3 [NOTICE] 49-50-Prasad.svg
23-06-2018 21:54:05.6 [NOTICE] 50-51-Sudhakar.svg
23-06-2018 21:54:05.6 [NOTICE] 51-52-WilliamCori.svg
23-06-2018 21:54:05.6 [NOTICE] 52-53-Swamidas.svg
23-06-2018 21:54:05.8 [NOTICE] 53-54-Swami.svg
23-06-2018 21:54:05.8 [NOTICE] 54-55-Paulsent.svg
23-06-2018 21:54:05.8 [NOTICE] 55-56-JaiRaj.svg
23-06-2018 21:54:05.9 [NOTICE] 56-57-Shriselam.svg
23-06-2018 21:54:05.9 [NOTICE] 57-58-Moses.svg
23-06-2018 21:54:06.0 [NOTICE] 58-59-AjayJames.svg
23-06-2018 21:54:06.0 [NOTICE] 59-60-TularamBele.svg
23-06-2018 21:54:06.0 [NOTICE] 60-61-SanjayBellore.svg
23-06-2018 21:54:06.3 [NOTICE] 61-62-Waltter.svg
23-06-2018 21:54:06.6 [NOTICE] 62-63-Kamleshahirwar.svg
23-06-2018 21:54:06.8 [NOTICE] 63-64-Justin.svg
23-06-2018 21:54:06.8 [NOTICE] 64-65-KamleshAhirwar.svg
23-06-2018 21:54:07.0 [NOTICE] 65-66-Ramesh.svg
23-06-2018 21:54:07.1 [NOTICE] 66-67-Khrischana.svg
23-06-2018 21:54:07.2 [NOTICE] 67-68-VimalaLakada.svg
23-06-2018 21:54:07.3 [NOTICE] 68-69-RamdasJamrc.svg
23-06-2018 21:54:07.3 [NOTICE] 69-70-GhanchardPacha.svg
23-06-2018 21:54:07.3 [NOTICE] 70-71-Karunakar.svg
23-06-2018 21:54:07.3 [NOTICE] 71-72-Gnesimus.svg
23-06-2018 21:54:07.4 [NOTICE] 72-73-Ramesh.svg
23-06-2018 21:54:07.6 [NOTICE] 73-74-Shanthikumar.svg
23-06-2018 21:54:07.6 [NOTICE] 74-1-JoshuaSidam.svg
23-06-2018 21:54:07.6 [NOTICE] 75-2-Suryarao.svg
23-06-2018 21:54:07.6 [NOTICE] 76-3-Narsingrao.svg
23-06-2018 21:54:07.6 [NOTICE] 77-4-D.Raju.svg
23-06-2018 21:54:07.8 [NOTICE] 78-5-T.Peter.svg
23-06-2018 21:54:08.0 [NOTICE] 79-6-Santosh.svg
23-06-2018 21:54:08.0 [NOTICE] 80-7-Prasadrao.svg
23-06-2018 21:54:08.0 [NOTICE] 81-8-MuduguSudhakar.svg
23-06-2018 21:54:08.1 [NOTICE] 82-9-Alexandar.svg
23-06-2018 21:54:08.2 [NOTICE] 83-10-Samuel.svg
23-06-2018 21:54:08.2 [NOTICE] 84-11-Sadanand.svg
23-06-2018 21:54:08.4 [NOTICE] 85-12-RakeshSathe.svg
23-06-2018 21:54:08.6 [NOTICE] 86-13-SirniwasGunti.svg
23-06-2018 21:54:08.7 [NOTICE] 87-14-SundargiriJoshua.svg
23-06-2018 21:54:08.7 [NOTICE] 88-15-AshokPaul.svg
23-06-2018 21:54:08.7 [NOTICE] 89-16-RaviJoseph.svg
23-06-2018 21:54:08.8 [NOTICE] 90-17-Ratnakumar.svg
23-06-2018 21:54:08.8 [NOTICE] 91-18-Kamlakar.svg
23-06-2018 21:54:08.8 [NOTICE] 92-19-G.Yesuratnam.svg
23-06-2018 21:54:08.8 [NOTICE] 93-20-Eliya.svg
23-06-2018 21:54:08.9 [NOTICE] 94-21-Premkumar.svg
23-06-2018 21:54:09.1 [NOTICE] 95-22-Abraham.svg
23-06-2018 21:54:09.2 [NOTICE] 96-23-Karunakar.svg
23-06-2018 21:54:09.3 [NOTICE] 97-24-Samuel.svg
23-06-2018 21:54:09.3 [NOTICE] 98-25-Elisha.svg
23-06-2018 21:54:09.3 [NOTICE] 99-26-P.Raj.svg
23-06-2018 21:54:09.3 [NOTICE] 100-27-Isaic.svg
23-06-2018 21:54:09.4 [NOTICE] 101-28-GanMutem.svg
23-06-2018 21:54:09.6 [NOTICE] 102-29-W.Naresh.svg
23-06-2018 21:54:09.9 [NOTICE] 103-30-Adam.svg
23-06-2018 21:54:10.0 [NOTICE] 104-31-Karunakar.svg
23-06-2018 21:54:10.0 [NOTICE] 105-32-Onesimus.svg
23-06-2018 21:54:10.2 [NOTICE] 106-33-Ramesh.svg
23-06-2018 21:54:10.5 [NOTICE] 107-34-Mahadev.svg
23-06-2018 21:54:10.6 [NOTICE] 108-35-RamaWalkondawar.svg
23-06-2018 21:54:10.8 [NOTICE] 109-36-shankarlaxman.svg
23-06-2018 21:54:10.9 [NOTICE] 110-37-GenduraoShamrao.svg
23-06-2018 21:54:10.9 [NOTICE] 111-38-Devaraomadavi.svg
23-06-2018 21:54:11.2 [NOTICE] 112-39-Balkurushnnadhorkhande.svg
23-06-2018 21:54:11.3 [NOTICE] 113-40-Nilimatandulkar.svg
23-06-2018 21:54:11.3 [NOTICE] 114-41-Bhagwankolbande.svg
23-06-2018 21:54:11.3 [NOTICE] 115-42-NiranjnaKorewar.svg
23-06-2018 21:54:11.5 [NOTICE] 116-43-GhanshamLatewar.svg
23-06-2018 21:54:11.6 [NOTICE] 117-44-Prawindiwale.svg
23-06-2018 21:54:11.7 [NOTICE] 118-45-Parfullatewar.svg
23-06-2018 21:54:11.7 [NOTICE] 119-46-Anitamaroti durge.svg
23-06-2018 21:54:11.7 [NOTICE] 120-47-SindubaiAdurwar.svg
23-06-2018 21:54:11.7 [NOTICE] 121-48-GovindaPalghantiwar.svg
23-06-2018 21:54:11.7 [NOTICE] 122-49-RukhaminiMohage.svg
23-06-2018 21:54:11.7 [NOTICE] 123-50-SuryabanMadavi.svg
23-06-2018 21:54:11.8 [NOTICE] 124-51-RekhaRaju.svg
23-06-2018 21:54:11.9 [NOTICE] 125-52-KalpanaNagrale.svg
23-06-2018 21:54:12.1 [NOTICE] 126-53-TanajiMohite.svg
23-06-2018 21:54:12.2 [NOTICE] 127-54-ChandaGedam.svg
23-06-2018 21:54:12.5 [NOTICE] 128-55-Shekharkhandarkar.svg
23-06-2018 21:54:12.5 [NOTICE] 129-56-DaultTodasam.svg
23-06-2018 21:54:12.6 [NOTICE] 130-57-PrawinJumnake.svg
23-06-2018 21:54:12.6 [NOTICE] 131-58-Soloman.svg
23-06-2018 21:54:12.8 [NOTICE] 132-59-Vilas.svg
23-06-2018 21:54:12.8 [NOTICE] 133-60-Atul.svg
23-06-2018 21:54:12.9 [NOTICE] 134-61-Vivek.svg
23-06-2018 21:54:12.9 [NOTICE] 135-62-Nupesh.svg
23-06-2018 21:54:12.9 [NOTICE] 136-63-Govind.svg
23-06-2018 21:54:13.0 [NOTICE] 137-1-AjayJames.svg
23-06-2018 21:54:13.2 [NOTICE] 138-2-TularamBele.svg
23-06-2018 21:54:13.2 [NOTICE] 139-3-WalterShad.svg
23-06-2018 21:54:13.3 [NOTICE] 140-4-JustinMashi.svg
23-06-2018 21:54:13.3 [NOTICE] 141-5-Anujsing.svg
23-06-2018 21:54:13.3 [NOTICE] 142-6-Sanjay Bellore.svg
23-06-2018 21:54:13.5 [NOTICE] 143-7-Christina.svg
23-06-2018 21:54:13.6 [NOTICE] 144-8-AshishJames.svg
23-06-2018 21:54:13.7 [NOTICE] 145-9-AbhayAlphuis.svg
23-06-2018 21:54:13.9 [NOTICE] 146-10-RameshNagale.svg
23-06-2018 21:54:13.9 [NOTICE] 147-11-RameshNagale.svg
23-06-2018 21:54:13.9 [NOTICE] 148-12-ShivJarbale.svg
23-06-2018 21:54:14.0 [NOTICE] 149-13-Nanakram.svg
23-06-2018 21:54:14.0 [NOTICE] 150-14-AbhisekJohn.svg
23-06-2018 21:54:14.0 [NOTICE] 151-15-KamleshAhirwar.svg
23-06-2018 21:54:14.0 [NOTICE] 152-16-VimlaLakada.svg
23-06-2018 21:54:14.1 [NOTICE] 153-17-RamdasJamre.svg
23-06-2018 21:54:14.1 [NOTICE] 154-18-GhanchandPache.svg
23-06-2018 21:54:14.1 [NOTICE] 155-64-AlkaKamble.svg
23-06-2018 21:54:14.3 [NOTICE] 156-65-VijayaNair.svg
23-06-2018 21:54:14.3 [NOTICE] 157-66-RagendraKodape.svg
23-06-2018 21:54:14.5 [NOTICE] 158-67-RamuJumnaka.svg
23-06-2018 21:54:14.5 [NOTICE] 159-68-RamkailashPatare.svg
23-06-2018 21:54:14.6 [NOTICE] 160-69-NarendraDelikar.svg
23-06-2018 21:54:14.6 [NOTICE] 161-70-RohidasNawle.svg
23-06-2018 21:54:14.6 [NOTICE] 162-71-NarayanWikey.svg
23-06-2018 21:54:14.7 [NOTICE] 163-72-Jyotiwasnik.svg
23-06-2018 21:54:14.7 [NOTICE] 164-73-RamdasJamre.svg
23-06-2018 21:54:14.7 [NOTICE] 165-74-GhanchandPache.svg
23-06-2018 21:54:14.8 [NOTICE] 166-75-AjayJames.svg
23-06-2018 21:54:15.0 [NOTICE] 167-76-TularamBele.svg
23-06-2018 21:54:15.1 [NOTICE] 168-77-SanjayBellore.svg
23-06-2018 21:54:15.2 [NOTICE] 169-78-Wallter(Shad).svg
23-06-2018 21:54:15.2 [NOTICE] 170-79-KamlesAhirwar.svg
23-06-2018 21:54:15.3 [NOTICE] 171-80-Justin.svg
23-06-2018 21:54:15.4 [NOTICE] 172-81-Ramesh.svg
23-06-2018 21:54:15.7 [NOTICE] 173-82-Khrischana.svg
23-06-2018 21:54:15.8 [NOTICE] 174-83-VimlaLokodo.svg
23-06-2018 21:54:15.8 [NOTICE] 175-84-SavitriPawar.svg
23-06-2018 21:54:15.9 [NOTICE] 176-85-JosephDinesh.svg
23-06-2018 21:54:15.9 [NOTICE] 177-86-DhirajJandndu.svg
23-06-2018 21:54:15.9 [NOTICE] 178-87-TejaswaniDhole.svg
23-06-2018 21:54:16.0 [NOTICE] 179-88-AnantMangalsay.svg
23-06-2018 21:54:16.1 [NOTICE] 180-89-PunamKaril.svg
23-06-2018 21:54:16.2 [NOTICE] 181-90-WarshDhole.svg
23-06-2018 21:54:16.2 [NOTICE] 182-91-PunamKaril.svg
23-06-2018 21:54:16.2 [NOTICE] 183-92-WarshDole.svg
23-06-2018 21:54:16.2 [NOTICE] 184-93-LalitaBhirao.svg
23-06-2018 21:54:16.2 [NOTICE] 185-94-HemlataSangole.svg
23-06-2018 21:54:16.5 [NOTICE] 186-95-ArunGomase.svg
23-06-2018 21:54:16.5 [NOTICE] 187-96-VijaySidam.svg
23-06-2018 21:54:16.5 [NOTICE] 188-97-AnurupSidam.svg
23-06-2018 21:54:16.5 [NOTICE] 189-98-SantoshAtkulwar.svg
23-06-2018 21:54:16.6 [NOTICE] 190-99-SandeepNaidu.svg
23-06-2018 21:54:16.6 [NOTICE] 191-100-SandeshKokne.svg
23-06-2018 21:54:16.6 [NOTICE] 192-101-SamuelRaiborde.svg
23-06-2018 21:54:16.6 [NOTICE] 193-102-DilipGhodeshwar.svg
23-06-2018 21:54:16.6 [NOTICE] 194-103-AbishekChondekar.svg
23-06-2018 21:54:16.6 [NOTICE] 195-104-Chandrasekher.svg
23-06-2018 21:54:16.6 [NOTICE] 196-105-Sirniwas.svg
23-06-2018 21:54:16.6 [NOTICE] 197-106-VasudevNagral.svg
23-06-2018 21:54:16.6 [NOTICE] 198-107-BharatBhidikar.svg
23-06-2018 21:54:16.6 [NOTICE] 199-108-AnujSingh.svg
23-06-2018 21:54:16.6 [NOTICE] 200-109-BopalSingh.svg
23-06-2018 21:54:16.6 [NOTICE] 201-110-Robinson.svg
23-06-2018 21:54:16.6 [NOTICE] 202-111-RajendraJamulkar.svg
23-06-2018 21:54:16.6 [NOTICE] 203-112-SardBhinggardire.svg
23-06-2018 21:57:04.1 [DEBUG] stderr: 
** (inkscape.exe:17716): WARNING **: Specified document out/svg/1-2-Sadana.svg cannot be opened (does not exist or not a valid SVG file)
out/svg/1-2-Sadana.svg:1: parser error : Document is empty

^
out/svg/1-2-Sadana.svg:1: parser error : Start tag expected, '<' not found

^
out/svg/1-2-Sadana.svg:1: parser error : Document is empty

^
out/svg/1-2-Sadana.svg:1: parser error : Start tag expected, '<' not found

^

23-06-2018 21:57:15.5 [DEBUG] stderr: 
** (inkscape.exe:17496): WARNING **: Specified document out/svg/2-3-PravinJumnake.svg cannot be opened (does not exist or not a valid SVG file)
out/svg/2-3-PravinJumnake.svg:1: parser error : Document is empty

^
out/svg/2-3-PravinJumnake.svg:1: parser error : Start tag expected, '<' not found

^
out/svg/2-3-PravinJumnake.svg:1: parser error : Document is empty

^
out/svg/2-3-PravinJumnake.svg:1: parser error : Start tag expected, '<' not found

^

23-06-2018 21:57:15.5 [DEBUG] stderr: 
** (inkscape.exe:17672): WARNING **: Specified document out/svg/4-5-Jyotiwasnik.svg cannot be opened (does not exist or not a valid SVG file)
out/svg/4-5-Jyotiwasnik.svg:1: parser error : Document is empty

^
out/svg/4-5-Jyotiwasnik.svg:1: parser error : Start tag expected, '<' not found

^
out/svg/4-5-Jyotiwasnik.svg:1: parser error : Document is empty

^
out/svg/4-5-Jyotiwasnik.svg:1: parser error : Start tag expected, '<' not found

^

23-06-2018 21:57:15.7 [DEBUG] stderr: 
** (inkscape.exe:21056): WARNING **: Specified document out/svg/77-4-D.Raju.svg cannot be opened (does not exist or not a valid SVG file)
out/svg/77-4-D.Raju.svg:1: parser error : Document is empty

^
out/svg/77-4-D.Raju.svg:1: parser error : Start tag expected, '<' not found

^
out/svg/77-4-D.Raju.svg:1: parser error : Document is empty

^
out/svg/77-4-D.Raju.svg:1: parser error : Start tag expected, '<' not found

^

23-06-2018 21:58:46.1 [DEBUG] stderr: 
** (inkscape.exe:19200): WARNING **: Can't open file: out/svg/39-40-B.Ravi (doesn't exist)

** (inkscape.exe:19200): WARNING **: Can't open file: out/svg/39-40-B.Ravi (doesn't exist)

** (inkscape.exe:19200): WARNING **: Specified document out/svg/39-40-B.Ravi cannot be opened (does not exist or not a valid SVG file)

** (inkscape.exe:19200): WARNING **: Can't open file: Joseph.svg (doesn't exist)

** (inkscape.exe:19200): WARNING **: Can't open file: Joseph.svg (doesn't exist)

** (inkscape.exe:19200): WARNING **: Specified document Joseph.svg cannot be opened (does not exist or not a valid SVG file)

** (inkscape.exe:19200): WARNING **: Can't open file: Joseph.png (doesn't exist)

** (inkscape.exe:19200): WARNING **: Specified document Joseph.png cannot be opened (does not exist or not a valid SVG file)

23-06-2018 21:58:46.1 [DEBUG] stderr: 
** (inkscape.exe:19216): WARNING **: Can't open file: out/svg/38-39-K.Ashok (doesn't exist)

** (inkscape.exe:19216): WARNING **: Can't open file: out/svg/38-39-K.Ashok (doesn't exist)

** (inkscape.exe:19216): WARNING **: Specified document out/svg/38-39-K.Ashok cannot be opened (does not exist or not a valid SVG file)

** (inkscape.exe:19216): WARNING **: Can't open file: Paul.svg (doesn't exist)

** (inkscape.exe:19216): WARNING **: Can't open file: Paul.svg (doesn't exist)

** (inkscape.exe:19216): WARNING **: Specified document Paul.svg cannot be opened (does not exist or not a valid SVG file)

** (inkscape.exe:19216): WARNING **: Can't open file: Paul.png (doesn't exist)

** (inkscape.exe:19216): WARNING **: Specified document Paul.png cannot be opened (does not exist or not a valid SVG file)

23-06-2018 21:58:47.7 [DEBUG] stderr: WARNING: unknown type: rdf:rdf
WARNING: unknown type: rdf:rdf

23-06-2018 21:58:47.8 [DEBUG] stderr: WARNING: unknown type: rdf:rdf
WARNING: unknown type: rdf:rdf

23-06-2018 21:58:47.8 [DEBUG] stderr: WARNING: unknown type: rdf:rdf
WARNING: unknown type: rdf:rdf

23-06-2018 21:58:47.8 [DEBUG] stderr: WARNING: unknown type: rdf:rdf
WARNING: unknown type: rdf:rdf

23-06-2018 21:58:47.8 [DEBUG] stderr: WARNING: unknown type: rdf:rdf
WARNING: unknown type: rdf:rdf

23-06-2018 21:58:47.8 [DEBUG] stderr: WARNING: unknown type: rdf:rdf
WARNING: unknown type: rdf:rdf

23-06-2018 21:58:47.8 [DEBUG] stderr: WARNING: unknown type: rdf:rdf
WARNING: unknown type: rdf:rdf

23-06-2018 21:58:55.6 [DEBUG] stderr: WARNING: unknown type: rdf:rdf
WARNING: unknown type: rdf:rdf

23-06-2018 21:58:48.0 [DEBUG] stderr: WARNING: unknown type: rdf:rdf
WARNING: unknown type: rdf:rdf

23-06-2018 21:58:47.8 [DEBUG] stderr: WARNING: unknown type: rdf:rdf
WARNING: unknown type: rdf:rdf

23-06-2018 21:58:55.6 [DEBUG] stderr: WARNING: unknown type: rdf:rdf
WARNING: unknown type: rdf:rdf

23-06-2018 21:58:55.6 [DEBUG] stderr: WARNING: unknown type: rdf:rdf
WARNING: unknown type: rdf:rdf

23-06-2018 21:58:55.6 [DEBUG] stderr: WARNING: unknown type: rdf:rdf
WARNING: unknown type: rdf:rdf

23-06-2018 21:58:55.6 [DEBUG] stderr: WARNING: unknown type: rdf:rdf
WARNING: unknown type: rdf:rdf

23-06-2018 21:58:55.6 [DEBUG] stderr: WARNING: unknown type: rdf:rdf
WARNING: unknown type: rdf:rdf

23-06-2018 21:58:55.7 [DEBUG] stderr: WARNING: unknown type: rdf:rdf
WARNING: unknown type: rdf:rdf

23-06-2018 21:58:55.7 [DEBUG] stderr: WARNING: unknown type: rdf:rdf
WARNING: unknown type: rdf:rdf

23-06-2018 21:58:55.7 [DEBUG] stderr: WARNING: unknown type: rdf:rdf
WARNING: unknown type: rdf:rdf

23-06-2018 21:58:55.7 [DEBUG] stderr: WARNING: unknown type: rdf:rdf
WARNING: unknown type: rdf:rdf

23-06-2018 21:58:55.7 [DEBUG] stderr: WARNING: unknown type: rdf:rdf
WARNING: unknown type: rdf:rdf

23-06-2018 21:58:55.7 [DEBUG] stderr: WARNING: unknown type: rdf:rdf
WARNING: unknown type: rdf:rdf

23-06-2018 21:58:55.7 [DEBUG] stderr: WARNING: unknown type: rdf:rdf
WARNING: unknown type: rdf:rdf

23-06-2018 21:58:55.7 [DEBUG] stderr: WARNING: unknown type: rdf:rdf
WARNING: unknown type: rdf:rdf

23-06-2018 21:58:55.7 [DEBUG] stderr: WARNING: unknown type: rdf:rdf
WARNING: unknown type: rdf:rdf

23-06-2018 21:58:55.7 [DEBUG] stderr: WARNING: unknown type: rdf:rdf
WARNING: unknown type: rdf:rdf

23-06-2018 21:58:55.7 [DEBUG] stderr: WARNING: unknown type: rdf:rdf
WARNING: unknown type: rdf:rdf

23-06-2018 21:58:55.7 [DEBUG] stderr: WARNING: unknown type: rdf:rdf
WARNING: unknown type: rdf:rdf

23-06-2018 21:58:55.7 [DEBUG] stderr: WARNING: unknown type: rdf:rdf
WARNING: unknown type: rdf:rdf

23-06-2018 21:58:55.7 [DEBUG] stderr: WARNING: unknown type: rdf:rdf
WARNING: unknown type: rdf:rdf

23-06-2018 21:58:55.7 [DEBUG] stderr: WARNING: unknown type: rdf:rdf
WARNING: unknown type: rdf:rdf

23-06-2018 21:58:55.7 [DEBUG] stderr: WARNING: unknown type: rdf:rdf
WARNING: unknown type: rdf:rdf

23-06-2018 21:58:55.7 [DEBUG] stderr: WARNING: unknown type: rdf:rdf
WARNING: unknown type: rdf:rdf

23-06-2018 21:58:55.7 [DEBUG] stderr: WARNING: unknown type: rdf:rdf
WARNING: unknown type: rdf:rdf

23-06-2018 21:58:55.7 [DEBUG] stderr: WARNING: unknown type: rdf:rdf
WARNING: unknown type: rdf:rdf

23-06-2018 21:58:55.7 [DEBUG] stderr: WARNING: unknown type: rdf:rdf
WARNING: unknown type: rdf:rdf

23-06-2018 21:58:55.7 [DEBUG] stderr: WARNING: unknown type: rdf:rdf
WARNING: unknown type: rdf:rdf

23-06-2018 21:58:55.7 [DEBUG] stderr: WARNING: unknown type: rdf:rdf
WARNING: unknown type: rdf:rdf

23-06-2018 21:58:55.7 [DEBUG] stderr: WARNING: unknown type: rdf:rdf
WARNING: unknown type: rdf:rdf

23-06-2018 21:58:55.7 [DEBUG] stderr: WARNING: unknown type: rdf:rdf
WARNING: unknown type: rdf:rdf

23-06-2018 21:58:55.7 [DEBUG] stderr: WARNING: unknown type: rdf:rdf
WARNING: unknown type: rdf:rdf

23-06-2018 21:58:55.8 [DEBUG] stderr: WARNING: unknown type: rdf:rdf
WARNING: unknown type: rdf:rdf

23-06-2018 21:58:55.8 [DEBUG] stderr: WARNING: unknown type: rdf:rdf
WARNING: unknown type: rdf:rdf

23-06-2018 21:58:56.0 [DEBUG] stderr: WARNING: unknown type: rdf:rdf
WARNING: unknown type: rdf:rdf

23-06-2018 21:58:56.0 [DEBUG] stderr: WARNING: unknown type: rdf:rdf
WARNING: unknown type: rdf:rdf

23-06-2018 21:58:56.0 [DEBUG] stderr: WARNING: unknown type: rdf:rdf
WARNING: unknown type: rdf:rdf

23-06-2018 21:58:56.0 [DEBUG] stderr: WARNING: unknown type: rdf:rdf
WARNING: unknown type: rdf:rdf

23-06-2018 21:58:56.0 [DEBUG] stderr: WARNING: unknown type: rdf:rdf
WARNING: unknown type: rdf:rdf

23-06-2018 21:58:56.0 [DEBUG] stderr: WARNING: unknown type: rdf:rdf
WARNING: unknown type: rdf:rdf

23-06-2018 21:58:56.0 [DEBUG] stderr: WARNING: unknown type: rdf:rdf
WARNING: unknown type: rdf:rdf

23-06-2018 21:58:56.0 [DEBUG] stderr: WARNING: unknown type: rdf:rdf
WARNING: unknown type: rdf:rdf

23-06-2018 21:58:56.0 [DEBUG] stderr: WARNING: unknown type: rdf:rdf
WARNING: unknown type: rdf:rdf

23-06-2018 21:58:56.0 [DEBUG] stderr: WARNING: unknown type: rdf:rdf
WARNING: unknown type: rdf:rdf

23-06-2018 21:58:56.0 [DEBUG] stderr: WARNING: unknown type: rdf:rdf
WARNING: unknown type: rdf:rdf

23-06-2018 21:58:56.0 [DEBUG] stderr: WARNING: unknown type: rdf:rdf
WARNING: unknown type: rdf:rdf

23-06-2018 21:58:56.0 [DEBUG] stderr: WARNING: unknown type: rdf:rdf
WARNING: unknown type: rdf:rdf

23-06-2018 21:58:56.0 [DEBUG] stderr: WARNING: unknown type: rdf:rdf
WARNING: unknown type: rdf:rdf

23-06-2018 21:58:56.0 [DEBUG] stderr: WARNING: unknown type: rdf:rdf
WARNING: unknown type: rdf:rdf

23-06-2018 21:58:56.0 [DEBUG] stderr: WARNING: unknown type: rdf:rdf
WARNING: unknown type: rdf:rdf

23-06-2018 21:58:56.0 [DEBUG] stderr: WARNING: unknown type: rdf:rdf
WARNING: unknown type: rdf:rdf

23-06-2018 21:58:56.0 [DEBUG] stderr: WARNING: unknown type: rdf:rdf
WARNING: unknown type: rdf:rdf

23-06-2018 21:58:56.0 [DEBUG] stderr: WARNING: unknown type: rdf:rdf
WARNING: unknown type: rdf:rdf

23-06-2018 21:58:56.0 [DEBUG] stderr: WARNING: unknown type: rdf:rdf
WARNING: unknown type: rdf:rdf

23-06-2018 21:58:56.0 [DEBUG] stderr: WARNING: unknown type: rdf:rdf
WARNING: unknown type: rdf:rdf

23-06-2018 21:58:56.0 [DEBUG] stderr: WARNING: unknown type: rdf:rdf
WARNING: unknown type: rdf:rdf

23-06-2018 21:58:56.0 [DEBUG] stderr: WARNING: unknown type: rdf:rdf
WARNING: unknown type: rdf:rdf

23-06-2018 21:58:56.0 [DEBUG] stderr: WARNING: unknown type: rdf:rdf
WARNING: unknown type: rdf:rdf

23-06-2018 21:58:56.0 [DEBUG] stderr: WARNING: unknown type: rdf:rdf
WARNING: unknown type: rdf:rdf

23-06-2018 21:58:56.0 [DEBUG] stderr: WARNING: unknown type: rdf:rdf
WARNING: unknown type: rdf:rdf

23-06-2018 21:58:56.0 [DEBUG] stderr: WARNING: unknown type: rdf:rdf
WARNING: unknown type: rdf:rdf

23-06-2018 21:58:56.0 [DEBUG] stderr: WARNING: unknown type: rdf:rdf
WARNING: unknown type: rdf:rdf

23-06-2018 21:58:56.0 [DEBUG] stderr: WARNING: unknown type: rdf:rdf
WARNING: unknown type: rdf:rdf

23-06-2018 21:58:56.0 [DEBUG] stderr: WARNING: unknown type: rdf:rdf
WARNING: unknown type: rdf:rdf

23-06-2018 21:58:56.0 [DEBUG] stderr: WARNING: unknown type: rdf:rdf
WARNING: unknown type: rdf:rdf

23-06-2018 21:58:56.0 [DEBUG] stderr: WARNING: unknown type: rdf:rdf
WARNING: unknown type: rdf:rdf

23-06-2018 21:58:56.0 [DEBUG] stderr: WARNING: unknown type: rdf:rdf
WARNING: unknown type: rdf:rdf

23-06-2018 21:58:56.0 [DEBUG] stderr: WARNING: unknown type: rdf:rdf
WARNING: unknown type: rdf:rdf

23-06-2018 21:58:56.1 [DEBUG] stderr: WARNING: unknown type: rdf:rdf
WARNING: unknown type: rdf:rdf

23-06-2018 21:58:56.1 [DEBUG] stderr: WARNING: unknown type: rdf:rdf
WARNING: unknown type: rdf:rdf

23-06-2018 21:58:56.1 [DEBUG] stderr: WARNING: unknown type: rdf:rdf
WARNING: unknown type: rdf:rdf

23-06-2018 21:58:56.1 [DEBUG] stderr: WARNING: unknown type: rdf:rdf
WARNING: unknown type: rdf:rdf

23-06-2018 21:58:56.1 [DEBUG] stderr: WARNING: unknown type: rdf:rdf
WARNING: unknown type: rdf:rdf

23-06-2018 21:58:56.1 [DEBUG] stderr: WARNING: unknown type: rdf:rdf
WARNING: unknown type: rdf:rdf

23-06-2018 21:58:56.1 [DEBUG] stderr: WARNING: unknown type: rdf:rdf
WARNING: unknown type: rdf:rdf

23-06-2018 21:58:56.1 [DEBUG] stderr: WARNING: unknown type: rdf:rdf
WARNING: unknown type: rdf:rdf

23-06-2018 21:59:33.7 [DEBUG] stderr: WARNING: unknown type: rdf:rdf
WARNING: unknown type: rdf:rdf

23-06-2018 21:59:33.7 [DEBUG] stderr: WARNING: unknown type: rdf:rdf
WARNING: unknown type: rdf:rdf

23-06-2018 21:59:33.7 [DEBUG] stderr: WARNING: unknown type: rdf:rdf
WARNING: unknown type: rdf:rdf

23-06-2018 21:59:33.7 [DEBUG] stderr: WARNING: unknown type: rdf:rdf
WARNING: unknown type: rdf:rdf

23-06-2018 21:59:33.7 [DEBUG] stderr: WARNING: unknown type: rdf:rdf
WARNING: unknown type: rdf:rdf

23-06-2018 21:59:33.7 [DEBUG] stderr: WARNING: unknown type: rdf:rdf
WARNING: unknown type: rdf:rdf

23-06-2018 21:59:33.7 [DEBUG] stderr: WARNING: unknown type: rdf:rdf
WARNING: unknown type: rdf:rdf

23-06-2018 21:59:33.7 [DEBUG] stderr: WARNING: unknown type: rdf:rdf
WARNING: unknown type: rdf:rdf

23-06-2018 21:59:33.7 [DEBUG] stderr: WARNING: unknown type: rdf:rdf
WARNING: unknown type: rdf:rdf

23-06-2018 21:59:33.7 [DEBUG] stderr: WARNING: unknown type: rdf:rdf
WARNING: unknown type: rdf:rdf

23-06-2018 21:59:33.7 [DEBUG] stderr: WARNING: unknown type: rdf:rdf
WARNING: unknown type: rdf:rdf

23-06-2018 21:59:33.8 [DEBUG] stderr: WARNING: unknown type: rdf:rdf
WARNING: unknown type: rdf:rdf

23-06-2018 21:59:33.9 [DEBUG] stderr: WARNING: unknown type: rdf:rdf
WARNING: unknown type: rdf:rdf

23-06-2018 21:59:33.9 [DEBUG] stderr: WARNING: unknown type: rdf:rdf
WARNING: unknown type: rdf:rdf

23-06-2018 21:59:34.7 [DEBUG] stderr: WARNING: unknown type: rdf:rdf
WARNING: unknown type: rdf:rdf

23-06-2018 21:59:34.8 [DEBUG] stderr: WARNING: unknown type: rdf:rdf
WARNING: unknown type: rdf:rdf

23-06-2018 21:59:34.8 [DEBUG] stderr: WARNING: unknown type: rdf:rdf
WARNING: unknown type: rdf:rdf

23-06-2018 21:59:34.8 [DEBUG] stderr: WARNING: unknown type: rdf:rdf
WARNING: unknown type: rdf:rdf

23-06-2018 21:59:35.2 [DEBUG] stderr: WARNING: unknown type: rdf:rdf
WARNING: unknown type: rdf:rdf

23-06-2018 21:59:35.2 [DEBUG] stderr: WARNING: unknown type: rdf:rdf
WARNING: unknown type: rdf:rdf

23-06-2018 21:59:35.2 [DEBUG] stderr: WARNING: unknown type: rdf:rdf
WARNING: unknown type: rdf:rdf

23-06-2018 21:59:35.2 [DEBUG] stderr: WARNING: unknown type: rdf:rdf
WARNING: unknown type: rdf:rdf

23-06-2018 21:59:35.2 [DEBUG] stderr: WARNING: unknown type: rdf:rdf
WARNING: unknown type: rdf:rdf

23-06-2018 21:59:35.2 [DEBUG] stderr: WARNING: unknown type: rdf:rdf
WARNING: unknown type: rdf:rdf

23-06-2018 21:59:35.5 [DEBUG] stderr: WARNING: unknown type: rdf:rdf
WARNING: unknown type: rdf:rdf

23-06-2018 21:59:35.5 [DEBUG] stderr: WARNING: unknown type: rdf:rdf
WARNING: unknown type: rdf:rdf

23-06-2018 21:59:35.5 [DEBUG] stderr: WARNING: unknown type: rdf:rdf
WARNING: unknown type: rdf:rdf

23-06-2018 21:59:40.2 [DEBUG] stderr: WARNING: unknown type: rdf:rdf
WARNING: unknown type: rdf:rdf

23-06-2018 21:59:41.5 [DEBUG] stderr: WARNING: unknown type: rdf:rdf
WARNING: unknown type: rdf:rdf

23-06-2018 21:59:41.5 [DEBUG] stderr: WARNING: unknown type: rdf:rdf
WARNING: unknown type: rdf:rdf

23-06-2018 21:59:41.5 [DEBUG] stderr: WARNING: unknown type: rdf:rdf
WARNING: unknown type: rdf:rdf

23-06-2018 21:59:41.5 [DEBUG] stderr: WARNING: unknown type: rdf:rdf
WARNING: unknown type: rdf:rdf

23-06-2018 21:59:41.5 [DEBUG] stderr: WARNING: unknown type: rdf:rdf
WARNING: unknown type: rdf:rdf

23-06-2018 21:59:41.5 [DEBUG] stderr: WARNING: unknown type: rdf:rdf
WARNING: unknown type: rdf:rdf

23-06-2018 21:59:41.5 [DEBUG] stderr: WARNING: unknown type: rdf:rdf
WARNING: unknown type: rdf:rdf

23-06-2018 21:59:41.5 [DEBUG] stderr: WARNING: unknown type: rdf:rdf
WARNING: unknown type: rdf:rdf

23-06-2018 21:59:41.5 [DEBUG] stderr: WARNING: unknown type: rdf:rdf
WARNING: unknown type: rdf:rdf

23-06-2018 21:59:41.5 [DEBUG] stderr: WARNING: unknown type: rdf:rdf
WARNING: unknown type: rdf:rdf

23-06-2018 21:59:43.2 [DEBUG] stderr: WARNING: unknown type: rdf:rdf
WARNING: unknown type: rdf:rdf

23-06-2018 21:59:43.2 [DEBUG] stderr: WARNING: unknown type: rdf:rdf
WARNING: unknown type: rdf:rdf

23-06-2018 21:59:43.2 [DEBUG] stderr: WARNING: unknown type: rdf:rdf
WARNING: unknown type: rdf:rdf

23-06-2018 21:59:43.4 [DEBUG] stderr: WARNING: unknown type: rdf:rdf
WARNING: unknown type: rdf:rdf

23-06-2018 21:59:43.4 [DEBUG] stderr: WARNING: unknown type: rdf:rdf
WARNING: unknown type: rdf:rdf

23-06-2018 21:59:43.4 [DEBUG] stderr: 
** (inkscape.exe:23212): WARNING **: Can't open file: out/svg/119-46-Anitamaroti (doesn't exist)

** (inkscape.exe:23212): WARNING **: Can't open file: out/svg/119-46-Anitamaroti (doesn't exist)

** (inkscape.exe:23212): WARNING **: Specified document out/svg/119-46-Anitamaroti cannot be opened (does not exist or not a valid SVG file)

** (inkscape.exe:23212): WARNING **: Can't open file: durge.svg (doesn't exist)

** (inkscape.exe:23212): WARNING **: Can't open file: durge.svg (doesn't exist)

** (inkscape.exe:23212): WARNING **: Specified document durge.svg cannot be opened (does not exist or not a valid SVG file)

** (inkscape.exe:23212): WARNING **: Can't open file: durge.png (doesn't exist)

** (inkscape.exe:23212): WARNING **: Specified document durge.png cannot be opened (does not exist or not a valid SVG file)

23-06-2018 21:59:43.4 [DEBUG] stderr: WARNING: unknown type: rdf:rdf
WARNING: unknown type: rdf:rdf

23-06-2018 21:59:43.4 [DEBUG] stderr: WARNING: unknown type: rdf:rdf
WARNING: unknown type: rdf:rdf

23-06-2018 21:59:43.4 [DEBUG] stderr: WARNING: unknown type: rdf:rdf
WARNING: unknown type: rdf:rdf

23-06-2018 21:59:43.4 [DEBUG] stderr: WARNING: unknown type: rdf:rdf
WARNING: unknown type: rdf:rdf

23-06-2018 21:59:43.4 [DEBUG] stderr: WARNING: unknown type: rdf:rdf
WARNING: unknown type: rdf:rdf

23-06-2018 21:59:43.4 [DEBUG] stderr: WARNING: unknown type: rdf:rdf
WARNING: unknown type: rdf:rdf

23-06-2018 21:59:44.0 [DEBUG] stderr: WARNING: unknown type: rdf:rdf
WARNING: unknown type: rdf:rdf

23-06-2018 21:59:44.0 [DEBUG] stderr: WARNING: unknown type: rdf:rdf
WARNING: unknown type: rdf:rdf

23-06-2018 21:59:44.0 [DEBUG] stderr: WARNING: unknown type: rdf:rdf
WARNING: unknown type: rdf:rdf

23-06-2018 21:59:44.0 [DEBUG] stderr: WARNING: unknown type: rdf:rdf
WARNING: unknown type: rdf:rdf

23-06-2018 21:59:44.0 [DEBUG] stderr: WARNING: unknown type: rdf:rdf
WARNING: unknown type: rdf:rdf

23-06-2018 21:59:44.1 [DEBUG] stderr: WARNING: unknown type: rdf:rdf
WARNING: unknown type: rdf:rdf

23-06-2018 21:59:44.6 [DEBUG] stderr: 
** (inkscape.exe:24380): WARNING **: Can't open file: out/svg/142-6-Sanjay (doesn't exist)

** (inkscape.exe:24380): WARNING **: Can't open file: out/svg/142-6-Sanjay (doesn't exist)

** (inkscape.exe:24380): WARNING **: Specified document out/svg/142-6-Sanjay cannot be opened (does not exist or not a valid SVG file)

** (inkscape.exe:24380): WARNING **: Can't open file: Bellore.svg (doesn't exist)

** (inkscape.exe:24380): WARNING **: Can't open file: Bellore.svg (doesn't exist)

** (inkscape.exe:24380): WARNING **: Specified document Bellore.svg cannot be opened (does not exist or not a valid SVG file)

** (inkscape.exe:24380): WARNING **: Can't open file: Bellore.png (doesn't exist)

** (inkscape.exe:24380): WARNING **: Specified document Bellore.png cannot be opened (does not exist or not a valid SVG file)

23-06-2018 21:59:45.9 [DEBUG] stderr: WARNING: unknown type: rdf:rdf
WARNING: unknown type: rdf:rdf

23-06-2018 21:59:49.7 [DEBUG] stderr: WARNING: unknown type: rdf:rdf
WARNING: unknown type: rdf:rdf

23-06-2018 21:59:49.7 [DEBUG] stderr: WARNING: unknown type: rdf:rdf
WARNING: unknown type: rdf:rdf

23-06-2018 21:59:49.7 [DEBUG] stderr: WARNING: unknown type: rdf:rdf
WARNING: unknown type: rdf:rdf

23-06-2018 21:59:50.5 [DEBUG] stderr: WARNING: unknown type: rdf:rdf
WARNING: unknown type: rdf:rdf

23-06-2018 21:59:50.5 [DEBUG] stderr: WARNING: unknown type: rdf:rdf
WARNING: unknown type: rdf:rdf

23-06-2018 21:59:50.5 [DEBUG] stderr: WARNING: unknown type: rdf:rdf
WARNING: unknown type: rdf:rdf

23-06-2018 21:59:50.5 [DEBUG] stderr: WARNING: unknown type: rdf:rdf
WARNING: unknown type: rdf:rdf

23-06-2018 21:59:51.5 [DEBUG] stderr: WARNING: unknown type: rdf:rdf
WARNING: unknown type: rdf:rdf

23-06-2018 21:59:51.5 [DEBUG] stderr: WARNING: unknown type: rdf:rdf
WARNING: unknown type: rdf:rdf

23-06-2018 21:59:51.5 [DEBUG] stderr: WARNING: unknown type: rdf:rdf
WARNING: unknown type: rdf:rdf

23-06-2018 21:59:51.5 [DEBUG] stderr: WARNING: unknown type: rdf:rdf
WARNING: unknown type: rdf:rdf

23-06-2018 21:59:51.5 [DEBUG] stderr: WARNING: unknown type: rdf:rdf
WARNING: unknown type: rdf:rdf

23-06-2018 21:59:51.5 [DEBUG] stderr: WARNING: unknown type: rdf:rdf
WARNING: unknown type: rdf:rdf

23-06-2018 21:59:51.5 [DEBUG] stderr: WARNING: unknown type: rdf:rdf
WARNING: unknown type: rdf:rdf

23-06-2018 21:59:51.5 [DEBUG] stderr: WARNING: unknown type: rdf:rdf
WARNING: unknown type: rdf:rdf

23-06-2018 21:59:52.0 [DEBUG] stderr: WARNING: unknown type: rdf:rdf
WARNING: unknown type: rdf:rdf

23-06-2018 21:59:51.5 [DEBUG] stderr: WARNING: unknown type: rdf:rdf
WARNING: unknown type: rdf:rdf

23-06-2018 21:59:52.0 [DEBUG] stderr: WARNING: unknown type: rdf:rdf
WARNING: unknown type: rdf:rdf

23-06-2018 21:59:54.5 [DEBUG] stderr: WARNING: unknown type: rdf:rdf
WARNING: unknown type: rdf:rdf

23-06-2018 21:59:54.5 [DEBUG] stderr: WARNING: unknown type: rdf:rdf
WARNING: unknown type: rdf:rdf

23-06-2018 21:59:54.5 [DEBUG] stderr: WARNING: unknown type: rdf:rdf
WARNING: unknown type: rdf:rdf

23-06-2018 21:59:54.5 [DEBUG] stderr: WARNING: unknown type: rdf:rdf
WARNING: unknown type: rdf:rdf

23-06-2018 21:59:58.2 [DEBUG] stderr: WARNING: unknown type: rdf:rdf
WARNING: unknown type: rdf:rdf

23-06-2018 21:59:58.2 [DEBUG] stderr: WARNING: unknown type: rdf:rdf
WARNING: unknown type: rdf:rdf

23-06-2018 21:59:58.2 [DEBUG] stderr: WARNING: unknown type: rdf:rdf
WARNING: unknown type: rdf:rdf

23-06-2018 21:59:58.2 [DEBUG] stderr: WARNING: unknown type: rdf:rdf
WARNING: unknown type: rdf:rdf

23-06-2018 21:59:58.2 [DEBUG] stderr: WARNING: unknown type: rdf:rdf
WARNING: unknown type: rdf:rdf

23-06-2018 21:59:58.2 [DEBUG] stderr: WARNING: unknown type: rdf:rdf
WARNING: unknown type: rdf:rdf

23-06-2018 21:59:58.2 [DEBUG] stderr: WARNING: unknown type: rdf:rdf
WARNING: unknown type: rdf:rdf

23-06-2018 21:59:58.3 [DEBUG] stderr: WARNING: unknown type: rdf:rdf
WARNING: unknown type: rdf:rdf

23-06-2018 21:59:59.8 [DEBUG] stderr: WARNING: unknown type: rdf:rdf
WARNING: unknown type: rdf:rdf

23-06-2018 21:59:59.8 [DEBUG] stderr: WARNING: unknown type: rdf:rdf
WARNING: unknown type: rdf:rdf

23-06-2018 21:59:59.8 [DEBUG] stderr: WARNING: unknown type: rdf:rdf
WARNING: unknown type: rdf:rdf

23-06-2018 22:00:04.3 [DEBUG] stderr: WARNING: unknown type: rdf:rdf
WARNING: unknown type: rdf:rdf

23-06-2018 22:00:04.3 [DEBUG] stderr: WARNING: unknown type: rdf:rdf
WARNING: unknown type: rdf:rdf

23-06-2018 22:00:04.4 [DEBUG] stderr: WARNING: unknown type: rdf:rdf
WARNING: unknown type: rdf:rdf

23-06-2018 22:00:04.4 [DEBUG] stderr: WARNING: unknown type: rdf:rdf
WARNING: unknown type: rdf:rdf

23-06-2018 22:00:04.4 [DEBUG] stderr: WARNING: unknown type: rdf:rdf
WARNING: unknown type: rdf:rdf

23-06-2018 22:00:09.0 [DEBUG] stderr: WARNING: unknown type: rdf:rdf
WARNING: unknown type: rdf:rdf

23-06-2018 22:00:09.6 [DEBUG] stderr: WARNING: unknown type: rdf:rdf
WARNING: unknown type: rdf:rdf

23-06-2018 22:00:09.6 [DEBUG] stderr: WARNING: unknown type: rdf:rdf
WARNING: unknown type: rdf:rdf

23-06-2018 22:00:10.0 [DEBUG] stderr: WARNING: unknown type: rdf:rdf
WARNING: unknown type: rdf:rdf

23-06-2018 22:00:10.1 [DEBUG] stderr: WARNING: unknown type: rdf:rdf
WARNING: unknown type: rdf:rdf

23-06-2018 22:00:10.1 [DEBUG] stderr: WARNING: unknown type: rdf:rdf
WARNING: unknown type: rdf:rdf

23-06-2018 22:00:10.1 [DEBUG] stderr: WARNING: unknown type: rdf:rdf
WARNING: unknown type: rdf:rdf

23-06-2018 22:00:10.3 [DEBUG] stderr: WARNING: unknown type: rdf:rdf
WARNING: unknown type: rdf:rdf

23-06-2018 22:00:10.4 [DEBUG] stderr: WARNING: unknown type: rdf:rdf
WARNING: unknown type: rdf:rdf

23-06-2018 22:00:10.4 [DEBUG] stderr: WARNING: unknown type: rdf:rdf
WARNING: unknown type: rdf:rdf

23-06-2018 22:00:10.4 [DEBUG] stderr: WARNING: unknown type: rdf:rdf
WARNING: unknown type: rdf:rdf

23-06-2018 22:00:11.8 [DEBUG] stderr: WARNING: unknown type: rdf:rdf
WARNING: unknown type: rdf:rdf

23-06-2018 22:00:11.8 [DEBUG] stderr: WARNING: unknown type: rdf:rdf
WARNING: unknown type: rdf:rdf

23-06-2018 22:00:12.8 [DEBUG] stderr: WARNING: unknown type: rdf:rdf
WARNING: unknown type: rdf:rdf

23-06-2018 22:00:12.8 [DEBUG] stderr: WARNING: unknown type: rdf:rdf
WARNING: unknown type: rdf:rdf

23-06-2018 22:00:12.8 [DEBUG] stderr: WARNING: unknown type: rdf:rdf
WARNING: unknown type: rdf:rdf

23-06-2018 22:00:12.8 [DEBUG] stderr: WARNING: unknown type: rdf:rdf
WARNING: unknown type: rdf:rdf

23-06-2018 22:00:12.8 [DEBUG] stderr: WARNING: unknown type: rdf:rdf
WARNING: unknown type: rdf:rdf

